q;1556055525528;-0.015452138,-0.085515305,0.0014703741,0.99621594,
v;1556055525528;-0.0305406008451495,-0.171345574843146,0.00557503748200113
q;1556055525558;-0.014601125,-0.09682851,-0.00034166456,0.9951939,
v;1556055525558;-0.0291321873037953,-0.19401296701472,0.00214847866205867
q;1556055525588;-0.013289088,-0.1181574,-0.0016739069,0.99290454,
v;1556055525588;-0.0267883644365694,-0.236887044486392,-0.000183717264550838
q;1556055525618;-0.012882761,-0.15220656,-0.0018776242,0.98826295,
v;1556055525618;-0.0260376261905902,-0.305629771385262,0.000210579988173022
q;1556055525648;-0.014931193,-0.19140533,-0.00016714526,0.9813975,
v;1556055525648;-0.0293750803728272,-0.38531016510183,0.00539009943351948
q;1556055525679;-0.015282169,-0.23091319,-0.000768443,0.972854,
v;1556055525679;-0.0300940679873528,-0.466171575990073,0.0055650916382355
q;1556055525710;-0.013257634,-0.27160645,-0.004508947,0.96230656,
v;1556055525710;-0.02796878081214,-0.550158387580396,-0.00147683887084054
q;1556055525751;-0.011920531,-0.32317275,-0.006665944,0.94624144,
v;1556055525751;-0.0268711373823099,-0.6581581738911,-0.00491219641604103
q;1556055525782;-0.008715034,-0.3582278,-0.009671695,0.93354344,
v;1556055525782;-0.0232031476702321,-0.732665988393679,-0.0118174159286371
q;1556055525813;-0.0077496106,-0.3903237,-0.012378487,0.92056185,
v;1556055525813;-0.0239335102724349,-0.801856334456706,-0.0167461908758597
q;1556055525844;-0.009568736,-0.4141602,-0.011697056,0.9100785,
v;1556055525844;-0.0271088321237167,-0.853962599751988,-0.0133698096509463
q;1556055525874;-0.009492572,-0.4278914,-0.01363601,0.9036774,
v;1556055525874;-0.0288299019470203,-0.88420945988378,-0.0165291493558722
q;1556055525904;-0.009445861,-0.43453965,-0.018600428,0.90041107,
v;1556055525904;-0.0331816511854306,-0.898844348677178,-0.0253034874496033
q;1556055525933;-0.010658731,-0.4358113,-0.02220334,0.899701,
v;1556055525933;-0.0385418162385421,-0.901581289966165,-0.0306899491467906
q;1556055525963;-0.0114701195,-0.42946568,-0.025238184,0.90265757,
v;1556055525963;-0.0423977491038975,-0.887409698560863,-0.0357505657381411
q;1556055525993;-0.011621785,-0.41711545,-0.030054191,0.9082821,
v;1556055525993;-0.0462002871182577,-0.859976244243788,-0.0449632255869237
q;1556055526023;-0.011724721,-0.40142536,-0.033690874,0.9151968,
v;1556055526023;-0.0485286422132975,-0.825432933358148,-0.0523398440214269
q;1556055526053;-0.011508996,-0.38235307,-0.036060795,0.92324066,
v;1556055526053;-0.0488464796008055,-0.783862197962057,-0.0578859111624833
q;1556055526083;-0.010938111,-0.35794926,-0.038760103,0.9328721,
v;1556055526083;-0.0481746492967298,-0.731206975356757,-0.0646056951304749
q;1556055526113;-0.010486605,-0.32906267,-0.04212394,0.9433098,
v;1556055526113;-0.0475249549911619,-0.669550201718846,-0.0727164486513549
q;1556055526144;-0.009756896,-0.29664415,-0.04537241,0.95385975,
v;1556055526144;-0.0455480883467771,-0.601178886885924,-0.080941386980523
q;1556055526174;-0.008921349,-0.2602916,-0.048102055,0.96428984,
v;1556055526174;-0.0422592310508965,-0.525427201518626,-0.0883178572115947
q;1556055526204;-0.007642549,-0.22087142,-0.050667405,0.973956,
v;1556055526204;-0.037277609307507,-0.444229397884092,-0.0955311118741494
q;1556055526234;-0.0078113885,-0.1796712,-0.050695304,0.98238856,
v;1556055526234;-0.0335709150253191,-0.360156216591893,-0.0970046443378308
q;1556055526265;-0.007541933,-0.13851038,-0.050616816,0.9890379,
v;1556055526265;-0.0289444653460313,-0.276858384071168,-0.0982336205836571
q;1556055526295;-0.008008703,-0.09919516,-0.050094582,0.993774,
v;1556055526295;-0.0258588435681564,-0.197703843978558,-0.0981668958635022
q;1556055526325;-0.009050347,-0.06250718,-0.04707308,0.99689275,
v;1556055526325;-0.0239315458639709,-0.124127814745848,-0.0928822525345131
q;1556055526355;-0.009082073,-0.02657304,-0.04574433,0.9985584,
v;1556055526355;-0.0205705430862581,-0.0522734151881927,-0.091018944885893
q;1556055526388;-0.0093321875,0.010851075,-0.044328872,0.9989145,
v;1556055526388;-0.0176830045228539,0.0225113834162204,-0.088894947101412
q;1556055526419;-0.009792136,0.04487905,-0.04219784,0.9980528,
v;1556055526419;-0.0157591918597634,0.0905446333019653,-0.0852239659040495
q;1556055526452;-0.009905597,0.07856981,-0.03955186,0.99607444,
v;1556055526452;-0.0135186714811186,0.157976982533128,-0.0804438314736661
q;1556055526482;-0.009974689,0.105603494,-0.03555943,0.99372226,
v;1556055526482;-0.0123140520927833,0.212195273864707,-0.0728490543275178
q;1556055526513;-0.009470811,0.13053195,-0.032420862,0.9908687,
v;1556055526513;-0.0103049260735765,0.262305539945012,-0.0667752778172165
q;1556055526543;-0.008939996,0.15300545,-0.029826354,0.9877347,
v;1556055526543;-0.00853360267535516,0.30763120975604,-0.0616981675037612
q;1556055526573;-0.008892922,0.16957556,-0.026609885,0.98511773,
v;1556055526573;-0.00849648019329022,0.341169205636638,-0.0554742330487713
q;1556055526603;-0.00907655,0.17955285,-0.023107294,0.98343503,
v;1556055526603;-0.00955457882833323,0.361409183195368,-0.0487299924752956
q;1556055526633;-0.009737728,0.18440881,-0.01877599,0.982622,
v;1556055526633;-0.0122123991434402,0.371271972064103,-0.0405049418350226
q;1556055526664;-0.010808269,0.182825,-0.01561041,0.98296213,
v;1556055526664;-0.0155409173856726,0.368054594167231,-0.0346520453544381
q;1556055526696;-0.012874556,0.1729413,-0.011665215,0.9847789,
v;1556055526696;-0.0213240033115058,0.347975961502417,-0.0274380799587221
q;1556055526727;-0.0148517145,0.15990327,-0.008739372,0.9869823,
v;1556055526727;-0.0265249606185183,0.321525387276109,-0.0220104054138706
q;1556055526758;-0.01632289,0.14319286,-0.0067198547,0.98953736,
v;1556055526758;-0.0303844235307586,0.287691866469648,-0.0179830063865995
q;1556055526789;-0.016945885,0.12297157,-0.005444695,0.99225056,
v;1556055526789;-0.0322956561966924,0.246848457495266,-0.0149810996054175
q;1556055526819;-0.018209301,0.09894476,-0.003062566,0.9949216,
v;1556055526819;-0.0356351455393989,0.198420672403139,-0.00970376873549482
q;1556055526849;-0.020047292,0.073833466,-0.0020547002,0.997067,
v;1556055526849;-0.0396839903412131,0.147971679113368,-0.00706328928908912
q;1556055526879;-0.021775551,0.047298938,-0.0021067022,0.9986412,
v;1556055526879;-0.043306170181061,0.0947917202745697,-0.00627352305144007
q;1556055526910;-0.02399483,0.016803049,-0.0024959473,0.99956775,
v;1556055526910;-0.047903356208299,0.0337564782452634,-0.00580279864975501
q;1556055526961;-0.027475959,-0.03403812,0.00039761094,0.9990427,
v;1556055526961;-0.0548998184333192,-0.0681884041331232,0.00266894483354423
q;1556055527009;-0.032061003,-0.07928791,0.0026592794,0.9963325,
v;1556055527009;-0.0635078229431222,-0.159155318143626,0.010404314674248
q;1556055527056;-0.03605589,-0.118507765,0.002512923,0.99229515,
v;1556055527056;-0.0710202556224735,-0.238211914156782,0.013567545814889
q;1556055527091;-0.039149784,-0.14505398,0.0036450827,0.9886422,
v;1556055527091;-0.0764271712177599,-0.292073901464408,0.018620457614309
q;1556055527123;-0.04044404,-0.16430816,0.002991063,0.9855751,
v;1556055527123;-0.0788199526798507,-0.331146465094865,0.0192473476434972
q;1556055527154;-0.041117568,-0.17949885,0.0027023146,0.98289484,
v;1556055527154;-0.0799434915427686,-0.362069676220748,0.0201389708669919
q;1556055527188;-0.041025646,-0.18955089,0.003548116,0.98100704,
v;1556055527188;-0.0792306670539965,-0.382632535710703,0.0225871217051617
q;1556055527219;-0.03933789,-0.19219425,0.0019303531,0.98056626,
v;1556055527219;-0.0764793437745933,-0.38782486831437,0.018963275904139
