q;1556055541102;-0.021553362,-0.12239008,0.0021482839,0.9922457,
v;1556055541102;-0.0422591811415931,-0.245655074382499,0.00954775535983592
q;1556055541133;-0.019547436,-0.14173655,5.861609e-05,0.9897114,
v;1556055541133;-0.0386856730689912,-0.284595161922534,0.00566146441852671
q;1556055541163;-0.018332833,-0.16486254,-0.0013656606,0.98614526,
v;1556055541163;-0.0366161468683632,-0.331355207685326,0.00335356953911312
q;1556055541193;-0.014673038,-0.19696192,-0.0033229194,0.9802957,
v;1556055541193;-0.0300813457844255,-0.396550758358486,-0.000735160384889465
q;1556055541223;-0.01182519,-0.23655397,-0.0039507686,0.97153836,
v;1556055541223;-0.0248489485611137,-0.477647213776936,-0.00208269968641021
q;1556055541254;-0.008828391,-0.27931902,-0.0054683457,0.96014225,
v;1556055541254;-0.0200091834652721,-0.566145326743225,-0.0055700482357541
q;1556055541284;-0.005174889,-0.32468826,-0.0075129727,0.9457771,
v;1556055541284;-0.014667857038809,-0.661313208795747,-0.0108521240121097
q;1556055541314;-0.0038938022,-0.36910126,-0.009218632,0.92933536,
v;1556055541314;-0.0140429750652441,-0.756023285108183,-0.0142618764424651
q;1556055541345;-0.0038777203,-0.4113123,-0.012505399,0.91140044,
v;1556055541345;-0.0173564322375359,-0.847693817683521,-0.0196091541726249
q;1556055541375;-0.004487574,-0.44641086,-0.016908994,0.89465714,
v;1556055541375;-0.0231284592930965,-0.925349706815527,-0.0262589406814517
q;1556055541406;-0.006885168,-0.47572014,-0.020224579,0.87933725,
v;1556055541406;-0.031356386630519,-0.991356812123963,-0.0290359762410388
q;1556055541436;-0.0098016905,-0.49788794,-0.026075015,0.8667939,
v;1556055541436;-0.042970184478364,-1.0420066192061,-0.0354832332134322
q;1556055541465;-0.011420744,-0.5105596,-0.03199477,0.859171,
v;1556055541465;-0.0523190834865948,-1.07122144103388,-0.0433889807183997
q;1556055541495;-0.012294384,-0.5143603,-0.03783845,0.85665077,
v;1556055541495;-0.0600252189477372,-1.07990327096831,-0.0522991732444646
q;1556055541526;-0.013621212,-0.5098054,-0.043013193,0.8591058,
v;1556055541526;-0.0673116590201017,-1.06909841723822,-0.0601899912202933
q;1556055541590;-0.01051711,-0.48050183,-0.048081942,0.8756115,
v;1556055541590;-0.0646697945543909,-1.00137856821624,-0.0743188269904553
q;1556055541645;-0.0063568368,-0.43742067,-0.053401724,0.8976475,
v;1556055541645;-0.0581632215373505,-0.904229901959648,-0.0905874425795699
q;1556055541679;-0.0062150755,-0.39953393,-0.05464688,0.9150671,
v;1556055541679;-0.0550688168478098,-0.820710709806686,-0.0953334949378439
q;1556055541713;-0.005635357,-0.3547735,-0.056210313,0.93324405,
v;1556055541713;-0.0504235502905078,-0.724003017159613,-0.101218503782065
q;1556055541745;-0.0047334605,-0.31025192,-0.058976293,0.9488115,
v;1556055541745;-0.0455931341469386,-0.629566854024809,-0.109308551788881
q;1556055541776;-0.0050913114,-0.26421306,-0.0594137,0.9626191,
v;1556055541776;-0.0412094009061076,-0.533441625112751,-0.112024210825079
q;1556055541807;-0.0060734935,-0.21673445,-0.061263625,0.97428745,
v;1556055541807;-0.0383999695940004,-0.435529085540004,-0.117097638229842
q;1556055541839;-0.00898888,-0.16619502,-0.060708884,0.98418134,
v;1556055541839;-0.0378814636748727,-0.332359952623032,-0.116858721246426
q;1556055541890;-0.012815509,-0.085729524,-0.061661456,0.99432594,
v;1556055541890;-0.0360658188301962,-0.169830859407816,-0.120797767371035
q;1556055541926;-0.01444406,-0.033131752,-0.05895042,0.9976064,
v;1556055541926;-0.0327310787367814,-0.0644811160515985,-0.11699072698517
q;1556055541959;-0.0145492125,0.009907324,-0.05775837,0.99817544,
v;1556055541959;-0.0279044926214228,0.0214691792457642,-0.115898572518398
q;1556055541993;-0.012999537,0.051353637,-0.055803206,0.9970355,
v;1556055541993;-0.0201919766468278,0.10406251894478,-0.112873183763896
q;1556055542026;-0.012234526,0.08550611,-0.052874975,0.99485844,
v;1556055542026;-0.0153015731504624,0.172298048058068,-0.107518080527021
q;1556055542061;-0.011062173,0.111324266,-0.050073475,0.9924602,
v;1556055542061;-0.0108089576287533,0.22395812007796,-0.102037761244577
q;1556055542119;-0.013725084,0.13412532,-0.04734852,0.98973745,
v;1556055542119;-0.0144676931955319,0.270097448140619,-0.0975719095687324
q;1556055542163;-0.016808013,0.13647056,-0.041465804,0.9896332,
v;1556055542163;-0.0219515753273983,0.275024938193772,-0.0867892679491546
q;1556055542197;-0.01914199,0.12790327,-0.0374751,0.99089354,
v;1556055542197;-0.0283527713502728,0.257862427000881,-0.0792791664626621
q;1556055542227;-0.021136696,0.11424332,-0.03664267,0.9925518,
v;1556055542227;-0.0335924883530843,0.230498356593368,-0.0776908676552309
q;1556055542258;-0.021844445,0.09358157,-0.036741395,0.99469364,
v;1556055542258;-0.0365885892947713,0.189024576587803,-0.0773100184630019
q;1556055542289;-0.02222187,0.07163453,-0.034563996,0.9965842,
v;1556055542289;-0.0393501322432234,0.144934522000325,-0.0721941052736284
q;1556055542322;-0.022594046,0.046837363,-0.033520434,0.99808425,
v;1556055542322;-0.0419738292885533,0.0952376546431368,-0.0691448617508826
q;1556055542355;-0.024295878,0.019172134,-0.030061245,0.9990688,
v;1556055542355;-0.0474115913545347,0.039824556372373,-0.0611047517345924
q;1556055542385;-0.024332263,-0.008019151,-0.027898636,0.9992824,
v;1556055542385;-0.0490967732811234,-0.0146873447459172,-0.0554622114288676
q;1556055542416;-0.024773687,-0.03439674,-0.02597885,0.9987634,
v;1556055542416;-0.0512957716419336,-0.0675614108850844,-0.0502764618688675
q;1556055542446;-0.026152158,-0.06002634,-0.023300884,0.9975821,
v;1556055542446;-0.0550029123418849,-0.119003898963747,-0.043428758905324
q;1556055542480;-0.028251136,-0.08791517,-0.021463348,0.9954959,
v;1556055542480;-0.0600577854964586,-0.175031966450518,-0.037843187169525
q;1556055542511;-0.029347584,-0.11165453,-0.01774273,0.9931552,
v;1556055542511;-0.0622958084486873,-0.223012124803375,-0.0287487054409388
q;1556055542576;-0.02647113,-0.14422216,-0.013147481,0.98910385,
v;1556055542576;-0.05618726869782,-0.289063987965033,-0.0184030798757764
