q;1556286856040;-0.05172994,0.007560335,0.049623717,0.9973988,
v;1556286856040;-0.104129178816896,0.0100016143538167,0.0989030835367951
q;1556286856071;-0.049183834,-0.0022136418,0.04637153,0.9977103,
v;1556286856071;-0.0980943789411042,-0.00902210033618719,0.0933319304658031
q;1556286856102;-0.04590081,-0.019965319,0.042366866,0.99784744,
v;1556286856102;-0.090033863423256,-0.0439260131312581,0.0868446142756909
q;1556286856132;-0.04203856,-0.04900474,0.0355736,0.9972792,
v;1556286856132;-0.0804485616516208,-0.101233417492805,0.0753887860363757
q;1556286856163;-0.039383374,-0.091693446,0.026524968,0.9946546,
v;1556286856163;-0.0735476652480134,-0.186067813506684,0.0601877035998808
q;1556286856194;-0.037799664,-0.14227845,0.014772219,0.98899436,
v;1556286856194;-0.0706224628309362,-0.287179119317032,0.0400860695457694
q;1556286856224;-0.036731124,-0.19498429,-0.0008270759,0.98011804,
v;1556286856224;-0.0723874091545994,-0.393212698173542,0.0127364181282656
q;1556286856254;-0.036343947,-0.25099203,-0.01758001,0.9671469,
v;1556286856254;-0.079207552705357,-0.507206566398163,-0.0158110510125308
q;1556286856286;-0.035645086,-0.30733788,-0.033329718,0.9503484,
v;1556286856286;-0.0883523743119419,-0.623719272875134,-0.0416137965830435
q;1556286856316;-0.034163263,-0.361741,-0.047129497,0.9304597,
v;1556286856316;-0.0978283896828657,-0.738486283453466,-0.0633326341074563
q;1556286856347;-0.032746144,-0.4177798,-0.05855173,0.9060681,
v;1556286856347;-0.108476551446143,-0.859770480132221,-0.0792909823913448
q;1556286856377;-0.031585313,-0.47303662,-0.06741509,0.8778918,
v;1556286856377;-0.11952094858356,-0.983115031194075,-0.0892384788814387
q;1556286856407;-0.029360646,-0.52744627,-0.07015725,0.8461775,
v;1556286856407;-0.124014634546793,-1.10929080764359,-0.0885535359688772
q;1556286856440;-0.031999383,-0.59197783,-0.06456736,0.8027262,
v;1556286856440;-0.128169001064221,-1.26659269069184,-0.0663666475573369
q;1556286856471;-0.033588253,-0.65223897,-0.06574877,0.75440925,
v;1556286856471;-0.136873368971507,-1.4219480143538,-0.0559399036801056
q;1556286856501;-0.033545207,-0.7044752,-0.069090016,0.70556074,
v;1556286856501;-0.145190338162538,-1.56556241043157,-0.0507868322279418
q;1556286856531;-0.03214499,-0.74585915,-0.07238891,0.66137785,
v;1556286856531;-0.151077888584561,-1.68705771008753,-0.0483711950631805
q;1556286856562;-0.026632939,-0.7737522,-0.07942146,0.6279254,
v;1556286856562;-0.15699619751223,-1.77345984539404,-0.0592904080830457
q;1556286856592;-0.019363232,-0.7871292,-0.08877069,0.61005944,
v;1556286856592;-0.164109083312924,-1.81642033477238,-0.0789700335496837
q;1556286856622;-0.016200447,-0.7892565,-0.095130146,0.6064338,
v;1556286856622;-0.170640081989291,-1.82348443537525,-0.0912578335711654
q;1556286856653;-0.014764544,-0.78388584,-0.09984397,0.6126469,
v;1556286856653;-0.175523332173383,-1.80592641920912,-0.100909752472837
q;1556286856683;-0.0119061805,-0.7723991,-0.10435682,0.6263925,
v;1556286856683;-0.177049646769741,-1.76864139943744,-0.114377328400781
q;1556286856713;-0.0104328785,-0.75534457,-0.10524825,0.6467369,
v;1556286856713;-0.173359076785978,-1.71475184813562,-0.122513031255816
q;1556286856743;-0.009837602,-0.7343932,-0.1018777,0.67096263,
v;1556286856743;-0.16356627179955,-1.65080876814681,-0.124236205228793
q;1556286856773;-0.010500532,-0.71050876,-0.095947,0.6970375,
v;1556286856773;-0.151560469629571,-1.580776817928,-0.120505366864172
q;1556286856803;-0.012931492,-0.6823552,-0.089191206,0.7254441,
v;1556286856803;-0.140948544402587,-1.50160723779895,-0.113119208105984
q;1556286856834;-0.017347615,-0.6485229,-0.08289101,0.75646955,
v;1556286856834;-0.134161427729603,-1.4104409558348,-0.104029067951355
q;1556286856864;-0.023015434,-0.60796547,-0.0763069,0.7899529,
v;1556286856864;-0.129507858629919,-1.30581658091615,-0.0934904567848041
q;1556286856923;-0.03713666,-0.51230115,-0.06584533,0.85547227,
v;1556286856923;-0.131381682562418,-1.07419192691594,-0.0753271855373102
q;1556286856965;-0.047891576,-0.4307726,-0.05926831,0.8992378,
v;1556286856965;-0.137628229098101,-0.888931213906019,-0.0660034288139708
q;1556286856998;-0.05473285,-0.3590789,-0.052167583,0.9302393,
v;1556286856998;-0.139748279722533,-0.732686043470146,-0.0583514972012131
q;1556286857029;-0.061414335,-0.29305997,-0.04530215,0.95304346,
v;1556286857029;-0.144111861031018,-0.592969751907379,-0.0509030905678898
q;1556286857062;-0.06839654,-0.22231352,-0.038408514,0.9718145,
v;1556286857062;-0.150583406551724,-0.446405994310643,-0.0447622700391264
q;1556286857094;-0.07541436,-0.15092784,-0.030522779,0.9851912,
v;1556286857094;-0.15847105205827,-0.301022665203785,-0.0378606291174381
q;1556286857128;-0.08247589,-0.07491535,-0.01864006,0.9935985,
v;1556286857128;-0.16747041947936,-0.14840974875871,-0.0250369070225097
q;1556286857168;-0.08803916,0.012961192,-0.008257419,0.9959985,
v;1556286857168;-0.17606796401882,0.0277044062156334,-0.0190262134733697
q;1556286857201;-0.09064111,0.08053389,-0.009582023,0.99257576,
v;1556286857201;-0.179352992874869,0.164991152580004,-0.034175880002694
q;1556286857235;-0.09037536,0.13938716,-0.008959762,0.98606455,
v;1556286857235;-0.176651449740335,0.284711010170867,-0.0435555182085666
q;1556286857267;-0.086352736,0.1935309,-0.0028191477,0.9772825,
v;1556286857267;-0.168486883162007,0.394336787107813,-0.0395035660450266
q;1556286857301;-0.08006192,0.24566638,0.005657648,0.96602595,
v;1556286857301;-0.158121654229483,0.500334269284236,-0.0287689923830714
q;1556286857334;-0.0753788,0.29232046,0.013571313,0.95324844,
v;1556286857334;-0.152231085914762,0.59651008610352,-0.0184097984487741
q;1556286857369;-0.06978704,0.33869398,0.02274698,0.93802917,
v;1556286857369;-0.146860433772362,0.693346525396849,-0.004648292809464
q;1556286857403;-0.059931677,0.37947193,0.033446398,0.9226541,
v;1556286857403;-0.136398902697956,0.779270823531836,0.0163870624851475
q;1556286857437;-0.04710336,0.4163647,0.04484274,0.9068687,
v;1556286857437;-0.123085550427717,0.858214382184467,0.0424423428485977
q;1556286857470;-0.03425974,0.44966763,0.057359237,0.89069366,
v;1556286857470;-0.112854453024576,0.930979387572116,0.0718868248917985
q;1556286857502;-0.023074,0.48019737,0.06982089,0.87407273,
v;1556286857502;-0.107599830531274,0.999308287455464,0.10064785692841
q;1556286857555;-0.00879728,0.53151345,0.08188784,0.8430365,
v;1556286857555;-0.102058915389371,1.11841720227082,0.129754199788756
q;1556286857592;-0.002485547,0.564602,0.08508958,0.8209617,
v;1556286857592;-0.100332823495227,1.19794882072244,0.138033785061953
q;1556286857623;0.0036320682,0.58604944,0.08718929,0.80556244,
v;1556286857623;-0.0964924207549186,1.25083605017919,0.14592370189131
q;1556286857653;0.0068847127,0.5994208,0.086822234,0.7956816,
v;1556286857653;-0.0932651782339087,1.2843736390813,0.147593789720688
q;1556286857682;0.008859726,0.6053021,0.08653775,0.79122823,
v;1556286857682;-0.0908678300615282,1.29930534220339,0.148828405469774
q;1556286857712;0.009594301,0.60537714,0.086026184,0.79121804,
v;1556286857712;-0.0890920152759845,1.29956754171887,0.148885027788227
q;1556286857742;0.009179159,0.59975207,0.086526446,0.79544103,
v;1556286857742;-0.0893045285412264,1.2853889696455,0.149818436493385
q;1556286857775;0.0064903693,0.58507097,0.0867249,0.8063056,
v;1556286857775;-0.0911401243584798,1.24863891420409,0.148609109170842
q;1556286857808;0.0023042369,0.5654982,0.08829276,0.8200066,
v;1556286857808;-0.0962282563379662,1.20028928479313,0.148639231388859
q;1556286857841;-0.004886486,0.5359728,0.08867083,0.83955157,
v;1556286857841;-0.103439584300137,1.12884439305002,0.14492818620925
q;1556286857874;-0.014502933,0.5005604,0.088173956,0.8610774,
v;1556286857874;-0.113492561506214,1.04525028361074,0.138663159267521
q;1556286857938;-0.037712194,0.4207093,0.08792437,0.9021368,
v;1556286857938;-0.142506162828337,0.86354168278032,0.128561347288759
q;1556286857997;-0.060457233,0.33564237,0.08780969,0.9359373,
v;1556286857997;-0.172974952309261,0.677721784542229,0.125992997037187
q;1556286858054;-0.082202114,0.24688949,0.083977416,0.961892,
v;1556286858054;-0.200955194775542,0.490000720134193,0.123764698724857
q;1556286858114;-0.09707821,0.1592193,0.06889325,0.9800402,
v;1556286858114;-0.213845499637243,0.310641058984887,0.106752491140212
q;1556286858159;-0.099198155,0.107649475,0.059087,0.9874614,
v;1556286858159;-0.210173992860234,0.206868918079414,0.097635136313529
q;1556286858193;-0.09846076,0.08597451,0.04351278,0.9904648,
v;1556286858193;-0.203936500181208,0.165923831832338,0.0707904028661896
q;1556286858226;-0.09473093,0.0793344,0.035343707,0.9917071,
v;1556286858226;-0.194726911922481,0.154168859083896,0.056160733953273
q;1556286858260;-0.09009133,0.07605828,0.028835958,0.9926062,
v;1556286858260;-0.184278047312256,0.148856241496157,0.0443055122836561
q;1556286858292;-0.08703971,0.074506514,0.0194798,0.9932238,
v;1556286858292;-0.176720973311137,0.147433697760386,0.0261355293396331
q;1556286858324;-0.0840872,0.068558834,0.010892345,0.99403745,
v;1556286858324;-0.169475295132269,0.136849505514811,0.0102723021235476
q;1556286858354;-0.08112508,0.056545272,0.002531704,0.9950955,
v;1556286858354;-0.162454340131344,0.113867040026934,-0.00419110001725956
q;1556286858387;-0.07802081,0.03969884,-0.0036884556,0.9961542,
v;1556286858387;-0.155777934059271,0.0807320659871278,-0.0137096448830822
q;1556286858418;-0.07611352,0.02008154,-0.0054614795,0.99688196,
v;1556286858418;-0.152119039296646,0.0413584882378677,-0.0141092477524439
q;1556286858449;-0.07537195,-0.0013232651,-0.008055606,0.9971221,
v;1556286858449;-0.150903467134365,-0.00144095629186737,-0.0160484322466488
q;1556286858480;-0.07465611,-0.024059614,-0.011257164,0.9968555,
v;1556286858480;-0.149945651234385,-0.0468294714019486,-0.0190662177418285
q;1556286858510;-0.07457021,-0.04449758,-0.015145385,0.9961074,
v;1556286858510;-0.150474959646987,-0.0874888811925197,-0.0238077234731866
q;1556286858541;-0.07536979,-0.06333928,-0.021930395,0.9949003,
v;1556286858541;-0.153349284976668,-0.124505479345288,-0.0345010090497386
q;1556286858571;-0.07530498,-0.0817562,-0.02988747,0.9933538,
v;1556286858571;-0.155117255518043,-0.160532099024667,-0.0476543495654966
q;1556286858602;-0.07481304,-0.09701675,-0.038520154,0.99171925,
v;1556286858602;-0.156499313394153,-0.190115768592561,-0.0626928505060041
q;1556286858632;-0.07469107,-0.10836862,-0.046162404,0.9902255,
v;1556286858632;-0.158591071518246,-0.211946042634663,-0.0762640771204276
q;1556286858663;-0.074970536,-0.117555015,-0.049204275,0.9890092,
v;1556286858663;-0.160550365441155,-0.230106783834829,-0.0808269623213589
