q;1556287306543;0.09080143,0.24230504,0.0727578,0.96319765,
v;1556287306543;0.140118328768734,0.506064749676704,0.187075617284494
q;1556287306580;0.08159022,0.24107261,0.072070085,0.9643822,
v;1556287306580;0.122929441953681,0.501062409152456,0.18068211442406
q;1556287306613;0.068651795,0.23901033,0.07299403,0.96583277,
v;1556287306613;0.0978758473374671,0.493803952555347,0.175553259799354
q;1556287306645;0.051454727,0.23599955,0.074221574,0.9675473,
v;1556287306645;0.0645821326235281,0.483961695508191,0.169067411128979
q;1556287306677;0.030212775,0.23212712,0.07562835,0.9692701,
v;1556287306677;0.0234600486464753,0.472015989331556,0.16137877642785
q;1556287306715;-0.003966351,0.22565693,0.077093974,0.97114354,
v;1556287306715;-0.0425101735949691,0.453455849827921,0.14862895333013
q;1556287306749;-0.04678531,0.2165941,0.0782505,0.97199535,
v;1556287306749;-0.125174027101633,0.430139475825055,0.133285432068606
q;1556287306781;-0.09620188,0.2046535,0.08175609,0.9706586,
v;1556287306781;-0.222041748773672,0.401903064692666,0.12264918067022
q;1556287306817;-0.15583432,0.18878542,0.0837414,0.9659519,
v;1556287306817;-0.339138966974508,0.367268757522873,0.109377350958929
q;1556287306853;-0.21742094,0.16941886,0.08516294,0.95748246,
v;1556287306853;-0.461408648832614,0.326746189220384,0.100022634099264
q;1556287306884;-0.26560873,0.15037666,0.08419795,0.9485513,
v;1556287306884;-0.557669023966582,0.287448448624285,0.0942470533376878
q;1556287306916;-0.3030855,0.13020338,0.07963717,0.9406616,
v;1556287306916;-0.632223364727379,0.246286793300126,0.0879979541378268
q;1556287306950;-0.32490343,0.10986573,0.08071425,0.93586993,
v;1556287306950;-0.67624672868491,0.197702937346079,0.102347825947064
q;1556287306980;-0.33901712,0.09471112,0.07837687,0.9327134,
v;1556287306980;-0.703981698615111,0.162778972761621,0.107767238624856
q;1556287307012;-0.34762424,0.07913624,0.07274827,0.93145186,
v;1556287307012;-0.719627447303875,0.129133139053524,0.107250942397757
q;1556287307044;-0.3537356,0.065525785,0.071350716,0.9303153,
v;1556287307044;-0.730875668535698,0.0960941672288713,0.116298599435772
q;1556287307076;-0.36132023,0.051861253,0.06881134,0.928452,
v;1556287307076;-0.745139386220637,0.0634110965493014,0.123168084330871
q;1556287307108;-0.36408678,0.03595537,0.061694447,0.9286236,
v;1556287307108;-0.748629916937967,0.0298339187478944,0.120957339418685
q;1556287307140;-0.34811255,0.02030371,0.06332075,0.9350914,
v;1556287307140;-0.712338472800436,-0.00807825826075716,0.1382311958197
q;1556287307172;-0.3209863,0.005996676,0.0626971,0.9449873,
v;1556287307172;-0.65279350091933,-0.0364086151377703,0.144825541940392
q;1556287307203;-0.2914165,-0.0064126225,0.061214328,0.9546141,
v;1556287307203;-0.589079024414813,-0.0576670923563879,0.145572493313579
q;1556287307235;-0.25782222,-0.017528977,0.06818415,0.9636241,
v;1556287307235;-0.517256044012783,-0.0794012912208201,0.162296731609655
q;1556287307268;-0.21941552,-0.029091341,0.071876176,0.9725453,
v;1556287307268;-0.436313395682856,-0.0973901794219164,0.169148369150701
q;1556287307300;-0.17444053,-0.03995068,0.075158134,0.980982,
v;1556287307300;-0.342922434493047,-0.111299625790065,0.172223766942169
q;1556287307332;-0.12136583,-0.0519337,0.08035463,0.987986,
v;1556287307332;-0.233587683131091,-0.125865422993737,0.177093019043512
q;1556287307364;-0.06574081,-0.06444327,0.08307445,0.99228215,
v;1556287307364;-0.120047822916176,-0.140280515143161,0.175495733742351
q;1556287307397;-0.009268643,-0.081626035,0.091051936,0.99245197,
v;1556287307397;-0.00353295632923884,-0.164448925175412,0.18326779240196
q;1556287307434;0.042712424,-0.10087406,0.103180066,0.9886121,
v;1556287307434;0.105463819629108,-0.192895625214692,0.197771409291448
q;1556287307465;0.07874721,-0.11509796,0.10775172,0.984348,
v;1556287307465;0.180817009933814,-0.214743363180268,0.198519703603082
q;1556287307497;0.10428962,-0.13012151,0.109845676,0.9798602,
v;1556287307497;0.235125532956971,-0.240982518075235,0.194676231433052
q;1556287307532;0.11700999,-0.14462586,0.110565,0.9763029,
v;1556287307532;0.263493957711351,-0.268922733282479,0.189687734479151
q;1556287307565;0.115039796,-0.15486507,0.10707308,0.9753553,
v;1556287307565;0.260509722860324,-0.291250619403295,0.180261299030449
q;1556287307598;0.096890956,-0.16243066,0.09989791,0.97685665,
v;1556287307598;0.223608905826179,-0.310560857618289,0.168673936687255
q;1556287307630;0.07365609,-0.16885273,0.09246614,0.97852623,
v;1556287307630;0.176286813475119,-0.327651049458613,0.15921602034206
q;1556287307662;0.034329783,-0.1739131,0.08260972,0.9806892,
v;1556287307662;0.0962159042695074,-0.343724561558146,0.151362842793704
q;1556287307697;-0.023713078,-0.17930336,0.070913084,0.98094815,
v;1556287307697;-0.0210942558735259,-0.363145941556702,0.148202561899214
q;1556287307728;-0.08353295,-0.1851036,0.05807547,0.97743857,
v;1556287307728;-0.142276216565559,-0.384774178157844,0.146452372495397
q;1556287307760;-0.14289516,-0.19188087,0.041129872,0.9700882,
v;1556287307760;-0.264532175782747,-0.40920212021594,0.139945389979856
q;1556287307794;-0.21391925,-0.1996262,0.019357,0.9560404,
v;1556287307794;-0.412938499209411,-0.439813856232179,0.134055300985075
q;1556287307827;-0.28157595,-0.20732662,0.00040253316,0.9368727,
v;1556287307827;-0.555578323418991,-0.475200239965462,0.138758452283036
q;1556287307860;-0.3327216,-0.2154224,-0.01783673,0.9179169,
v;1556287307860;-0.666840518467424,-0.510015440842551,0.141228681923455
q;1556287307893;-0.3531383,-0.2236016,-0.03187661,0.9078984,
v;1556287307893;-0.714821625772948,-0.532637786429625,0.132861118790692
q;1556287307923;-0.34327024,-0.23477386,-0.03702005,0.9086673,
v;1556287307923;-0.69608651647461,-0.550243004221116,0.122680643705494
q;1556287307955;-0.32796386,-0.24824229,-0.041258253,0.91055655,
v;1556287307955;-0.665869811116736,-0.570995904013095,0.111747320131851
q;1556287307986;-0.306514,-0.25916213,-0.038533542,0.91509527,
v;1556287307986;-0.619897693966254,-0.586825371067344,0.108760555765712
q;1556287308017;-0.28107858,-0.26813802,-0.037950784,0.92068267,
v;1556287308017;-0.567968306209832,-0.594855812435888,0.096060920290576
q;1556287308051;-0.25319755,-0.27848172,-0.03480508,0.9258119,
v;1556287308051;-0.510039553691418,-0.607293819154056,0.0878563638332013
q;1556287308083;-0.21481687,-0.2963199,-0.040263265,0.92974573,
v;1556287308083;-0.43709762766093,-0.629931820605122,0.05791399180509
q;1556287308115;-0.17224473,-0.32357407,-0.0426576,0.9294148,
v;1556287308115;-0.355201601452365,-0.676209645046624,0.0343235663188506
q;1556287308151;-0.12366259,-0.36211404,-0.034503073,0.92324996,
v;1556287308151;-0.256122092005634,-0.750998758854653,0.0267248500889605
q;1556287308184;-0.08007023,-0.39392626,-0.030410575,0.91514266,
v;1556287308184;-0.171347646287102,-0.81360833791051,0.00753390110697044
q;1556287308218;-0.040073793,-0.42186904,-0.020798016,0.90553194,
v;1556287308218;-0.0902467292438445,-0.871786899670368,-0.00387051095266003
q;1556287308251;-0.007940292,-0.44255215,-0.0156158395,0.8965717,
v;1556287308251;-0.0280634123190182,-0.916742480461293,-0.0209832543035145
q;1556287308282;0.014662052,-0.45868686,-0.012279797,0.88839215,
v;1556287308282;0.0147866795798849,-0.953483475130639,-0.03528030622321
q;1556287308316;0.029068647,-0.4705897,-0.008599594,0.8818313,
v;1556287308316;0.0431869483263619,-0.981328151246568,-0.0425781462130709
q;1556287308349;0.038675,-0.47810352,-0.008499293,0.8774104,
v;1556287308349;0.0597762029448568,-0.99939837097924,-0.0520123471773043
q;1556287308383;0.03881562,-0.47950006,-0.00924618,0.87663424,
v;1556287308383;0.0592217264785119,-1.0026276037639,-0.0535546580214731
q;1556287308415;0.039354585,-0.47694042,-0.0076283254,0.878021,
v;1556287308415;0.0618712575612322,-0.996794238577873,-0.051055068829452
q;1556287308449;0.043540973,-0.46870658,-0.0027116167,0.88227606,
v;1556287308449;0.0743569113725874,-0.978365140659699,-0.0457429736392444
