q;1556743213944;0.009230751,0.36075687,0.03848412,0.9318199,
v;1556743213944;-0.0105642229027082,0.73835048462862,0.0784655170997848
q;1556743213975;-0.0015167575,0.36266968,0.03898896,0.93110055,
v;1556743213975;-0.0311097526253058,0.741740911370244,0.0716008997512266
q;1556743214006;-0.016549166,0.36584666,0.035972808,0.92983246,
v;1556743214006;-0.057128035671928,0.74813272828594,0.0549055631774626
q;1556743214038;-0.03555495,0.3692625,0.031850982,0.9280984,
v;1556743214038;-0.0896397294115661,0.755857408990116,0.0330019387522709
q;1556743214069;-0.057209205,0.37010393,0.032218046,0.9266673,
v;1556743214069;-0.130243768123688,0.758822971056708,0.0175133372022203
q;1556743214100;-0.081215635,0.36975908,0.035119273,0.92490476,
v;1556743214100;-0.177129579790524,0.760192248027514,0.00498149162177643
q;1556743214166;-0.14018923,0.35884634,0.040211305,0.9219324,
v;1556743214166;-0.291458318994225,0.746436606402553,-0.0276375337864766
q;1556743214212;-0.188623,0.34901667,0.037454445,0.9171728,
v;1556743214212;-0.381318101887118,0.74033635869548,-0.0678849735547414
q;1556743214246;-0.22553591,0.33999985,0.03932614,0.9121333,
v;1556743214246;-0.453572268881652,0.734593672761981,-0.0909296999231844
q;1556743214279;-0.25421035,0.33315888,0.043020416,0.9069353,
v;1556743214279;-0.511825866599377,0.73157597803402,-0.104971272744266
q;1556743214309;-0.27983993,0.32096934,0.037828047,0.90401185,
v;1556743214309;-0.558884214160868,0.720142860618678,-0.131589465487893
q;1556743214340;-0.29979584,0.30613437,0.042389307,0.902556,
v;1556743214340;-0.603003375617958,0.694598566711259,-0.13032671785422
q;1556743214370;-0.3111441,0.28959358,0.03917958,0.9043174,
v;1556743214370;-0.625420654864441,0.663633464918253,-0.135291874409037
q;1556743214401;-0.32103187,0.26724127,0.029275425,0.9081099,
v;1556743214401;-0.641891632301929,0.621816788620086,-0.148384810162045
q;1556743214431;-0.3292298,0.24372298,0.02764871,0.91183466,
v;1556743214431;-0.66097086344582,0.570422635741451,-0.139878170895002
q;1556743214461;-0.33918634,0.21641703,0.024190016,0.9151673,
v;1556743214461;-0.683221563711087,0.511630764270892,-0.132599570519354
q;1556743214491;-0.35012457,0.18269317,0.020484861,0.9184859,
v;1556743214491;-0.708445157048632,0.436815033469758,-0.119196539733692
q;1556743214522;-0.3590625,0.15194227,0.029513089,0.9203895,
v;1556743214522;-0.734105447905259,0.355626955169505,-0.0738605445626609
q;1556743214586;-0.35699993,0.08730229,0.030069524,0.92952955,
v;1556743214586;-0.732774087222804,0.19061321663033,-0.00865423668339678
q;1556743214650;-0.3192263,0.037075084,0.024910647,0.9466253,
v;1556743214650;-0.651302149729385,0.0683147783538161,0.0295422813496565
q;1556743214687;-0.2993466,0.015917178,0.02205793,0.95375663,
v;1556743214687;-0.60858831985108,0.0209122096282086,0.0396789507502541
q;1556743214720;-0.28188574,0.00073076313,0.015083778,0.9593291,
v;1556743214720;-0.571464497944307,-0.00844337301598514,0.0339243517158554
q;1556743214752;-0.26179183,-0.013814275,0.009404787,0.9649797,
v;1556743214752;-0.529367787183352,-0.036602092289765,0.0294133546164497
q;1556743214785;-0.23545782,-0.029474663,0.0068521295,0.9714134,
v;1556743214785;-0.474675485308706,-0.0680625953788846,0.0305774250150067
q;1556743214818;-0.20736098,-0.040136665,0.0032336102,0.97743547,
v;1556743214818;-0.417092996613352,-0.0873972606918457,0.0251230510320072
q;1556743214851;-0.17493135,-0.049030192,-0.004866722,0.98334706,
v;1556743214851;-0.351720713229099,-0.101073787501314,0.00807702952464752
q;1556743214882;-0.14661895,-0.055753846,-0.0065255845,0.987599,
v;1556743214882;-0.294570743350797,-0.113324544970236,0.00361556035790456
q;1556743214912;-0.11502108,-0.061665148,-0.01257815,0.99136746,
v;1556743214912;-0.231674470493475,-0.122958509338385,-0.0110489641526043
q;1556743214950;-0.07873238,-0.06770781,-0.016433358,0.9944581,
v;1556743214950;-0.159492774621568,-0.134177618353906,-0.0223079376610764
q;1556743214981;-0.051285822,-0.07194128,-0.018671412,0.99591446,
v;1556743214981;-0.105032081917152,-0.142646264516582,-0.0299808076923811
q;1556743215031;-0.01243756,-0.076696515,-0.023495484,0.99670005,
v;1556743215031;-0.0284008947540314,-0.152959591877711,-0.0449613378168368
q;1556743215075;0.009511883,-0.07672591,-0.027597705,0.9966248,
v;1556743215075;0.0147251710639216,-0.154084530761098,-0.056504916244687
q;1556743215108;0.025097085,-0.07706903,-0.030733816,0.9962359,
v;1556743215108;0.0452834580763027,-0.155890322763509,-0.0652177087596491
q;1556743215138;0.0349036,-0.07769359,-0.032385256,0.9958397,
v;1556743215138;0.0645293018460144,-0.157985276020124,-0.0701279228639225
q;1556743215169;0.039033413,-0.076100856,-0.0330202,0.9957885,
v;1556743215169;0.0727765421650372,-0.15516952620459,-0.071955605386732
q;1556743215200;0.040336315,-0.07478253,-0.034288544,0.9957936,
v;1556743215200;0.0752759919565928,-0.15272593701892,-0.0746017767248164
q;1556743215231;0.037264727,-0.07407369,-0.03499333,0.99594176,
v;1556743215231;0.0690977969426375,-0.151087534422501,-0.075474880133827
q;1556743215262;0.027270516,-0.07178301,-0.03624355,0.99638844,
v;1556743215262;0.0491605106652878,-0.145714812682212,-0.0763065571088464
q;1556743215292;0.012701237,-0.06861483,-0.03609596,0.99690914,
v;1556743215292;0.0203719312732907,-0.138190420262229,-0.073794026427409
q;1556743215323;-0.006600195,-0.06500211,-0.035950646,0.9972155,
v;1556743215323;-0.0178383152323603,-0.129550290086415,-0.070913722149104
q;1556743215354;-0.03605452,-0.060285445,-0.035534527,0.9968967,
v;1556743215354;-0.0762435403626544,-0.118252508429111,-0.0667446832059535
q;1556743215385;-0.06729259,-0.05521985,-0.032451212,0.9956753,
v;1556743215385;-0.138024873213673,-0.106811491222757,-0.0577712142710807
q;1556743215415;-0.10151926,-0.051405504,-0.0320806,0.9929865,
v;1556743215415;-0.206374562990218,-0.0978042738069856,-0.0544557855573867
q;1556743215446;-0.13861492,-0.04664875,-0.02665747,0.98888785,
v;1556743215446;-0.280292032023997,-0.0884323366701754,-0.0414177914068767
q;1556743215476;-0.17362179,-0.040242955,-0.02322929,0.9837156,
v;1556743215476;-0.350597005711837,-0.0757874561439107,-0.0337894455463783
q;1556743215507;-0.20969717,-0.034870695,-0.022866124,0.9768768,
v;1556743215507;-0.423870297443434,-0.0642664665863202,-0.0329736870561116
q;1556743215537;-0.24573441,-0.027860768,-0.01757693,0.9687773,
v;1556743215537;-0.497355673168692,-0.0516169185555427,-0.0231728383958128
q;1556743215567;-0.27806425,-0.023304783,-0.020863466,0.9600531,
v;1556743215567;-0.564372022124572,-0.0392382870282314,-0.0320789125003157
q;1556743215597;-0.30616948,-0.019702388,-0.021099856,0.9515392,
v;1556743215597;-0.623026820585945,-0.0302649818696498,-0.034595726716397
q;1556743215628;-0.330037,-0.018066835,-0.018463554,0.9436145,
v;1556743215628;-0.673240317314102,-0.0280271947203416,-0.0293203287574033
q;1556743215661;-0.34435582,-0.026218208,-0.022731282,0.93819773,
v;1556743215661;-0.704088884062494,-0.044018877390279,-0.0322753950075317
q;1556743215691;-0.3576767,-0.035157528,-0.026008831,0.9328209,
v;1556743215691;-0.733031299947341,-0.0632674976026235,-0.0314566054520621
q;1556743215721;-0.37630096,-0.048794784,-0.032236204,0.92464995,
v;1556743215721;-0.774053055864204,-0.0923935973233379,-0.0320176285773784
q;1556743215751;-0.39050385,-0.07199954,-0.037907265,0.9169983,
v;1556743215751;-0.80617036818966,-0.148524529341699,-0.0191983927404642
q;1556743215782;-0.39606667,-0.097020485,-0.03597477,0.91237277,
v;1556743215782;-0.817885250424215,-0.21898542214802,0.0163928355102689
q;1556743215812;-0.39732352,-0.12824091,-0.040124178,0.9077876,
v;1556743215812;-0.820756691708771,-0.299232090751531,0.0426404274704369
q;1556743215843;-0.39728433,-0.16384307,-0.044435788,0.901857,
v;1556743215843;-0.820003620712855,-0.391342969029205,0.0734076803016445
q;1556743215873;-0.39857283,-0.19414857,-0.041170966,0.89540553,
v;1556743215873;-0.817963835642315,-0.478585339954586,0.118802380947633
q;1556743215904;-0.4029432,-0.2266276,-0.04381002,0.88563955,
v;1556743215904;-0.823577788281777,-0.568917394981264,0.155177918510782
q;1556743215935;-0.40575868,-0.25952154,-0.04409564,0.8752509,
v;1556743215935;-0.822970055072428,-0.662907875527186,0.197468450283159
q;1556743215965;-0.39851445,-0.28257442,-0.038895957,0.8716794,
v;1556743215965;-0.799109914551176,-0.723455503726359,0.227690402044711
q;1556743215996;-0.37699136,-0.3110181,-0.046219945,0.87121123,
v;1556743215996;-0.755466993286852,-0.770618662997079,0.213117675186859
q;1556743216027;-0.35387692,-0.3347195,-0.05121851,0.8718433,
v;1556743216027;-0.709346591178478,-0.805833929901269,0.195755458276779
q;1556743216057;-0.33421868,-0.35405552,-0.051591936,0.87194085,
v;1556743216057;-0.667940842400137,-0.836812309957314,0.187952110606958
q;1556743216088;-0.3155585,-0.374205,-0.05502892,0.8702674,
v;1556743216088;-0.631585004619345,-0.869429131152767,0.174831370382232
q;1556743216118;-0.29759744,-0.39094076,-0.05889359,0.8689837,
v;1556743216118;-0.598328889619872,-0.894457442370868,0.158393858256777
q;1556743216148;-0.27589425,-0.40704343,-0.061863508,0.8685453,
v;1556743216148;-0.558147299549624,-0.916265813630654,0.138540069567849
q;1556743216179;-0.25311336,-0.4191639,-0.061254397,0.8697604,
v;1556743216179;-0.513980372026369,-0.93017193180392,0.12161252083086
q;1556743216210;-0.2253372,-0.4287959,-0.063967146,0.87250525,
v;1556743216210;-0.464609220330635,-0.935218640598632,0.0914296695411419
q;1556743216240;-0.19333029,-0.43644747,-0.06816151,0.8760657,
v;1556743216240;-0.409595051774119,-0.93557581851143,0.0538034196836315
q;1556743216270;-0.16763262,-0.438108,-0.06705487,0.8806045,
v;1556743216270;-0.361834592750006,-0.928935482774424,0.0307824875045838
q;1556743216299;-0.13869894,-0.4372279,-0.07092633,0.88575613,
v;1556743216299;-0.312805089124774,-0.916340287207323,-0.00458318920484671
q;1556743216332;-0.1092035,-0.4352993,-0.07489575,0.8904941,
v;1556743216332;-0.262705607783846,-0.904097839788149,-0.039687744811331
q;1556743216362;-0.08383028,-0.42933497,-0.071295805,0.89641565,
v;1556743216362;-0.213122842039034,-0.887210476838627,-0.0571625230143086
q;1556743216392;-0.050627988,-0.42518362,-0.076830596,0.9004181,
v;1556743216392;-0.157153006809364,-0.8747181666429,-0.096646455462527
q;1556743216422;-0.027443744,-0.42426753,-0.07456971,0.90204394,
v;1556743216422;-0.113026437273647,-0.872925220273013,-0.112192917136246
q;1556743216452;-0.008416181,-0.42230377,-0.07044498,0.90367377,
v;1556743216452;-0.0747789985697844,-0.869799399675839,-0.120840960558841
q;1556743216481;0.014481278,-0.41988587,-0.07613526,0.90426195,
v;1556743216481;-0.037755471678246,-0.866584076107699,-0.150528093148933
q;1556743216511;0.02764409,-0.42018068,-0.07437247,0.903965,
v;1556743216511;-0.0125214976027178,-0.869225141265303,-0.15836472643074
q;1556743216541;0.038078792,-0.42008987,-0.073589996,0.90369195,
v;1556743216541;0.00699422891161982,-0.870865549035452,-0.165760484345621
