q;1556743263295;0.0008295119,0.36908722,0.018866869,0.9292029,
v;1556743263295;-0.0123857874093249,0.755974081393441,0.0356849329507169
q;1556743263330;-0.009208207,0.36911592,0.019126855,0.9291409,
v;1556743263330;-0.0312365763022779,0.755844908522812,0.0287632903204612
q;1556743263363;-0.02316104,0.36968285,0.016547957,0.92872185,
v;1556743263363;-0.0552834754783761,0.757280946982181,0.0136336703744683
q;1556743263398;-0.041304674,0.3703364,0.015216457,0.9278541,
v;1556743263398;-0.0880335024365823,0.759620110312211,-0.00236510545744782
q;1556743263431;-0.062387526,0.36882168,0.017394738,0.92724097,
v;1556743263431;-0.128884175640486,0.758047550208172,-0.0138770558546326
q;1556743263463;-0.084413804,0.36686525,0.019290762,0.92623544,
v;1556743263463;-0.171365832172948,0.756532986908295,-0.0265940251831531
q;1556743263498;-0.11312795,0.36116478,0.020469312,0.9253881,
v;1556743263498;-0.22608112574561,0.749314761636403,-0.0449912603727362
q;1556743263533;-0.14114343,0.3531956,0.02521794,0.9244974,
v;1556743263533;-0.282531007187049,0.73772340538321,-0.0552939359416979
q;1556743263566;-0.16802648,0.34377843,0.021918649,0.9236358,
v;1556743263566;-0.331499085409637,0.725925744794933,-0.079442239631632
q;1556743263598;-0.19063544,0.3334802,0.026019404,0.92291504,
v;1556743263598;-0.378185224341162,0.709793675865569,-0.0852380164627901
q;1556743263631;-0.21308182,0.32283705,0.028329939,0.9217211,
v;1556743263631;-0.42365594871347,0.693983438974648,-0.0937722369570399
q;1556743263665;-0.23866327,0.30634937,0.024449976,0.9211906,
v;1556743263665;-0.472023214669818,0.669513658560851,-0.113851016757665
q;1556743263696;-0.26060155,0.28918687,0.029289627,0.9206519,
v;1556743263696;-0.519892650944997,0.638457359295984,-0.111762719990791
q;1556743263727;-0.27959374,0.27088448,0.030832775,0.9205967,
v;1556743263727;-0.560359071949292,0.604614456387423,-0.112039350396928
q;1556743263758;-0.29470235,0.2454069,0.027797492,0.9231215,
v;1556743263758;-0.591655091906761,0.554041999892897,-0.11267313100356
q;1556743263790;-0.30299866,0.21893531,0.03165294,0.9269613,
v;1556743263790;-0.613332750625539,0.492580543187805,-0.0906082281138072
q;1556743263821;-0.30898833,0.19106784,0.029126275,0.9312201,
v;1556743263821;-0.626857313970355,0.430325817866847,-0.0788958631997561
q;1556743263852;-0.31320104,0.16156286,0.028345337,0.9354139,
v;1556743263852;-0.637395450522584,0.361856785115019,-0.0599801603012471
q;1556743263886;-0.3146399,0.12949775,0.031155474,0.9398199,
v;1556743263886;-0.64284977567827,0.283396194604995,-0.0286514928749047
q;1556743263918;-0.31016448,0.097226866,0.027560208,0.9452964,
v;1556743263918;-0.633232864326661,0.208321736782015,-0.0101816918988145
q;1556743263950;-0.2959849,0.06755225,0.030789118,0.95230335,
v;1556743263950;-0.603945670449481,0.134574294432437,0.0226629032825503
q;1556743263982;-0.28088683,0.04154975,0.028665755,0.95841247,
v;1556743263982;-0.571379563809344,0.0756108688460474,0.0375829588704614
q;1556743264014;-0.2630711,0.018747542,0.021802709,0.96434784,
v;1556743264014;-0.533095330848931,0.028668446791643,0.0373815480733852
q;1556743264046;-0.24102825,-0.002443904,0.021599947,0.9702746,
v;1556743264046;-0.486598143859011,-0.0171457863031637,0.048771973174384
q;1556743264078;-0.21872203,-0.017456435,0.016661346,0.9754888,
v;1556743264078;-0.440221752737285,-0.0457188953315453,0.0443873232020726
q;1556743264110;-0.19267777,-0.028947994,0.00835105,0.9807995,
v;1556743264110;-0.387065923572054,-0.0648414806313832,0.0297409598159671
q;1556743264141;-0.16493589,-0.03970146,0.0047802385,0.98549336,
v;1556743264141;-0.330701803053966,-0.0845017505760944,0.0238104839773421
q;1556743264174;-0.1345411,-0.04521814,-0.002041329,0.9898737,
v;1556743264174;-0.269803450779144,-0.0924423117695921,0.00843118964259552
q;1556743264207;-0.102794155,-0.051715016,-0.009738624,0.9933097,
v;1556743264207;-0.206688617825977,-0.103109216929638,-0.00890457823473351
q;1556743264244;-0.07308942,-0.05698575,-0.012807563,0.99561363,
v;1556743264244;-0.147531949322361,-0.113065764080689,-0.0173621272986557
q;1556743264277;-0.0470638,-0.057691578,-0.019034164,0.99704283,
v;1556743264277;-0.0961937525932768,-0.114023216332266,-0.032682266483092
q;1556743264309;-0.022920301,-0.06106336,-0.023409007,0.9975961,
v;1556743264309;-0.0486084105693877,-0.121199365908467,-0.0439723777424381
q;1556743264341;-0.0013641455,-0.06359221,-0.02647524,0.9976238,
v;1556743264341;-0.0060890837060491,-0.1271546924161,-0.052676494959741
q;1556743264373;0.011756994,-0.06308076,-0.030679662,0.99746746,
v;1556743264373;0.0195850971321112,-0.126928233646376,-0.0627403871885595
q;1556743264404;0.02914177,-0.0638889,-0.031536113,0.9970328,
v;1556743264404;0.0541073829520081,-0.129790192199214,-0.0667559409429418
q;1556743264434;0.044302046,-0.065412536,-0.0353653,0.9962469,
v;1556743264434;0.0837427288732294,-0.134340666868221,-0.0766040451053238
q;1556743264466;0.049819566,-0.064428374,-0.03667437,0.99600303,
v;1556743264466;0.0946564250665606,-0.132981052679496,-0.0799175735441362
q;1556743264498;0.049904894,-0.062157243,-0.035304017,0.9961926,
v;1556743264498;0.0951846370175588,-0.128295677189316,-0.0769671295676088
q;1556743264531;0.050746784,-0.06061172,-0.03565585,0.99623275,
v;1556743264531;0.0969406533775298,-0.125299966546677,-0.0776368638437281
q;1556743264561;0.045757342,-0.05923576,-0.036243815,0.9965359,
v;1556743264561;0.0870135684272455,-0.122142392110476,-0.078031548025938
q;1556743264591;0.035546232,-0.05606451,-0.035921298,0.99714744,
v;1556743264591;0.0669117667508871,-0.114871855189589,-0.0758657859957989
q;1556743264622;0.025669252,-0.052778058,-0.034233037,0.9976892,
v;1556743264622;0.0476243651651637,-0.107397544939865,-0.0711580577907889
q;1556743264654;0.0085571185,-0.051385276,-0.033216488,0.9980897,
v;1556743264654;0.013668292451942,-0.103336151596591,-0.0672424270391227
q;1556743264683;-0.016272277,-0.04891159,-0.03324206,0.99811715,
v;1556743264683;-0.0357427314978712,-0.096769817538672,-0.0648539814211314
q;1556743264716;-0.04438692,-0.04538528,-0.02908971,0.9975589,
v;1556743264716;-0.091324514134794,-0.0884499665334452,-0.0542609998326287
q;1556743264746;-0.068877615,-0.043653592,-0.027810525,0.9962815,
v;1556743264746;-0.140129196379145,-0.084073618432052,-0.0499104527211562
q;1556743264775;-0.09988935,-0.043026596,-0.028141154,0.99366945,
v;1556743264775;-0.202312934410072,-0.0816403358930637,-0.0483344544284827
q;1556743264809;-0.13281485,-0.03992784,-0.024007335,0.99004525,
v;1556743264809;-0.268102855167175,-0.0754480460408509,-0.0383082656886818
q;1556743264842;-0.15196723,-0.03995716,-0.026324889,0.9872266,
v;1556743264842;-0.306953477036382,-0.0744373230314593,-0.041798215067896
q;1556743264876;-0.18006262,-0.04041933,-0.026381746,0.9824702,
v;1556743264876;-0.363925081524942,-0.074891094393999,-0.0399060021929943
q;1556743264909;-0.20612098,-0.039361767,-0.026048055,0.9773875,
v;1556743264909;-0.416946821830953,-0.0724719865331081,-0.0379511303476535
q;1556743264947;-0.23741052,-0.04281846,-0.030034102,0.9700004,
v;1556743264947;-0.481544543830427,-0.0777139083378928,-0.0428156363006672
q;1556743264981;-0.26971892,-0.044577617,-0.027745677,0.9615065,
v;1556743264981;-0.548193934101861,-0.0829997666302119,-0.0343472010686025
q;1556743265011;-0.29057363,-0.04911654,-0.029056592,0.95514935,
v;1556743265011;-0.591897519104967,-0.0928464790983614,-0.0324956137118979
q;1556743265045;-0.31192404,-0.060024578,-0.03415539,0.94759375,
v;1556743265045;-0.63758279325228,-0.115309250836388,-0.0339622160822404
q;1556743265078;-0.3342647,-0.07075964,-0.034965727,0.9391686,
v;1556743265078;-0.685177092198644,-0.14193788719678,-0.0237299289517164
q;1556743265112;-0.34818473,-0.089214124,-0.040087283,0.9323096,
v;1556743265112;-0.716016508282516,-0.184542451798876,-0.0167307442665886
q;1556743265145;-0.36056364,-0.111524686,-0.041991647,0.92509073,
v;1556743265145;-0.742964821553613,-0.241397632852792,0.00370870110315829
q;1556743265178;-0.36519352,-0.13691773,-0.042328924,0.9198345,
v;1556743265178;-0.752445901373098,-0.307509790129288,0.0303212706757271
q;1556743265211;-0.36509514,-0.1663052,-0.04281084,0.9149948,
v;1556743265211;-0.75098567995162,-0.382841148615407,0.0589809281303692
q;1556743265243;-0.36408535,-0.189399,-0.040209297,0.9110176,
v;1556743265243;-0.745865159312291,-0.444458026007497,0.088135781941438
q;1556743265275;-0.35669973,-0.21735854,-0.04510637,0.9074613,
v;1556743265275;-0.730162760121829,-0.507826568363506,0.0984035991068222
q;1556743265305;-0.34714392,-0.24220425,-0.046526715,0.90480024,
v;1556743265305;-0.708545099533772,-0.564132812220941,0.110806958642948
q;1556743265339;-0.33006677,-0.26359892,-0.041192662,0.90546936,
v;1556743265339;-0.668038562671667,-0.610693281847869,0.126975657434665
q;1556743265372;-0.30543104,-0.28697383,-0.048277415,0.9066572,
v;1556743265372;-0.620634208651553,-0.647775032204962,0.108087710405281
q;1556743265405;-0.28464052,-0.30391923,-0.050943475,0.9077542,
v;1556743265405;-0.57965181332745,-0.674914688849376,0.0963983411856211
q;1556743265437;-0.25861067,-0.32108888,-0.053652704,0.9094745,
v;1556743265437;-0.529213043215567,-0.700306413398487,0.0794186319594467
q;1556743265469;-0.23403455,-0.33555764,-0.055841655,0.9107747,
v;1556743265469;-0.48225896042966,-0.721375394311386,0.062511340173562
q;1556743265501;-0.20731525,-0.34654742,-0.05787507,0.9130037,
v;1556743265501;-0.43198259511958,-0.734726989320531,0.0418658302484904
q;1556743265533;-0.17759204,-0.35857382,-0.06450716,0.9141798,
v;1556743265533;-0.380046087418435,-0.749540648934732,0.0101411871938148
q;1556743265567;-0.15403736,-0.36604774,-0.06297648,0.9155957,
v;1556743265567;-0.334372709131423,-0.760197991763501,-0.00270155884746941
q;1556743265600;-0.1265011,-0.37280145,-0.06897868,0.91665614,
v;1556743265600;-0.28728206119856,-0.767684216948131,-0.0335196096332071
q;1556743265633;-0.101846576,-0.37918645,-0.073467694,0.9167592,
v;1556743265633;-0.244893990061933,-0.777082318416429,-0.0592687435360156
q;1556743265669;-0.07986487,-0.3819762,-0.07262304,0.9178462,
v;1556743265669;-0.203489320261186,-0.781181056119593,-0.0738910016465594
q;1556743265699;-0.05896981,-0.3836265,-0.077376045,0.91834974,
v;1556743265699;-0.168472652629874,-0.783084527179065,-0.0984218061724737
q;1556743265731;-0.042071883,-0.38646534,-0.07518354,0.91827124,
v;1556743265731;-0.13579543408584,-0.789455279542212,-0.106742514427535
q;1556743265764;-0.029192468,-0.38660422,-0.07532522,0.91870075,
v;1556743265764;-0.11211511014665,-0.790079885108891,-0.116828206969511
q;1556743265797;-0.015360835,-0.38554272,-0.075986594,0.9194275,
v;1556743265797;-0.0869480169966795,-0.788507758248901,-0.128723932523918
