q;1556287189457;0.045417245,0.1507668,0.0005038231,0.98752546,
v;1556287189457;0.0896695702934066,0.303664678864752,0.0147496930119096
q;1556287189491;0.06003968,0.15048806,-0.0008272669,0.98678666,
v;1556287189491;0.119022518492894,0.303660640978908,0.0165557177409251
q;1556287189524;0.07879177,0.14712057,-0.00086180697,0.98597497,
v;1556287189524;0.156262160569949,0.297943885807472,0.0217510513632533
q;1556287189556;0.10347452,0.14278771,-0.0056462046,0.98431337,
v;1556287189556;0.20678568019276,0.290071391211462,0.0188369033170687
q;1556287189589;0.12974581,0.13465257,-0.013178636,0.9822734,
v;1556287189589;0.261407810105258,0.273698600853985,0.00936961165915419
q;1556287189620;0.14911744,0.12215233,-0.018364351,0.9810737,
v;1556287189620;0.301629876266367,0.247805809186828,0.000415269879299924
q;1556287189651;0.1686208,0.103334606,-0.020362938,0.9800379,
v;1556287189651;0.341305890511388,0.209176345390898,-0.00537419062848577
q;1556287189684;0.18829162,0.074886695,-0.020796882,0.9790331,
v;1556287189684;0.380949723236967,0.150082956967782,-0.0134878982273332
q;1556287189718;0.20555846,0.030341428,-0.01889912,0.9779918,
v;1556287189718;0.41502830127057,0.056392369934873,-0.0267678811270014
q;1556287189750;0.22014095,-0.022371756,-0.019514414,0.97501624,
v;1556287189750;0.442731120496052,-0.0578214579790019,-0.053039933633905
q;1556287189782;0.23381154,-0.080853716,-0.022689445,0.96864855,
v;1556287189782;0.465974219049232,-0.18831808988177,-0.091651313898737
q;1556287189816;0.2431644,-0.14780512,-0.029512666,0.9582034,
v;1556287189816;0.474931650500852,-0.341228212488255,-0.144931337606929
q;1556287189848;0.24489902,-0.20943189,-0.042886782,0.94568676,
v;1556287189848;0.461433120555872,-0.484583050131554,-0.206616731297058
q;1556287189881;0.23607951,-0.26855096,-0.058760412,0.9320376,
v;1556287189881;0.420820636421435,-0.617312021954331,-0.261906532102239
q;1556287189913;0.21983133,-0.3207487,-0.073385,0.9183731,
v;1556287189913;0.364731076048342,-0.727698039515722,-0.299697536183993
q;1556287189945;0.1931728,-0.36419415,-0.091046035,0.90650845,
v;1556287189945;0.287868087126954,-0.811485979541336,-0.324563292719841
q;1556287189978;0.14947535,-0.39925468,-0.10693777,0.89823,
v;1556287189978;0.184175130572805,-0.866555250052539,-0.322380319411011
q;1556287190010;0.097509496,-0.4281275,-0.12457492,0.88976395,
v;1556287190010;0.0669028688254515,-0.907427062658768,-0.310843478698994
q;1556287190043;0.031902026,-0.4462488,-0.14931867,0.88178694,
v;1556287190043;-0.0770812822137849,-0.925450827961016,-0.297024216898669
q;1556287190073;-0.035589606,-0.45565262,-0.1712964,0.8727953,
v;1556287190073;-0.219998530095355,-0.931528871604717,-0.276680864134403
q;1556287190139;-0.18753268,-0.43634036,-0.2000241,0.8569883,
v;1556287190139;-0.518967443583525,-0.886529112055093,-0.207843448824518
q;1556287190171;-0.26453084,-0.40873447,-0.19884996,0.85054,
v;1556287190171;-0.659272268355917,-0.842831971462026,-0.15498209189683
q;1556287190202;-0.32619798,-0.36593688,-0.18830493,0.8510149,
v;1556287190202;-0.765661608705405,-0.766384476819285,-0.113661322594441
q;1556287190247;-0.41116786,-0.28999007,-0.16844572,0.84762776,
v;1556287190247;-0.918562211245169,-0.620852945123349,-0.0776598814084811
q;1556287190279;-0.4352211,-0.22913729,-0.16023543,0.85580564,
v;1556287190279;-0.958553593144486,-0.455304972285232,-0.13054175066688
q;1556287190309;-0.44687098,-0.17570275,-0.14098744,0.86576986,
v;1556287190309;-0.967233422284758,-0.319421635104857,-0.154053972034008
q;1556287190339;-0.44207335,-0.12283415,-0.11791757,0.88066936,
v;1556287190339;-0.940087183969586,-0.191248069038658,-0.168829373036688
q;1556287190369;-0.42378283,-0.068475746,-0.10289619,0.89729124,
v;1556287190369;-0.886090341497561,-0.0564365668757243,-0.201566019211285
q;1556287190398;-0.3990458,-0.0139805665,-0.07908251,0.9134073,
v;1556287190398;-0.820070508185329,0.0551097688291508,-0.196688263632362
q;1556287190428;-0.36363745,0.040407877,-0.059375852,0.92876774,
v;1556287190428;-0.735112976746307,0.160090891631522,-0.189441769175511
q;1556287190458;-0.3183277,0.09206713,-0.03752679,0.94275284,
v;1556287190458;-0.635150559400858,0.247858029333336,-0.16141410295819
q;1556287190488;-0.26167664,0.13695848,-0.011700096,0.95531714,
v;1556287190488;-0.519865606305568,0.313686010912249,-0.108559454979289
q;1556287190518;-0.19843523,0.17441168,0.014207798,0.9643662,
v;1556287190518;-0.398118273752237,0.367000315372474,-0.0453791658055823
q;1556287190557;-0.11842039,0.20232438,0.049327932,0.97088015,
v;1556287190557;-0.252581622903417,0.404624546762413,0.0494529901926987
q;1556287190600;-0.041517776,0.20970853,0.060671695,0.9749962,
v;1556287190600;-0.106607914438658,0.41828971691686,0.101647110964879
q;1556287190645;0.027671218,0.21218112,0.06869523,0.9744201,
v;1556287190645;0.0247776555635858,0.430622977512937,0.146183448071421
q;1556287190677;0.07431159,0.20720516,0.07446996,0.9726243,
v;1556287190677;0.113939769306642,0.429962069944809,0.177738846582629
q;1556287190708;0.10643998,0.19087426,0.0769064,0.9727914,
v;1556287190708;0.178678115785913,0.404986425337478,0.194564357459338
q;1556287190739;0.13273785,0.1827185,0.07318708,0.97141045,
v;1556287190739;0.233249868955431,0.395034511715227,0.197281654543864
q;1556287190769;0.15297684,0.17752561,0.07065849,0.96958244,
v;1556287190769;0.275013502942563,0.389964205677468,0.200137225764722
q;1556287190800;0.16669923,0.17021704,0.067779645,0.9688361,
v;1556287190800;0.304623428810027,0.378396712854096,0.198462441929835
q;1556287190830;0.17345947,0.16356222,0.06115521,0.96923643,
v;1556287190830;0.321764621362013,0.364601217670613,0.185841212326972
q;1556287190864;0.17458364,0.15498926,0.05581304,0.9707645,
v;1556287190864;0.327480402530231,0.345202853401085,0.172452844772144
q;1556287190895;0.17361009,0.1437508,0.05213986,0.97287035,
v;1556287190895;0.328696856710175,0.32008896397455,0.160615317175382
q;1556287190926;0.16958481,0.13339144,0.047201697,0.97530496,
v;1556287190926;0.32383146809829,0.295634987291291,0.145354187947574
q;1556287190956;0.16410199,0.12334693,0.04095404,0.977844,
v;1556287190956;0.316065303987754,0.271255942871486,0.127202956198621
q;1556287190988;0.15520854,0.11196076,0.033580072,0.98094213,
v;1556287190988;0.301530383137716,0.243343271312945,0.105585672446889
q;1556287191020;0.14367847,0.10170686,0.02699754,0.9840139,
v;1556287191020;0.280953150308726,0.218130439516178,0.0858243083015967
q;1556287191052;0.13247211,0.094187655,0.020061469,0.9864976,
v;1556287191052;0.260524876371633,0.199136019075204,0.0668392293388383
q;1556287191085;0.12252085,0.08865556,0.015453106,0.9883775,
v;1556287191085;0.241803137835231,0.185463015170845,0.0538636095442007
