q;1556743129634;0.04024323,-0.088505745,0.0059309267,0.9952447,
v;1556743129634;0.0812429081711251,-0.177199690121099,0.00469744384577059
q;1556743129664;0.049090095,-0.08790488,0.004575934,0.99490803,
v;1556743129664;0.0986446568408579,-0.176228326519474,0.000477068399760711
q;1556743129694;0.062126532,-0.08470532,0.0024945897,0.9944642,
v;1556743129694;0.124307729031874,-0.170292408627592,-0.00560662659337566
q;1556743129724;0.07536454,-0.08045587,-0.00043117194,0.9939049,
v;1556743129724;0.150306304568986,-0.162535128845312,-0.0131325665832137
q;1556743129754;0.09490868,-0.07451765,-0.0025665704,0.9926897,
v;1556743129754;0.189173524945061,-0.151710425914451,-0.0195910958487682
q;1556743129784;0.11332174,-0.06538067,-0.0067843418,0.99138165,
v;1556743129784;0.225714768845842,-0.134995520776725,-0.0290096597450431
q;1556743129814;0.13198121,-0.055998698,-0.0076576015,0.9896396,
v;1556743129814;0.263405434180041,-0.117157876028433,-0.0310125390542371
q;1556743129844;0.15442772,-0.044986073,-0.011493158,0.9869125,
v;1556743129844;0.308656845294151,-0.0970771912872485,-0.0384035253514444
q;1556743129874;0.17088084,-0.03143045,-0.015889235,0.9846621,
v;1556743129874;0.342158194583838,-0.0715309816752462,-0.0446340514102628
q;1556743129906;0.18811496,-0.015122243,-0.017562995,0.9818736,
v;1556743129906;0.377802723019104,-0.0390684300974472,-0.0432406911344087
q;1556743129936;0.2035793,0.0017719538,-0.021507824,0.97882056,
v;1556743129936;0.410002292629631,-0.00576617644906045,-0.0451382533014087
q;1556743129966;0.21478963,0.018952627,-0.023942428,0.9761829,
v;1556743129966;0.433726842364474,0.0294478512195353,-0.0425546915621714
q;1556743129997;0.22514275,0.038757864,-0.025594087,0.97321814,
v;1556743129997;0.455832497021789,0.0712434927482487,-0.0360534056927303
q;1556743130028;0.23268418,0.06007136,-0.026015589,0.9703467,
v;1556743130028;0.472028878819379,0.117571007783192,-0.0253022361519958
q;1556743130060;0.23460862,0.083376616,-0.024112144,0.9682075,
v;1556743130060;0.476104541638383,0.169738375251576,-0.0085166219913321
q;1556743130092;0.23478425,0.10753084,-0.023830947,0.96578753,
v;1556743130092;0.4764512208502,0.222986039539645,0.00502105569510666
q;1556743130122;0.23532058,0.13123532,-0.021780454,0.9627706,
v;1556743130122;0.476684939490644,0.276372110087226,0.0223148690278629
q;1556743130153;0.23428881,0.15528917,-0.019650402,0.95948315,
v;1556743130153;0.473153197406513,0.330409285390741,0.0393935828373674
q;1556743130187;0.22820166,0.18431014,-0.01980966,0.95580405,
v;1556743130187;0.459538335570986,0.393067111694662,0.0516280351729317
q;1556743130220;0.21940438,0.21108954,-0.018112402,0.9523523,
v;1556743130220;0.439566493202362,0.450612800649036,0.0642799039061583
q;1556743130251;0.20756653,0.2360804,-0.016357489,0.9491652,
v;1556743130251;0.413430565190793,0.502907957094245,0.0731780528006121
q;1556743130282;0.19247468,0.25861576,-0.012907386,0.9465225,
v;1556743130282;0.380128002189466,0.549022927057469,0.0809826520377501
q;1556743130312;0.17736351,0.27763316,-0.007849877,0.94414,
v;1556743130312;0.346141549614993,0.587573817137801,0.0890537905155256
q;1556743130342;0.1625042,0.29477173,-0.0054922593,0.94163257,
v;1556743130342;0.314432054237361,0.621034019081476,0.089987232223192
q;1556743130373;0.1433594,0.30954006,-0.00010897063,0.9400176,
v;1556743130373;0.272965352074426,0.648872330585121,0.0920805547984106
q;1556743130403;0.12223025,0.32193333,0.007588052,0.9388084,
v;1556743130403;0.22654882270161,0.671577620647782,0.0955300011434906
q;1556743130434;0.09930195,0.33262292,0.011667286,0.9377447,
v;1556743130434;0.179439540861921,0.689777378912121,0.0894965549111402
q;1556743130464;0.069888115,0.33982483,0.02007812,0.9376735,
v;1556743130464;0.117689876533683,0.700440587190763,0.0858514427495184
q;1556743130495;0.034446,0.3427587,0.03195113,0.93824786,
v;1556743130495;0.0427477341293676,0.702301866355252,0.0837437537855578
q;1556743130526;-0.0019937358,0.34036726,0.042434417,0.9393325,
v;1556743130526;-0.0326379283532235,0.693987526609061,0.0784851573769638
q;1556743130557;-0.03547852,0.3367407,0.05085288,0.9395536,
v;1556743130557;-0.101088491828119,0.684637085521635,0.0720940535382513
q;1556743130588;-0.06446333,0.33035585,0.05904941,0.93979925,
v;1556743130588;-0.160872816860727,0.670459689087864,0.0693477877513879
q;1556743130617;-0.0888032,0.31943873,0.06625641,0.94110733,
v;1556743130617;-0.211039460782202,0.647080828132731,0.0695728555390714
q;1556743130647;-0.11149742,0.30660385,0.070535846,0.942649,
v;1556743130647;-0.256254338105616,0.62031551114901,0.0668407566065445
q;1556743130677;-0.13224755,0.2922006,0.0715881,0.9444599,
v;1556743130677;-0.29594216583922,0.591049691834859,0.060608840222395
q;1556743130707;-0.14957516,0.27760452,0.07435129,0.94606286,
v;1556743130707;-0.330266900106897,0.56067610212474,0.0609671475315282
q;1556743130737;-0.16604577,0.2638157,0.07472368,0.94723094,
v;1556743130737;-0.361838134571092,0.53269723787879,0.0577175074445528
q;1556743130767;-0.18429911,0.24802552,0.07380705,0.94819283,
v;1556743130767;-0.396415444459172,0.5011125272868,0.0526502800932703
q;1556743130796;-0.2054727,0.23305829,0.07597317,0.94746655,
v;1556743130796;-0.438707120523688,0.470508489440946,0.0532558756868084
q;1556743130826;-0.22287998,0.22157003,0.07466202,0.94639146,
v;1556743130826;-0.472315113207201,0.448451995695588,0.0478016008741822
q;1556743130858;-0.23345998,0.20412976,0.06435415,0.9485178,
v;1556743130858;-0.488333794409383,0.416398420297554,0.0303176047910086
q;1556743130888;-0.23966911,0.18358226,0.063756995,0.9512052,
v;1556743130888;-0.49992339944744,0.371622257040418,0.0379458022660787
q;1556743130918;-0.2398577,0.1642981,0.065473996,0.9545615,
v;1556743130918;-0.500007770769479,0.327451310418527,0.0526481745668462
q;1556743130948;-0.23916093,0.14503056,0.058155723,0.9583247,
v;1556743130948;-0.495255385624427,0.28829396685197,0.0478593430421777
q;1556743130978;-0.23852573,0.12378462,0.052651267,0.96177477,
v;1556743130978;-0.491388884597753,0.243985128906647,0.0479107201715747
q;1556743131008;-0.23529822,0.10223159,0.053328298,0.9650594,
v;1556743131008;-0.483699212711459,0.195789053954995,0.0619636542307817
q;1556743131037;-0.23243788,0.08088117,0.05117732,0.9678904,
v;1556743131037;-0.475999816897029,0.14994455651286,0.0692113583687229
q;1556743131066;-0.2282068,0.060990877,0.04872586,0.970478,
v;1556743131066;-0.465514959157637,0.107798724837234,0.0747544661203748
q;1556743131096;-0.22087292,0.042314924,0.041983064,0.97347933,
v;1556743131096;-0.448465697764112,0.0709046014080961,0.0700227062557189
q;1556743131126;-0.21256314,0.02137775,0.03422265,0.9763138,
v;1556743131126;-0.429613944800021,0.0299165081492243,0.0635497047383725
q;1556743131156;-0.20288156,0.0032920444,0.033878144,0.9786115,
v;1556743131156;-0.408580977720909,-0.00795840539821811,0.0708583618464672
q;1556743131203;-0.1844818,-0.0263915,0.02028058,0.9822722,
v;1556743131203;-0.36971769537568,-0.063672571742176,0.0531975885477111
q;1556743131244;-0.17064534,-0.050263595,0.014191717,0.98394734,
v;1556743131244;-0.340953018630877,-0.110318015859279,0.0478541693729226
q;1556743131281;-0.1584982,-0.068371266,0.010170729,0.98493665,
v;1556743131281;-0.316066796554608,-0.145607977325672,0.0438962781532361
q;1556743131314;-0.14915267,-0.0800661,0.004066103,0.9855589,
v;1556743131314;-0.297725329979957,-0.167128010606652,0.0333730412428747
q;1556743131347;-0.13808376,-0.08898291,0.0011313005,0.98641455,
v;1556743131347;-0.275693514202633,-0.183795259270143,0.0278616707176367
q;1556743131383;-0.12347478,-0.095972635,-0.0034372734,0.98769,
v;1556743131383;-0.247075560183735,-0.195895103398024,0.0174409876293248
q;1556743131415;-0.11094964,-0.09853056,-0.007712145,0.98889965,
v;1556743131415;-0.22279447068253,-0.199375848919054,0.00677837151080128
q;1556743131446;-0.09467957,-0.10117096,-0.011708871,0.9902844,
v;1556743131446;-0.19104867861115,-0.203227086776731,-0.00410731998645628
q;1556743131478;-0.08162244,-0.10329974,-0.015433937,0.9911755,
v;1556743131478;-0.165750882518403,-0.206532499934564,-0.0139235969489007
q;1556743131510;-0.0699736,-0.101817004,-0.017762072,0.99218017,
v;1556743131510;-0.142956221652495,-0.203003940178773,-0.0212153362862298
q;1556743131541;-0.057943657,-0.10099484,-0.021014266,0.99297583,
v;1556743131541;-0.119602913213422,-0.200910123386693,-0.0302499789834461
q;1556743131580;-0.044356022,-0.100570545,-0.022733139,0.9936807,
v;1556743131580;-0.0928574005927544,-0.200040869973268,-0.0364220736425908
q;1556743131613;-0.032875147,-0.09957053,-0.023682663,0.99420524,
v;1556743131613;-0.070142980978056,-0.198209452289754,-0.0406552062614077
q;1556743131647;-0.022480829,-0.097949035,-0.024534827,0.9946349,
v;1556743131647;-0.0495470292114908,-0.195219618245428,-0.0444716545075231
