q;1556743135490;0.05166989,-0.08770175,-0.014100441,0.9947059,
v;1556743135490;0.100488457703888,-0.17775872384226,-0.0373115021733463
q;1556743135520;0.061557095,-0.085065246,-0.014750336,0.99436265,
v;1556743135520;0.120199902979603,-0.17309312997546,-0.0401071652473175
q;1556743135550;0.07356704,-0.08271478,-0.015175433,0.99373835,
v;1556743135550;0.144201549937972,-0.169179969230636,-0.0427880003282365
q;1556743135580;0.08868608,-0.07953986,-0.016709393,0.9927382,
v;1556743135580;0.17430731775453,-0.164099264093121,-0.0480302541018662
q;1556743135611;0.10410443,-0.07375408,-0.018293535,0.99165916,
v;1556743135611;0.205211041148314,-0.153910231595472,-0.0527693352772513
q;1556743135641;0.12458016,-0.06815512,-0.020302264,0.98965776,
v;1556743135641;0.246298700480195,-0.144819873725909,-0.0589791974680797
q;1556743135671;0.14335985,-0.0625032,-0.023296896,0.98742014,
v;1556743135671;0.284003016839597,-0.135961675840256,-0.0666456211892344
q;1556743135701;0.16081357,-0.0545033,-0.026635466,0.98511875,
v;1556743135701;0.319337353987931,-0.122430976002631,-0.0738027244184425
q;1556743135731;0.17580396,-0.045207422,-0.029157417,0.98295426,
v;1556743135731;0.350085624486186,-0.105723362850617,-0.0780230574358412
q;1556743135762;0.18917134,-0.034732472,-0.030790767,0.9808465,
v;1556743135762;0.377886827974856,-0.0859460190313035,-0.079208189500827
q;1556743135792;0.2014677,-0.018863078,-0.032429934,0.9787764,
v;1556743135792;0.404066061449607,-0.0543979736033778,-0.077386876283533
q;1556743135821;0.21208389,-0.0026154008,-0.03383309,0.97666216,
v;1556743135821;0.426944642931577,-0.0213803149777326,-0.0738902992760537
q;1556743135852;0.22264215,0.015495211,-0.03363512,0.9741966,
v;1556743135852;0.449857057664562,0.0168952139516032,-0.06515888116396
q;1556743135885;0.23017177,0.040015317,-0.034650333,0.9717094,
v;1556743135885;0.466869742896159,0.069279075644417,-0.0548094368448193
q;1556743135914;0.23668237,0.059714723,-0.032955118,0.9691902,
v;1556743135914;0.481056782832932,0.113213300329505,-0.0401827832415405
q;1556743135945;0.2423562,0.08506311,-0.034329876,0.9658412,
v;1556743135945;0.493823021358502,0.168508125247316,-0.0284905072906854
q;1556743135974;0.24469613,0.112136155,-0.03544638,0.9624411,
v;1556743135974;0.499470585572399,0.228098942830128,-0.0152101878908755
q;1556743136004;0.24753286,0.13453671,-0.03282419,0.9589317,
v;1556743136004;0.504724520740821,0.279853387709936,0.00417248818345925
q;1556743136034;0.24576725,0.15648612,-0.032068543,0.95607644,
v;1556743136034;0.500633189626033,0.329019982191078,0.0177813388080185
q;1556743136065;0.238362,0.1795649,-0.030034538,0.9539591,
v;1556743136065;0.484268952607317,0.380008001358641,0.0319816763972086
q;1556743136096;0.23153019,0.20062074,-0.025699195,0.95156956,
v;1556743136096;0.467824653154564,0.427327278059681,0.0493060722400234
q;1556743136127;0.22407995,0.22130999,-0.022697277,0.9488387,
v;1556743136127;0.45034673579509,0.472581995849835,0.0623645195880663
q;1556743136157;0.21299429,0.24254818,-0.018198406,0.9462942,
v;1556743136157;0.42458043229085,0.518140238065751,0.0756645628107704
q;1556743136188;0.20076773,0.26450357,-0.015094744,0.94313437,
v;1556743136188;0.397036552486221,0.563841579630195,0.0843919327063551
q;1556743136219;0.18733196,0.2849287,-0.010505695,0.94000643,
v;1556743136219;0.366310591174482,0.605919466945006,0.0933193223340077
q;1556743136250;0.171682,0.305634,-0.004986479,0.93652993,
v;1556743136250;0.330608608682273,0.64780531713691,0.101250510285129
q;1556743136280;0.15603058,0.32432184,-0.0006578865,0.9329895,
v;1556743136280;0.295874559839606,0.684717411909669,0.104713664614504
q;1556743136310;0.13641559,0.3403037,0.004242958,0.9303581,
v;1556743136310;0.253654210639758,0.714626999428545,0.104259238952401
q;1556743136341;0.113308646,0.35383606,0.010157518,0.9283631,
v;1556743136341;0.204619833910755,0.73869718877991,0.101328681908113
q;1556743136373;0.090297535,0.36514127,0.014931495,0.92644227,
v;1556743136373;0.157051518070603,0.758350894850927,0.0949179376693113
q;1556743136403;0.06345285,0.3726463,0.022208456,0.92553514,
v;1556743136403;0.101075903278708,0.770042806902453,0.0889711808599855
q;1556743136433;0.038018633,0.3768054,0.031298332,0.92498255,
v;1556743136433;0.0467634251684949,0.775708634302723,0.0867555845859286
q;1556743136463;0.012022742,0.37752464,0.037516184,0.9251611,
v;1556743136463;-0.00608065876146852,0.774637795794858,0.0785770775253078
q;1556743136493;-0.01868643,0.37546387,0.046626687,0.9254748,
v;1556743136493;-0.0696572301478494,0.768291044334191,0.0725107039739696
q;1556743136522;-0.04724712,0.37030715,0.059086006,0.9258235,
v;1556743136522;-0.131624667271704,0.756017058166417,0.0751345088259393
q;1556743136555;-0.079702675,0.3651145,0.06965549,0.9249254,
v;1556743136555;-0.199625738720347,0.744716919750557,0.0721451252153069
q;1556743136585;-0.10835822,0.36013907,0.078577995,0.9232464,
v;1556743136585;-0.259586249057342,0.734783923295031,0.0694255492961157
q;1556743136615;-0.12980586,0.35220772,0.08585732,0.9228915,
v;1556743136615;-0.304768835394571,0.718344154021446,0.0703332436151494
q;1556743136645;-0.14849123,0.34427297,0.08845021,0.9228234,
v;1556743136645;-0.341567443421004,0.702968240653159,0.0647904063034663
q;1556743136675;-0.16592708,0.33260402,0.0877915,0.92419446,
v;1556743136675;-0.373737410007937,0.68036003962887,0.0557738287870656
q;1556743136705;-0.18086734,0.31672242,0.08892793,0.926858,
v;1556743136705;-0.402378106718333,0.647399888571756,0.0546689813604103
q;1556743136734;-0.19515468,0.2984134,0.091103315,0.9298195,
v;1556743136734;-0.430461398991977,0.608357790623027,0.0582936711848866
q;1556743136764;-0.20613661,0.27574828,0.08935119,0.93460524,
v;1556743136764;-0.44958252897117,0.560252927945542,0.0592516914949601
q;1556743136794;-0.21207912,0.25102502,0.09137682,0.94003147,
v;1556743136794;-0.460725225181248,0.504775019587053,0.0729883477746845
q;1556743136823;-0.21844552,0.22827782,0.09139021,0.9443615,
v;1556743136823;-0.471595037681484,0.454666731561457,0.0818995571433786
q;1556743136853;-0.22658426,0.2047597,0.08745824,0.94820046,
v;1556743136853;-0.484211270289146,0.404938357878959,0.0826496993973766
q;1556743136883;-0.23518209,0.18008488,0.0893826,0.9509309,
v;1556743136883;-0.500058347578308,0.349445239556699,0.0973417671980424
q;1556743136912;-0.24084403,0.15718408,0.08860323,0.953644,
v;1556743136912;-0.508895453822789,0.298853534051331,0.107017366988555
q;1556743136942;-0.2437324,0.13292499,0.08105649,0.9572645,
v;1556743136942;-0.510005004223042,0.248884656647906,0.103754737630966
q;1556743136972;-0.24130388,0.11087209,0.0798487,0.96078306,
v;1556743136972;-0.502236834962124,0.200439110096965,0.11425402411906
q;1556743137003;-0.23600306,0.090213425,0.07478708,0.96466106,
v;1556743137003;-0.487953852773564,0.157736663191463,0.115401190459668
q;1556743137034;-0.2302712,0.07041524,0.06706217,0.96825594,
v;1556743137034;-0.472784739980543,0.118749681510151,0.109662645252534
q;1556743137065;-0.2217044,0.051906846,0.06408045,0.9716206,
v;1556743137065;-0.452791631440551,0.0806605259229429,0.113124248127259
q;1556743137096;-0.21391971,0.036138635,0.058496505,0.9744283,
v;1556743137096;-0.434687304281702,0.0500780595521994,0.108858282190086
q;1556743137126;-0.20437567,0.021538354,0.049546633,0.97740054,
v;1556743137126;-0.413315762771684,0.0238623715901665,0.0962947955740812
q;1556743137157;-0.19304326,0.0070310067,0.044289112,0.98016495,
v;1556743137157;-0.388770841803906,-0.00358378079768176,0.0910148468363238
q;1556743137189;-0.18370338,-0.0048804707,0.039933436,0.9821581,
v;1556743137189;-0.368762861417465,-0.0260098775077966,0.0861240642152599
q;1556743137224;-0.17247716,-0.015562062,0.030277757,0.98442507,
v;1556743137224;-0.345470389629844,-0.0436775069492954,0.0691159600808138
q;1556743137258;-0.16265126,-0.027209952,0.024193868,0.9860116,
v;1556743137258;-0.325133643384261,-0.0649765478654876,0.0597250902329728
q;1556743137288;-0.15482852,-0.036566988,0.020580199,0.9870499,
v;1556743137288;-0.309037462594691,-0.0825601457490013,0.0545611129362587
q;1556743137320;-0.14721791,-0.046157844,0.01437563,0.98792195,
v;1556743137320;-0.29375929063204,-0.0998704609507499,0.0438880795843988
q;1556743137351;-0.13802414,-0.05561366,0.011752668,0.9887964,
v;1556743137351;-0.275105350812664,-0.117922610763645,0.0401127760069728
q;1556743137383;-0.12896669,-0.063300304,0.009273274,0.9895831,
v;1556743137383;-0.256888625904764,-0.132391857843317,0.0358649499374636
q;1556743137413;-0.11951834,-0.06844758,0.0052071433,0.99045604,
v;1556743137413;-0.238291233871423,-0.141281849065887,0.0274555457603577
q;1556743137444;-0.10968078,-0.073481545,0.0025773253,0.99124366,
v;1556743137444;-0.218803682405354,-0.150379617505721,0.021748752286519
q;1556743137474;-0.10174057,-0.07711584,0.00023448857,0.99181753,
v;1556743137474;-0.203174959683987,-0.156873565521881,0.0164968167489573
q;1556743137504;-0.09392143,-0.07911721,-0.00216633,0.9924286,
v;1556743137504;-0.187866554800691,-0.160118002359715,0.010751117547267
q;1556743137534;-0.08437788,-0.08079021,-0.0042480966,0.99314415,
v;1556743137534;-0.169089805275591,-0.162785090661497,0.00527106689755443
q;1556743137564;-0.075587265,-0.082610585,-0.006769372,0.9936882,
v;1556743137564;-0.151922522889274,-0.165814885397952,-0.000975914578660327
