q;1556743078056;-0.0189239,0.007688702,-0.0009600157,0.9997909,
v;1556743078056;-0.0378341489405007,0.0154221704725962,-0.00221221529897878
q;1556743078103;-0.0072128535,-0.00011766183,-0.0017677083,0.99997246,
v;1556743078103;-0.0144262260824847,-0.00020983857373058,-0.00353399696911022
q;1556743078139;0.009129567,-0.009125459,-0.0043644914,0.9999072,
v;1556743078139;0.018178784812936,-0.0183329720550306,-0.008896383006163
q;1556743078171;0.02676808,-0.016268596,-0.00510277,0.9994963,
v;1556743078171;0.0533684944118819,-0.0328466491313578,-0.0110873702185318
q;1556743078205;0.043981764,-0.022898087,-0.006844697,0.99874645,
v;1556743078205;0.0876519937859837,-0.0465362317714764,-0.0157475329460308
q;1556743078238;0.06824701,-0.027488064,-0.008199412,0.99725604,
v;1556743078238;0.136088385728812,-0.0564965713190052,-0.020294803394315
q;1556743078272;0.08914081,-0.028964404,-0.010249848,0.995545,
v;1556743078272;0.177829391538599,-0.0604882942498159,-0.0259848504223267
q;1556743078306;0.1156073,-0.026674695,-0.0100324135,0.99288607,
v;1556743078306;0.231085734734515,-0.056829914602846,-0.0268053218569773
q;1556743078341;0.13712849,-0.022609536,-0.010327172,0.99024135,
v;1556743078341;0.274549791023499,-0.0494827901991115,-0.0276942384874643
q;1556743078376;0.16107689,-0.014602986,-0.0115976855,0.9867657,
v;1556743078376;0.323146300469015,-0.0343394650112068,-0.0291030434600539
q;1556743078410;0.1822052,-0.0042980984,-0.014554276,0.98314345,
v;1556743078410;0.366277757549647,-0.0147327934486707,-0.0323342446093174
q;1556743078444;0.19990788,0.008989174,-0.016484937,0.97963476,
v;1556743078444;0.402771743529638,0.0119802208343039,-0.0312062656155626
q;1556743078479;0.21290106,0.027341813,-0.020070598,0.9764849,
v;1556743078479;0.430017680840639,0.0493640344668326,-0.0303196413007738
q;1556743078514;0.2238707,0.046024118,-0.01929109,0.97334045,
v;1556743078514;0.452906148426377,0.090156249256486,-0.0188479628216561
q;1556743078550;0.23352817,0.07092516,-0.018771106,0.9695782,
v;1556743078550;0.472945389316965,0.145154670572389,-0.00367778016411562
q;1556743078585;0.23854056,0.10000253,-0.016387034,0.9658309,
v;1556743078585;0.482569946082017,0.210806042154231,0.0181258699066469
q;1556743078620;0.24417977,0.1316059,-0.016868163,0.96061003,
v;1556743078620;0.493331737266222,0.281421711440996,0.0361852257340566
q;1556743078654;0.24507216,0.1623379,-0.015300768,0.9556945,
v;1556743078654;0.493142192445785,0.350906378123992,0.0571615046962785
q;1556743078685;0.24438404,0.19037718,-0.0143182725,0.9506987,
v;1556743078685;0.489430046367193,0.41392129200038,0.074650655757296
q;1556743078720;0.2407856,0.21700439,-0.013055705,0.9459181,
v;1556743078720;0.479339489189865,0.473040716392837,0.0900617790651151
q;1556743078754;0.23198177,0.23816398,-0.007398122,0.9430841,
v;1556743078754;0.456802338867833,0.519808815450171,0.107783833136325
q;1556743078788;0.21932185,0.25718424,-0.0008171261,0.9411448,
v;1556743078788;0.42601749029523,0.560037188178376,0.122502398944499
q;1556743078823;0.20008574,0.2743521,0.00793622,0.9405497,
v;1556743078823;0.381191304405306,0.593677320600137,0.134768428506189
q;1556743078886;0.16237538,0.29980382,0.02432309,0.9397661,
v;1556743078886;0.294859529316595,0.639957796594403,0.150093777354922
q;1556743078922;0.14129107,0.31398883,0.030711163,0.9383521,
v;1556743078922;0.248422941044177,0.664772307873045,0.151578640493508
q;1556743078954;0.11793521,0.3239888,0.04125566,0.93777424,
v;1556743078954;0.195707380382101,0.680784406130825,0.157439021052853
q;1556743078986;0.09190939,0.33178526,0.0487873,0.9375985,
v;1556743078986;0.140435558481108,0.691126955700084,0.154605356369209
q;1556743079018;0.070076354,0.3349767,0.05562699,0.93796885,
v;1556743079018;0.094331220194038,0.693240114639423,0.152567522909383
q;1556743079050;0.049107835,0.3372501,0.056987114,0.9384046,
v;1556743079050;0.0537541000979396,0.69381492341647,0.140744008581218
q;1556743079081;0.023259386,0.33795014,0.064014986,0.9386963,
v;1556743079081;0.00039925220595448,0.691175117829731,0.136324152797603
q;1556743079113;-0.0011079403,0.3348342,0.07085214,0.9396089,
v;1556743079113;-0.0495497734771735,0.681350300915638,0.132958750343404
q;1556743079145;-0.026799819,0.3298212,0.06968241,0.9410867,
v;1556743079145;-0.0965573478876208,0.668657825483761,0.114255557444158
q;1556743079176;-0.053652506,0.32270485,0.07267072,0.9421794,
v;1556743079176;-0.148548687142218,0.652253052104014,0.103634565269155
q;1556743079209;-0.08281084,0.31111318,0.07532171,0.9437572,
v;1556743079209;-0.204598250696246,0.627346902234829,0.0927073222004786
q;1556743079240;-0.10765151,0.29768103,0.075851835,0.9455388,
v;1556743079240;-0.251375706573736,0.599637762633802,0.0820168066821652
q;1556743079271;-0.124420404,0.28260672,0.08089402,0.9476862,
v;1556743079271;-0.285404266177792,0.567170878910615,0.0866075163441862
q;1556743079303;-0.13796392,0.26709238,0.0782168,0.95053136,
v;1556743079303;-0.308951857273998,0.535580516289964,0.0788057322797756
q;1556743079336;-0.15098538,0.24847832,0.07530591,0.95382965,
v;1556743079336;-0.331490174569352,0.497527521827118,0.072639848432803
q;1556743079368;-0.16203143,0.23313372,0.07297716,0.95606947,
v;1556743079368;-0.351017541377901,0.466257857908471,0.0682007824192173
q;1556743079401;-0.17662717,0.21610442,0.06531464,0.95803744,
v;1556743079401;-0.375416924162428,0.433742075894685,0.0524857087552534
q;1556743079457;-0.20059681,0.1765575,0.066433355,0.9613402,
v;1556743079457;-0.421513744853833,0.349914627120988,0.0623946654868453
q;1556743079495;-0.21113522,0.15543902,0.06055712,0.9631165,
v;1556743079495;-0.439538091325163,0.30742276672413,0.0563975537470971
q;1556743079533;-0.21031582,0.13582377,0.054494325,0.9666176,
v;1556743079533;-0.434981027469287,0.267443041466402,0.0531949369874919
q;1556743079567;-0.2037126,0.120479584,0.04769479,0.970418,
v;1556743079567;-0.419019796839392,0.236913737213174,0.0476172358844894
q;1556743079602;-0.20098257,0.10096795,0.03407909,0.97378135,
v;1556743079602;-0.409671408531477,0.200793212092601,0.0281154718019255
q;1556743079669;-0.19274527,0.05763477,0.021192005,0.9793255,
v;1556743079669;-0.389756845946017,0.113450690684502,0.0208556224507271
q;1556743079711;-0.18326844,0.023341393,0.016466005,0.98264784,
v;1556743079711;-0.36928138303056,0.042730026693413,0.0255286356445466
q;1556743079744;-0.1762257,0.0020504089,0.012321527,0.9842706,
v;1556743079744;-0.354325751233678,-0.000326720730633757,0.0250940608747451
q;1556743079776;-0.16387877,-0.013655316,0.0054540387,0.9863709,
v;1556743079776;-0.329047257239912,-0.0303591784962563,0.0160994248153787
q;1556743079808;-0.15148857,-0.024415845,0.002140192,0.9881551,
v;1556743079808;-0.303942062493528,-0.0512733035342066,0.0121859686563357
q;1556743079840;-0.13822597,-0.03072698,-0.0031454363,0.98991895,
v;1556743079840;-0.277402433562815,-0.0623889218105341,0.00235719685739306
q;1556743079872;-0.12533836,-0.034630418,-0.005225804,0.9914957,
v;1556743079872;-0.251551401933233,-0.069606970624037,-0.00173633247898326
q;1556743079904;-0.11450133,-0.036963575,-0.009674511,0.9926881,
v;1556743079904;-0.230067683822317,-0.0731624050743876,-0.0110337330799151
q;1556743079935;-0.10269451,-0.036660522,-0.013160906,0.99395,
v;1556743079935;-0.20657751340362,-0.0717603325337015,-0.0190388132041868
q;1556743079967;-0.09139761,-0.035089437,-0.01414123,0.9950956,
v;1556743079967;-0.18392638714239,-0.0684569457619079,-0.0221041669242255
q;1556743079999;-0.07882635,-0.03198807,-0.018068003,0.9962112,
v;1556743079999;-0.158878880070731,-0.0617010341519182,-0.0313560827079242
q;1556743080031;-0.06576656,-0.029805288,-0.02033061,0.99718255,
v;1556743080031;-0.132764131519121,-0.0573038446939928,-0.0369598716291134
q;1556743080062;-0.051809505,-0.02731802,-0.020181539,0.9980793,
v;1556743080062;-0.104713888052959,-0.0527531950065215,-0.0376700837551678
q;1556743080093;-0.03945551,-0.02365636,-0.026448019,0.9985911,
v;1556743080093;-0.0801369146549808,-0.045319926027161,-0.0511411076559974
q;1556743080126;-0.030530883,-0.020745728,-0.02593503,0.9989819,
v;1556743080126;-0.0621156174316409,-0.0399532347708653,-0.0506698371661163
q;1556743080178;-0.014851405,-0.01956813,-0.026749631,0.9993403,
v;1556743080178;-0.0307349342299068,-0.038343401845535,-0.0529324420002327
