q;1556743101533;0.05224252,-0.07668024,0.0071729813,0.9956603,
v;1556743101533;0.105326291915458,-0.153393033189219,0.00630675914963884
q;1556743101592;0.07434317,-0.067065276,0.009502132,0.9949297,
v;1556743101592;0.149766228465925,-0.133932448270522,0.00903750384337636
q;1556743101635;0.09141438,-0.055998415,0.009190504,0.99419475,
v;1556743101635;0.183830333804468,-0.111778459747044,0.00817399618935473
q;1556743101668;0.10836005,-0.045407146,0.007770544,0.9930438,
v;1556743101668;0.217632143243243,-0.0907610776736851,0.00572747321711482
q;1556743101699;0.12285132,-0.034597453,0.0056974064,0.9918055,
v;1556743101699;0.246574455138926,-0.0693804513545777,0.00288810945530807
q;1556743101729;0.13851714,-0.022597069,0.004409312,0.9900924,
v;1556743101729;0.278058053312885,-0.0452788656804147,0.00256979775404811
q;1556743101759;0.15433156,-0.0074920263,0.0011311317,0.9879901,
v;1556743101759;0.309910137075353,-0.0151786059069452,-8.12909931444303e-05
q;1556743101790;0.16752364,0.009591373,-0.00053037726,0.98582125,
v;1556743101790;0.336628708754055,0.0198483011852446,0.00229675988826162
q;1556743101821;0.18193637,0.031172162,-0.0038698267,0.9828085,
v;1556743101821;0.365973488054885,0.0641540386958816,0.00400108106009381
q;1556743101851;0.19115147,0.05580499,-0.0062632095,0.97995293,
v;1556743101851;0.384761325486539,0.115674192963737,0.00977383946927693
q;1556743101881;0.20097059,0.08197536,-0.0067785294,0.97613776,
v;1556743101881;0.404393560412746,0.171962190915288,0.0214471275157046
q;1556743101912;0.20781574,0.11234903,-0.009433487,0.9716488,
v;1556743101912;0.418037262632734,0.236816896391518,0.0310413219183317
q;1556743101942;0.21215057,0.13907135,-0.006697818,0.9672675,
v;1556743101942;0.424950464103935,0.296509231949647,0.0505681778025727
q;1556743101972;0.2148254,0.16622807,-0.005830873,0.9623847,
v;1556743101972;0.428413127922889,0.35648730548181,0.0662260689513816
q;1556743102003;0.21331841,0.19377862,-0.0040778685,0.9575638,
v;1556743102003;0.422577279966265,0.416975046312218,0.0821764309462395
q;1556743102033;0.20910604,0.2192738,0.0016600378,0.95299053,
v;1556743102033;0.409144021319944,0.473818156046061,0.103586692511585
q;1556743102064;0.20220551,0.244328,0.0053299065,0.9483609,
v;1556743102064;0.390794470588309,0.527692819652874,0.118073743222198
q;1556743102097;0.19156286,0.26967633,0.011128948,0.943639,
v;1556743102097;0.363480993970322,0.581278654558381,0.133409213663332
q;1556743102126;0.1813508,0.2905516,0.017103638,0.93936104,
v;1556743102126;0.337118086270507,0.624877178480395,0.146239442505767
q;1556743102156;0.16875999,0.30979797,0.021801202,0.93545175,
v;1556743102156;0.307026700974429,0.663344307618558,0.153078687995836
q;1556743102189;0.15081543,0.32740626,0.029469797,0.9323043,
v;1556743102189;0.265005478860981,0.696813566335705,0.159946357798752
q;1556743102219;0.13118024,0.3398541,0.035828017,0.93059516,
v;1556743102219;0.221608217877827,0.718192695821369,0.160441230072057
q;1556743102249;0.11157484,0.348927,0.04068948,0.9295942,
v;1556743102249;0.180013984412076,0.732330876662862,0.156673861039473
q;1556743102278;0.08717821,0.35569397,0.048123296,0.9292825,
v;1556743102278;0.12814244317269,0.740971935705861,0.153309727774111
q;1556743102308;0.057604447,0.35924748,0.05861767,0.9296166,
v;1556743102308;0.0650294231960556,0.742466336191244,0.151267150010378
q;1556743102338;0.028748402,0.3576495,0.068133615,0.9309233,
v;1556743102338;0.00478922615139084,0.733957792016217,0.147958992334966
q;1556743102368;0.0043498045,0.3534627,0.07436731,0.9324777,
v;1556743102368;-0.0444746092559826,0.721474191308161,0.142387672351284
q;1556743102398;-0.020726336,0.3492503,0.08075032,0.9333135,
v;1556743102398;-0.0952363852632152,0.709593097910722,0.137304637641436
q;1556743102428;-0.046991438,0.34205022,0.08696578,0.934468,
v;1556743102428;-0.147855447056946,0.691973953248348,0.132209739691788
q;1556743102458;-0.07459494,0.33254728,0.09077171,0.9357395,
v;1556743102458;-0.201332032037482,0.670482248744862,0.12305427645069
q;1556743102488;-0.10389753,0.32188082,0.09261852,0.9364934,
v;1556743102488;-0.257044174194105,0.647832047794075,0.110433190123043
q;1556743102518;-0.12676336,0.30855483,0.094528675,0.9379709,
v;1556743102518;-0.300643855713755,0.619860978030088,0.103944403082039
q;1556743102548;-0.1452959,0.2948551,0.09276952,0.9398635,
v;1556743102548;-0.333999114120496,0.592132840963686,0.0940256908472438
q;1556743102578;-0.16290675,0.2799606,0.08816903,0.9419712,
v;1556743102578;-0.364277869975628,0.562999740949452,0.0802358173249898
q;1556743102608;-0.17547952,0.26291472,0.08763877,0.94467044,
v;1556743102608;-0.387228611557586,0.527341843033806,0.0792518844520098
q;1556743102638;-0.18638547,0.24703509,0.08592148,0.9470225,
v;1556743102638;-0.406583548125961,0.494456620632284,0.0769986461025664
q;1556743102668;-0.19502452,0.23007049,0.079617806,0.9501021,
v;1556743102668;-0.419410183548183,0.460800823084732,0.0674433674337721
q;1556743102697;-0.20241958,0.20738909,0.07534881,0.9541167,
v;1556743102697;-0.430710861327555,0.413649136571068,0.0658844758074423
q;1556743102727;-0.21212845,0.18054782,0.073891014,0.95757204,
v;1556743102727;-0.447749821807758,0.356301947942144,0.0720743454728941
q;1556743102760;-0.22403045,0.15035029,0.07272097,0.960165,
v;1556743102760;-0.46909544976445,0.291258846396602,0.0811248181723618
q;1556743102790;-0.23327813,0.12216335,0.07126702,0.9620699,
v;1556743102790;-0.485072130427395,0.230152032973912,0.0907052574827372
q;1556743102820;-0.23830356,0.096177354,0.07065781,0.9638303,
v;1556743102820;-0.492646970589069,0.173060993800909,0.102742348305367
q;1556743102850;-0.23837246,0.0700443,0.06840873,0.966226,
v;1556743102850;-0.489547540678835,0.116682047693744,0.112187826568163
q;1556743102880;-0.23398906,0.049551435,0.072074965,0.96829695,
v;1556743102880;-0.47831577485345,0.0701560991747037,0.131483155096882
q;1556743102911;-0.22577149,0.035036758,0.07055811,0.9709898,
v;1556743102911;-0.459374883089021,0.0403762999618724,0.135635596652059
q;1556743102941;-0.2153373,0.025612438,0.06219675,0.9742204,
v;1556743102941;-0.436486504735584,0.025512226531824,0.121853835604068
q;1556743102971;-0.205401,0.01696257,0.053921856,0.9770441,
v;1556743102971;-0.415012071171239,0.0120153846504537,0.107735967243594
q;1556743103001;-0.1965629,0.006192681,0.04597134,0.97939336,
v;1556743103001;-0.395851704913676,-0.00644047093446056,0.0950999746125639
q;1556743103031;-0.18466018,-0.005312237,0.043514214,0.9818243,
v;1556743103031;-0.370568485732266,-0.0284357997094387,0.0939117328161582
q;1556743103061;-0.1692883,-0.019434895,0.03642678,0.9847014,
v;1556743103061;-0.338402854150792,-0.0536769309902687,0.0831237400502412
q;1556743103091;-0.15245621,-0.034421377,0.032382,0.98717964,
v;1556743103091;-0.303407786221339,-0.0816498372193914,0.078070843554562
q;1556743103121;-0.13876523,-0.04769002,0.034482192,0.98857516,
v;1556743103121;-0.274505314590726,-0.108110512126756,0.0846797474835755
q;1556743103151;-0.12944399,-0.058071047,0.029414492,0.9894478,
v;1556743103151;-0.255511030943554,-0.12698415475033,0.0757722386463711
q;1556743103182;-0.11977723,-0.06580801,0.023765666,0.99033225,
v;1556743103182;-0.236303608221028,-0.140385958868478,0.0646776369519107
q;1556743103231;-0.10381438,-0.07242762,0.018292775,0.9917874,
v;1556743103231;-0.204700358769833,-0.151183373782164,0.0524415540621828
q;1556743103265;-0.091257155,-0.075019754,0.014284092,0.9928948,
v;1556743103265;-0.180045492946147,-0.15468712906463,0.0427614148780396
q;1556743103301;-0.07956295,-0.07449612,0.009974518,0.99399227,
v;1556743103301;-0.157332069317199,-0.152142507438696,0.0320851762898742
q;1556743103333;-0.06812977,-0.07209802,0.0063333753,0.9950478,
v;1556743103333;-0.135081942883682,-0.14619214685282,0.0226361897292251
q;1556743103366;-0.05625883,-0.07006323,0.003134372,0.9959499,
v;1556743103366;-0.111855849615472,-0.141260792861211,0.0142160223286378
q;1556743103399;-0.045971293,-0.067317486,0.0019200032,0.9966701,
v;1556743103399;-0.0915055734983565,-0.135340474660969,0.0100588154355871
q;1556743103433;-0.03587713,-0.065046124,-0.0002343482,0.9972371,
v;1556743103433;-0.0716477808140517,-0.130419061403192,0.00421075058570743
q;1556743103471;-0.02408316,-0.064804144,-0.002129811,0.9976051,
v;1556743103471;-0.0483458387204635,-0.129709850992923,-0.00112936331852573
q;1556743103506;-0.014409328,-0.065169744,-0.002885444,0.99776596,
v;1556743103506;-0.0291344827344094,-0.130389481404998,-0.00388154816180127
q;1556743103538;-0.0062397085,-0.065839335,-0.0037746478,0.9978036,
v;1556743103538;-0.0129494097158913,-0.1317340437089,-0.00671169092085403
