q;1556287391728;-0.094631106,0.12258422,0.019966263,0.9877345,
v;1556287391728;-0.193032463332578,0.245347805348981,0.0165503030323446
q;1556287391762;-0.10404677,0.123523414,0.016780186,0.98672926,
v;1556287391762;-0.21104054957368,0.248271003947662,0.00757879461956816
q;1556287391794;-0.11956259,0.12264818,0.0151999,0.9851047,
v;1556287391794;-0.241636414346279,0.247653259251318,0.000637230803929255
q;1556287391826;-0.14000812,0.12092847,0.015520158,0.9826155,
v;1556287391826;-0.282650503432679,0.2454024197724,-0.00350013346526846
q;1556287391862;-0.17048134,0.118359834,0.0156518,0.97810125,
v;1556287391862;-0.343942299637826,0.242645198077035,-0.0103442022540496
q;1556287391898;-0.20821035,0.11418132,0.015200835,0.97127753,
v;1556287391898;-0.420187195163509,0.238250422056418,-0.0197370510209263
q;1556287391933;-0.25079125,0.108292684,0.017032035,0.9618141,
v;1556287391933;-0.507642057573067,0.23063925407072,-0.0246673151721687
q;1556287391968;-0.29366174,0.10147427,0.019492373,0.95030826,
v;1556287391968;-0.596915813504922,0.221144292921086,-0.0272690394643765
q;1556287392002;-0.3334898,0.0973343,0.027040241,0.93732566,
v;1556287392002;-0.68212117967933,0.213450057088329,-0.0183317242567634
q;1556287392037;-0.36845905,0.096736476,0.03830523,0.9238034,
v;1556287392037;-0.758975476604033,0.208952844821761,-0.000708238941568285
q;1556287392068;-0.3915105,0.09812256,0.046133343,0.9137632,
v;1556287392068;-0.810380125627551,0.209292162336771,0.010849932946537
q;1556287392099;-0.41134438,0.1017687,0.053105343,0.9042227,
v;1556287392099;-0.855200961064538,0.215598825769767,0.018770756839082
q;1556287392131;-0.4266021,0.10907691,0.06148673,0.89573,
v;1556287392131;-0.89092586205466,0.229376778950904,0.0271806162198655
q;1556287392163;-0.43820295,0.120205216,0.0699764,0.88804966,
v;1556287392163;-0.919197211182486,0.253623837054098,0.0312297528568326
q;1556287392195;-0.4466831,0.13578166,0.07785839,0.8808948,
v;1556287392195;-0.94092807990696,0.292172488240338,0.0269409908302948
q;1556287392228;-0.45033538,0.15650707,0.08984735,0.8744319,
v;1556287392228;-0.953936055598086,0.33976538623893,0.0279553756559513
q;1556287392261;-0.4472329,0.17906265,0.09881329,0.8707211,
v;1556287392261;-0.951380571430701,0.395071055819002,0.0205199492736952
q;1556287392295;-0.4371911,0.2018766,0.105014175,0.8701045,
v;1556287392295;-0.93265388068133,0.450697400152608,0.0104572323153637
q;1556287392330;-0.42548612,0.22636308,0.110686935,0.86917764,
v;1556287392330;-0.910412616850604,0.5097203459359,-0.000351275427905228
q;1556287392360;-0.4164859,0.24815941,0.11342916,0.86723137,
v;1556287392360;-0.892553318517719,0.565011734898626,-0.0158928072667228
q;1556287392395;-0.40329516,0.27483216,0.11385936,0.86536485,
v;1556287392395;-0.864204976419035,0.632524295390229,-0.0379257240884864
q;1556287392427;-0.38508266,0.3000206,0.10740026,0.86612016,
v;1556287392427;-0.820519714284982,0.695669877542359,-0.0660787108752384
q;1556287392461;-0.35957173,0.3338266,0.09458543,0.86621106,
v;1556287392461;-0.756087534661876,0.777401153303064,-0.104941121920004
q;1556287392494;-0.3358573,0.37111646,0.086771674,0.8613612,
v;1556287392494;-0.698400745840474,0.861271422269512,-0.130681805445619
q;1556287392524;-0.3146837,0.40019727,0.083382726,0.85665846,
v;1556287392524;-0.650886613318912,0.920514583739807,-0.137457787862474
q;1556287392557;-0.29307055,0.42031154,0.08135219,0.85488576,
v;1556287392557;-0.605861205110672,0.954859285179082,-0.130867937100108
q;1556287392588;-0.27304804,0.43014374,0.079632066,0.85678464,
v;1556287392588;-0.566157659097646,0.964607168001732,-0.116911236143402
q;1556287392622;-0.2504569,0.43692166,0.079319224,0.8602786,
v;1556287392622;-0.523873612237518,0.965434895643786,-0.095291363937366
q;1556287392655;-0.22400029,0.44113305,0.08224996,0.8651361,
v;1556287392655;-0.4781616916379,0.958272484673535,-0.0623408977618326
q;1556287392690;-0.19956507,0.44044426,0.08252159,0.87142,
v;1556287392690;-0.433998883612752,0.94374050227816,-0.0352469669662646
q;1556287392723;-0.17954117,0.438406,0.08138309,0.87689334,
v;1556287392723;-0.396545893003523,0.930422050908341,-0.0159322262250418
q;1556287392758;-0.16047226,0.43610105,0.0819942,0.8816697,
v;1556287392758;-0.362360647418593,0.917781166199982,0.00494018256943495
q;1556287392791;-0.14234395,0.43598735,0.08284254,0.8847544,
v;1556287392791;-0.330076575505588,0.911749786270108,0.0237547331004743
q;1556287392826;-0.122911885,0.43541956,0.086221784,0.8876195,
v;1556287392826;-0.297659332734178,0.904891320617884,0.0481635600964084
q;1556287392861;-0.10585433,0.43521294,0.08800672,0.88974124,
v;1556287392861;-0.26817203479386,0.900823991413312,0.0669076835139941
q;1556287392894;-0.0891644,0.4336601,0.08770807,0.8923542,
v;1556287392894;-0.237427869115794,0.894991274263594,0.0815756620580484
q;1556287392927;-0.07061536,0.42995247,0.08904649,0.89567024,
v;1556287392927;-0.204489854128751,0.884717655850064,0.101064160105483
q;1556287392959;-0.04626922,0.42532387,0.08991167,0.8993746,
v;1556287392959;-0.160396754918417,0.873483241079553,0.12428058540491
q;1556287392991;-0.022948511,0.41872823,0.09047685,0.9033017,
v;1556287392991;-0.117499462620906,0.859546503802493,0.145754373800083
q;1556287393023;-0.0028227307,0.4096304,0.08826128,0.90796745,
v;1556287393023;-0.0775124970046231,0.841438671208263,0.159110410023629
q;1556287393054;0.012168801,0.40073037,0.082231686,0.9124172,
v;1556287393054;-0.0437133415632479,0.824147439109304,0.160655030092983
q;1556287393085;0.027920106,0.39128727,0.07877631,0.9164655,
v;1556287393085;-0.0104728981967774,0.806169917477458,0.167025742337265
q;1556287393120;0.045168158,0.3780653,0.07749151,0.9214237,
v;1556287393120;0.024646815854609,0.780916572826201,0.177949488245584
q;1556287393153;0.05756893,0.36576265,0.07251364,0.9260914,
v;1556287393153;0.0536082930399324,0.75707036871701,0.177607740579772
q;1556287393188;0.06583308,0.35115704,0.06747117,0.9315591,
v;1556287393188;0.0753401100036006,0.727516870384089,0.17329751525801
q;1556287393220;0.070060745,0.3365083,0.05956149,0.93717986,
v;1556287393220;0.0913602063734318,0.696790834554333,0.16014029388115
q;1556287393251;0.07777418,0.32213917,0.051621348,0.94207895,
v;1556287393251;0.113524006071866,0.667436957105457,0.148875083372775
q;1556287393282;0.0912171,0.30599847,0.04620417,0.946525,
v;1556287393282;0.144908329396284,0.63592811285897,0.145320049308718
q;1556287393315;0.10251379,0.2932657,0.039252616,0.94970804,
v;1556287393315;0.172548387948014,0.610892980914507,0.137144273081675
q;1556287393347;0.10862354,0.28185305,0.029898703,0.95282,
v;1556287393347;0.191308088523545,0.586809989285395,0.120697371176748
q;1556287393378;0.11360511,0.268757,0.020241326,0.9562708,
v;1556287393378;0.207888682266219,0.558624046749876,0.102149850915608
q;1556287393412;0.1190038,0.25214094,0.009521193,0.9602981,
v;1556287393412;0.225667390742778,0.522656628134838,0.0804213752005896
q;1556287393444;0.12714411,0.22982402,0.0009075408,0.96489096,
v;1556287393444;0.247461164563616,0.475387735238014,0.062124092506625
q;1556287393477;0.13571066,0.19924329,-0.0054802024,0.970492,
v;1556287393477;0.268822079905332,0.411071920536601,0.0450755195386725
q;1556287393512;0.14213921,0.17054029,-0.0152419,0.97492576,
v;1556287393512;0.286241934174254,0.349167199557176,0.0195584790323132
q;1556287393549;0.14285466,0.14452645,-0.027252605,0.97875535,
v;1556287393549;0.29163332848753,0.291359747582578,-0.012586487992821
q;1556287393580;0.13771184,0.12034817,-0.03362521,0.9825585,
v;1556287393580;0.282454102818108,0.238878375357702,-0.0342962020203746
q;1556287393612;0.13046171,0.09616595,-0.040301256,0.98595524,
v;1556287393612;0.268214324557207,0.186841921442918,-0.0564248181514151
q;1556287393644;0.11884488,0.07459319,-0.05143926,0.9887698,
v;1556287393644;0.245142424288762,0.139909683095717,-0.0866902306151078
q;1556287393678;0.104761794,0.05161609,-0.06554643,0.99099165,
v;1556287393678;0.2160801933656,0.0908021001950244,-0.1222368196313
q;1556287393711;0.08857259,0.031247042,-0.0830837,0.9921067,
v;1556287393711;0.181941288856018,0.0480949979210778,-0.162711373193699
q;1556287393744;0.06278175,0.010932124,-0.102139115,0.9927268,
v;1556287393744;0.127226395002981,0.00895275829449934,-0.204483054603223
q;1556287393777;0.02877747,-0.011618758,-0.11923247,0.9923812,
v;1556287393777;0.0543725609840359,-0.0299716649330551,-0.239964426053126
q;1556287393810;-0.0070428634,-0.035621524,-0.13284388,0.9904716,
v;1556287393810;-0.0234178555976539,-0.0687660365580276,-0.265846848874111
q;1556287393846;-0.048293464,-0.06795483,-0.1476446,0.98552066,
v;1556287393846;-0.115511445259006,-0.120777570476885,-0.290423859439357
q;1556287393877;-0.086647354,-0.09886078,-0.16771694,0.9770311,
v;1556287393877;-0.203885197698145,-0.168381367746618,-0.322740396164185
q;1556287393908;-0.12509301,-0.13510223,-0.18838446,0.9646815,
v;1556287393908;-0.296580954011995,-0.225176200806426,-0.351930845186933
q;1556287393940;-0.16153952,-0.17369081,-0.20613578,0.94933903,
v;1556287393940;-0.387979999147224,-0.288293496374178,-0.370615576218326
q;1556287393974;-0.19157088,-0.21343565,-0.22035591,0.93230313,
v;1556287393974;-0.468185596126016,-0.359018848933838,-0.377703222147897
q;1556287394005;-0.21334471,-0.24874906,-0.22845516,0.91674215,
v;1556287394005;-0.529173650946319,-0.428401126402856,-0.370714616358347
q;1556287394037;-0.23241001,-0.28550914,-0.22701317,0.90162915,
v;1556287394037;-0.580837102179585,-0.511657149373301,-0.337281768897429
q;1556287394073;-0.24342681,-0.32194257,-0.2240641,0.88706917,
v;1556287394073;-0.61400357314574,-0.600852419319198,-0.299025517339352
q;1556287394107;-0.24283323,-0.35308063,-0.213445,0.87795633,
v;1556287394107;-0.61519836839008,-0.684427073485828,-0.251601161625331
q;1556287394139;-0.23376368,-0.3782824,-0.19976924,0.8731261,
v;1556287394139;-0.593599900964459,-0.753544746802084,-0.209002140732915
q;1556287394170;-0.22330141,-0.39776397,-0.19336426,0.8686372,
v;1556287394170;-0.572532576510097,-0.802920455962557,-0.18944562931591
q;1556287394200;-0.21322808,-0.41366756,-0.18448614,0.86566615,
v;1556287394200;-0.548960239169679,-0.844030665591362,-0.168420427244608
q;1556287394230;-0.20061831,-0.42748392,-0.17337623,0.864263,
v;1556287394230;-0.517840661797967,-0.879394714157498,-0.148042274282131
q;1556287394261;-0.18439163,-0.44019264,-0.16161634,0.86377674,
v;1556287394261;-0.478931376945744,-0.910330441813055,-0.132064445729234
q;1556287394291;-0.16772209,-0.4527084,-0.14453372,0.8637328,
v;1556287394291;-0.43410369394192,-0.941684367514846,-0.108029137839492
q;1556287394321;-0.14948612,-0.4634715,-0.1269647,0.86413425,
v;1556287394321;-0.385520184717884,-0.967527888761822,-0.0873804419949372
q;1556287394351;-0.13295005,-0.47262895,-0.111155264,0.8640548,
v;1556287394351;-0.341417009440626,-0.988892435909087,-0.0705431809311428
q;1556287394381;-0.11891791,-0.4793882,-0.09290591,0.86453104,
v;1556287394381;-0.299133652771073,-1.00523639390797,-0.0488104877525648
q;1556287394411;-0.10474686,-0.48408723,-0.07507327,0.8654777,
v;1556287394411;-0.256809690386239,-1.01614544273875,-0.0295070662830973
q;1556287394442;-0.09025367,-0.48486596,-0.05827225,0.8679652,
v;1556287394442;-0.214831239603455,-1.01737506856159,-0.013955962472512
q;1556287394473;-0.0762333,-0.48483258,-0.039543208,0.8703805,
v;1556287394473;-0.171892867918611,-1.01690167876288,0.00516159091567391
q;1556287394505;-0.06219048,-0.48357671,-0.021642871,0.87282157,
v;1556287394505;-0.129859030645087,-1.0133437769515,0.0225588452519447
q;1556287394540;-0.047785044,-0.47890905,-0.0051005324,0.8765482,
v;1556287394540;-0.0887737258770662,-1.0017281841745,0.0369816773710514
q;1556287394573;-0.038745843,-0.47232947,0.01007079,0.8805125,
v;1556287394573;-0.0587527317934669,-0.986324116974645,0.0544573491585705
q;1556287394605;-0.031029738,-0.46389544,0.025532654,0.8849782,
v;1556287394605;-0.0312373997051946,-0.966779196764226,0.0740846520147098
q;1556287394638;-0.02355781,-0.4569094,0.041198354,0.88824636,
v;1556287394638;-0.00420245991958628,-0.950393732842507,0.0948591793029748
q;1556287394670;-0.017340852,-0.45338115,0.060522158,0.8890905,
v;1556287394670;0.0240463549478608,-0.941643788919116,0.123694235624328
q;1556287394703;-0.009122964,-0.44431856,0.082185075,0.89204454,
v;1556287394703;0.0567870438281699,-0.919808678732458,0.155609560195293
q;1556287394735;-0.003471779,-0.4284167,0.10161731,0.89784247,
v;1556287394735;0.0809231767666785,-0.88282395520577,0.187146801504727
q;1556287394768;-0.00064952375,-0.4023917,0.12284123,0.9071883,
v;1556287394768;0.0978381166095178,-0.823837876406521,0.226405792763514
q;1556287394800;0.00036838977,-0.3732634,0.14243598,0.91672593,
v;1556287394800;0.107212978706718,-0.75901487507369,0.265488868065428
q;1556287394831;-0.000613853,-0.33976033,0.16050561,0.92671496,
v;1556287394831;0.108139789628835,-0.686223749701211,0.304329362904892
q;1556287394865;-0.0009274208,-0.302759,0.17496486,0.93686897,
v;1556287394865;0.104396153152145,-0.607385769769054,0.336512877711336
q;1556287394901;-0.004286768,-0.26852256,0.18361685,0.94560146,
v;1556287394901;0.0906273928417044,-0.536934217575767,0.358638154315002
q;1556287394935;-0.014733154,-0.23523726,0.1873758,0.95359147,
v;1556287394935;0.0600928805175425,-0.472353147318922,0.373579366707749
q;1556287394969;-0.029918589,-0.1981517,0.18854308,0.9614012,
v;1556287394969;0.0171935760289249,-0.403181195448416,0.383796292564565
q;1556287395002;-0.047409866,-0.16494331,0.18780775,0.9670958,
v;1556287395002;-0.0297488884658846,-0.343716948187891,0.388784356475768
q;1556287395034;-0.069153406,-0.13219409,0.18312924,0.97170275,
v;1556287395034;-0.0860821772279887,-0.287216324561472,0.385009954923524
q;1556287395068;-0.092212446,-0.09820686,0.17728342,0.9748964,
v;1556287395068;-0.145486964961423,-0.228556851363226,0.376493586121388
q;1556287395099;-0.111249425,-0.07133969,0.17646538,0.97539437,
v;1556287395099;-0.193042897863993,-0.182825911696627,0.375712581128778
q;1556287395134;-0.13847263,-0.044561703,0.1803466,0.9727871,
v;1556287395134;-0.256126863896026,-0.141726081978837,0.384900770265749
q;1556287395170;-0.1779488,-0.014573644,0.1818053,0.9669895,
v;1556287395170;-0.345694434420679,-0.0988911275578817,0.38896337630019
q;1556287395205;-0.20739435,0.016430123,0.18087748,0.9612497,
v;1556287395205;-0.416606115174516,-0.0475198764432231,0.382034515439221
q;1556287395239;-0.22815514,0.043177776,0.18547817,0.9548187,
v;1556287395239;-0.46868183494619,-0.00244540326859704,0.384314439973503
q;1556287395275;-0.2456132,0.07446699,0.18197057,0.9492184,
v;1556287395275;-0.515974526887267,0.0597980935441058,0.363032249404943
q;1556287395306;-0.25492826,0.09812286,0.18031757,0.9449175,
v;1556287395306;-0.543528137463141,0.109461459918699,0.346593243801538
q;1556287395337;-0.26407158,0.117559396,0.18210432,0.9398319,
v;1556287395337;-0.56946545448864,0.148726954553103,0.339178235938344
q;1556287395373;-0.27202082,0.14013496,0.17980167,0.9349001,
v;1556287395373;-0.593200486428495,0.199356394440727,0.318893887213448
q;1556287395408;-0.27575275,0.15615796,0.18000393,0.9312216,
v;1556287395408;-0.606252637964854,0.235268239892728,0.307996203806311
q;1556287395442;-0.27405044,0.17292659,0.18098468,0.92856735,
v;1556287395442;-0.608384666988376,0.273893739950317,0.298515512249013
q;1556287395477;-0.2668717,0.19176838,0.17815983,0.9275039,
v;1556287395477;-0.598471064573028,0.320951314987066,0.279758572495467
q;1556287395510;-0.2574035,0.20907453,0.17372519,0.92728144,
v;1556287395510;-0.582381002534391,0.365254804059471,0.259812955698303
q;1556287395544;-0.2463311,0.22762237,0.17104794,0.9264187,
v;1556287395544;-0.563655933908525,0.410684974663874,0.244693220355069
q;1556287395575;-0.23442867,0.24314728,0.16786197,0.9261452,
v;1556287395575;-0.542011624197002,0.448772656643036,0.231949353227195
q;1556287395608;-0.21996014,0.2554153,0.16420127,0.92704827,
v;1556287395608;-0.514048299152396,0.479003089181908,0.222421038749598
q;1556287395643;-0.20170818,0.26713184,0.15971485,0.9286795,
v;1556287395643;-0.477966307592857,0.507755856164897,0.214359581570183
q;1556287395678;-0.18231465,0.2759458,0.15657213,0.93064517,
v;1556287395678;-0.439792080366791,0.52884447831143,0.212470105668256
q;1556287395712;-0.16378672,0.28028208,0.15400855,0.9332188,
v;1556287395712;-0.402836504689667,0.539618693951186,0.21429335436853
q;1556287395744;-0.14686137,0.2818624,0.15100549,0.9360463,
v;1556287395744;-0.368336090373391,0.544589085697663,0.215953666894135
q;1556287395777;-0.13096713,0.28063995,0.14959918,0.9389936,
v;1556287395777;-0.336220530774255,0.543095955220489,0.221547660886586
q;1556287395808;-0.116583794,0.27732408,0.14686431,0.9423007,
v;1556287395808;-0.305921482327494,0.537723438343227,0.224322507065615
q;1556287395843;-0.10057437,0.2739992,0.14294706,0.9457142,
v;1556287395843;-0.271901932033576,0.533053200250476,0.225372428457282
q;1556287395875;-0.08673167,0.27194744,0.14034657,0.94806385,
v;1556287395875;-0.243177762870541,0.530767642493004,0.22753748155292
q;1556287395908;-0.07443631,0.26989493,0.13586167,0.95034605,
v;1556287395908;-0.216504715967442,0.528849019411373,0.225161191876288
q;1556287395939;-0.062720336,0.26833183,0.13058993,0.95237094,
v;1556287395939;-0.19070271816139,0.528056882523774,0.22084226317087
q;1556287395974;-0.051035833,0.26802507,0.12545758,0.95384395,
v;1556287395974;-0.165364626568436,0.529841921598686,0.21659745261636
