q;1556287465074;-0.024292931,0.05392105,0.052714013,0.99685687,
v;1556287465074;-0.0541443913894505,0.105290430486405,0.102808256622108
q;1556287465111;-0.039575372,0.054255046,0.05538064,0.9962044,
v;1556287465111;-0.0849618573293682,0.104279163353301,0.10663241313925
q;1556287465145;-0.06343806,0.055830088,0.05990345,0.9946207,
v;1556287465145;-0.133276652902136,0.10457541279651,0.113324151103236
q;1556287465179;-0.09459412,0.05888515,0.06489824,0.99165154,
v;1556287465179;-0.196514281670134,0.106762766542404,0.120168821082968
q;1556287465214;-0.1266017,0.06318229,0.06929253,0.9875113,
v;1556287465214;-0.261776917245426,0.111253102360636,0.125447711171188
q;1556287465248;-0.16225061,0.06893019,0.07220106,0.98168755,
v;1556287465248;-0.334728206554644,0.11876127327514,0.126744444916685
q;1556287465280;-0.19901711,0.07662253,0.07784744,0.9738896,
v;1556287465280;-0.41104895056156,0.129364053678321,0.132525629277616
q;1556287465313;-0.23476686,0.08756042,0.085842,0.96428674,
v;1556287465313;-0.486797561859523,0.145975934329711,0.141264844182252
q;1556287465345;-0.2550478,0.09984971,0.08901469,0.95763093,
v;1556287465345;-0.530841838019961,0.16992077904359,0.139079843132826
q;1556287465376;-0.25633368,0.11289113,0.090477474,0.95570004,
v;1556287465376;-0.535631764720974,0.198280204104381,0.134205090129564
q;1556287465408;-0.23965384,0.12866306,0.092311084,0.95785725,
v;1556287465408;-0.503920478965724,0.2330471948507,0.131903202591055
q;1556287465440;-0.22320585,0.14689714,0.092171825,0.95922095,
v;1556287465440;-0.472694545772855,0.273712622430954,0.125278696530193
q;1556287465471;-0.20564845,0.16750033,0.09218032,0.9597683,
v;1556287465471;-0.439658198314079,0.318788467456386,0.119692667022772
q;1556287465503;-0.18672107,0.19189094,0.092400245,0.95904917,
v;1556287465503;-0.404556298132468,0.371324332515606,0.115097006579728
q;1556287465534;-0.16708139,0.21540707,0.09185151,0.95773005,
v;1556287465534;-0.367848468928864,0.421676327517565,0.111641607272054
q;1556287465568;-0.14549765,0.23622462,0.091175884,0.95640755,
v;1556287465568;-0.327192857035265,0.465814286413159,0.111814821354638
q;1556287465601;-0.12586798,0.24992181,0.09159905,0.9556705,
v;1556287465601;-0.29042748255167,0.494393960888208,0.117334267092442
q;1556287465635;-0.1122754,0.25507742,0.09418164,0.95575076,
v;1556287465635;-0.265779851477737,0.504540992890237,0.127563048024524
q;1556287465668;-0.102661684,0.25046062,0.09929438,0.95753366,
v;1556287465668;-0.248904843121623,0.49367432157558,0.143634593256069
q;1556287465700;-0.09297652,0.23903677,0.105982535,0.96072084,
v;1556287465700;-0.231375315999242,0.46858279621017,0.164285892713701
q;1556287465734;-0.08235012,0.22365165,0.11062702,0.9648627,
v;1556287465734;-0.209935635938308,0.436362299149941,0.181606307318522
q;1556287465766;-0.07221499,0.20662835,0.11403421,0.9690645,
v;1556287465766;-0.188196320336894,0.401614109609156,0.195855530729205
q;1556287465801;-0.059805933,0.18693997,0.11468066,0.97381985,
v;1556287465801;-0.160039505792684,0.362817730029421,0.205031653276412
q;1556287465839;-0.04442632,0.1634586,0.1145789,0.97886634,
v;1556287465839;-0.124756038537218,0.317565196894407,0.213042291042267
q;1556287465873;-0.029059634,0.13864292,0.11828351,0.98282385,
v;1556287465873;-0.0900409618242821,0.26999756668613,0.227311295317744
q;1556287465904;-0.014387415,0.1149413,0.118525356,0.986171,
v;1556287465904;-0.055652543325262,0.225546696742738,0.2329229064462
q;1556287465934;0.0005911474,0.090913,0.117096804,0.9889504,
v;1556287465934;-0.0201233707012168,0.180978095526106,0.233886834295946
q;1556287465967;0.0136142075,0.06699998,0.11138802,0.9914224,
v;1556287465967;0.012069163329399,0.136315150359871,0.224588975897407
q;1556287466000;0.02328118,0.042726345,0.102045365,0.99358904,
v;1556287466000;0.0375526251254361,0.0898403890344552,0.206378111533182
q;1556287466035;0.028065244,0.020360814,0.09412266,0.9949566,
v;1556287466035;0.0520380545242025,0.0458775766818823,0.18983230659853
q;1556287466070;0.027471857,-0.00028224415,0.08406785,0.99608123,
v;1556287466070;0.0548032861201495,0.00406283449933031,0.168509450773966
q;1556287466107;0.019426838,-0.022528386,0.07387846,0.9968235,
v;1556287466107;0.0420713922027993,-0.0420928641335644,0.147071550919581
q;1556287466139;0.008219674,-0.03954982,0.065023966,0.9970658,
v;1556287466139;0.0215361486932199,-0.0778953897210521,0.129406973136364
q;1556287466171;-0.004931909,-0.055244625,0.055418476,0.99692154,
v;1556287466171;-0.00371031529442275,-0.110923842688713,0.111270901449109
q;1556287466203;-0.02106014,-0.069289215,0.046059355,0.99631023,
v;1556287466203;-0.0355895453223175,-0.140558223532306,0.0948996779418018
q;1556287466235;-0.03800453,-0.0814328,0.032988254,0.9954075,
v;1556287466235;-0.0703453391868456,-0.165791681226023,0.0721037761530387
q;1556287466269;-0.05760465,-0.09494106,0.017763264,0.99365604,
v;1556287466269;-0.111335358795166,-0.193110204467793,0.0465441138955047
q;1556287466301;-0.07780836,-0.108281225,0.004753253,0.99105924,
v;1556287466301;-0.153801657114909,-0.219701684183841,0.0265888348513802
q;1556287466334;-0.09797183,-0.122828245,-0.009165611,0.98753774,
v;1556287466334;-0.197025604838658,-0.2480867350875,0.00608235340360057
q;1556287466368;-0.11612492,-0.14492828,-0.021256184,0.9823742,
v;1556287466368;-0.236516458793008,-0.291953740655596,-0.00833564066434425
q;1556287466402;-0.135998,-0.17298377,-0.034765,0.9748705,
v;1556287466402;-0.280866644456311,-0.348179188252175,-0.0215790230861829
q;1556287466437;-0.15536052,-0.20525618,-0.047911245,0.9651101,
v;1556287466437;-0.325252621107753,-0.414137437907511,-0.0302945734427537
q;1556287466469;-0.16932328,-0.24392983,-0.0644063,0.95272225,
v;1556287466469;-0.361905932159457,-0.493448846312003,-0.0429083911907233
q;1556287466502;-0.17694442,-0.29242867,-0.08213635,0.9361783,
v;1556287466502;-0.389084065663218,-0.594802967968927,-0.0543914936374975
q;1556287466534;-0.18100254,-0.34001806,-0.089815654,0.91845465,
v;1556287466534;-0.404504327182414,-0.699773669497459,-0.0455885678276088
q;1556287466568;-0.1794685,-0.38639122,-0.099664755,0.89919955,
v;1556287466568;-0.411271540203521,-0.802468122174526,-0.0442499999681676
q;1556287466599;-0.1724148,-0.42172378,-0.10810891,0.8835919,
v;1556287466599;-0.407018144102772,-0.880360111222979,-0.0497048883208271
q;1556287466629;-0.16252904,-0.4488092,-0.11069149,0.8717236,
v;1556287466629;-0.39273814066655,-0.94077055157806,-0.050998959683771
q;1556287466660;-0.15099925,-0.46903175,-0.10536209,0.863775,
v;1556287466660;-0.367941086235838,-0.98685485501392,-0.0432807878734713
q;1556287466690;-0.13602415,-0.48103166,-0.098906025,0.8604206,
v;1556287466690;-0.335487806571282,-1.01249605071522,-0.0416723458763657
q;1556287466720;-0.119832374,-0.48539686,-0.09324955,0.86100787,
v;1556287466720;-0.301422959053415,-1.01964332022284,-0.0463502223044112
q;1556287466751;-0.103560254,-0.4842802,-0.084714435,0.8646221,
v;1556287466751;-0.264194722078007,-1.01477708071509,-0.04786602925358
q;1556287466781;-0.08497597,-0.4803538,-0.0729074,0.8698988,
v;1556287466781;-0.219645528904508,-1.00394362083538,-0.0463364863413397
q;1556287466813;-0.06626615,-0.47659674,-0.061709173,0.8744463,
v;1556287466813;-0.175614440671611,-0.994030287240772,-0.0454730873551751
q;1556287466844;-0.04901918,-0.47157058,-0.050586678,0.87901044,
v;1556287466844;-0.134290386411138,-0.981907412670649,-0.0431017163797673
q;1556287466874;-0.033121165,-0.46679303,-0.039018206,0.8828844,
v;1556287466874;-0.0950542491045405,-0.970892512174237,-0.0381571406840033
q;1556287466906;-0.018172242,-0.46134046,-0.025957754,0.8866572,
v;1556287466906;-0.056205410687022,-0.958709338663152,-0.0293145605926875
q;1556287466939;-0.0032804788,-0.4523844,-0.013975125,0.8917075,
v;1556287466939;-0.0184957667037407,-0.93877574567222,-0.021960893791251
q;1556287466972;0.010464834,-0.4395499,0.0007050912,0.89815694,
v;1556287466972;0.0194191925885537,-0.910325905485278,-0.00793464766111947
q;1556287467004;0.023775196,-0.42485178,0.014945072,0.90482724,
v;1556287467004;0.0557526495469042,-0.877775512028986,0.00685425137836503
q;1556287467037;0.035310872,-0.407433,0.02738385,0.9121412,
v;1556287467037;0.0868402766204828,-0.839251152852887,0.0212639708580015
q;1556287467070;0.043439142,-0.38914117,0.040044434,0.9192816,
v;1556287467070;0.111260891181283,-0.798644845894368,0.0400747516491393
q;1556287467104;0.04977744,-0.36978424,0.05484385,0.92616093,
v;1556287467104;0.133157777602474,-0.755384130205558,0.0653997798677479
q;1556287467138;0.0603025,-0.3506156,0.070026696,0.9319488,
v;1556287467138;0.162213040940316,-0.712393306018185,0.089529907584143
q;1556287467172;0.071279705,-0.3327128,0.08192192,0.9367552,
v;1556287467172;0.189182670949696,-0.67228256640369,0.108187644943825
q;1556287467206;0.08048817,-0.3160136,0.09198583,0.94084835,
v;1556287467206;0.211157540625778,-0.634786330437332,0.125322780641248
q;1556287467236;0.08525493,-0.30335474,0.09927486,0.9438496,
v;1556287467236;0.223010595206981,-0.606294481819297,0.139574025544338
q;1556287467271;0.08830825,-0.29033348,0.1046536,0.94707745,
v;1556287467271;0.230062515378606,-0.57738487366142,0.151508077361254
q;1556287467302;0.088866964,-0.28023848,0.108633846,0.9496145,
v;1556287467302;0.231733964499245,-0.555086105774251,0.161512503816359
q;1556287467333;0.08806146,-0.2705385,0.111843534,0.9521267,
v;1556287467333;0.23023599589829,-0.533911478533812,0.17063816711572
q;1556287467365;0.085290715,-0.25925672,0.11187236,0.9555083,
v;1556287467365;0.222838981188674,-0.510298417491597,0.174752623933258
q;1556287467398;0.08081294,-0.24743995,0.10968417,0.9592769,
v;1556287467398;0.210884068105143,-0.486293924839062,0.175198665128397
q;1556287467430;0.07406856,-0.23722889,0.10792754,0.9625944,
v;1556287467430;0.195037193243642,-0.465914151814248,0.176896024402106
q;1556287467463;0.06622834,-0.22596446,0.10417197,0.9662826,
v;1556287467463;0.175975759705703,-0.443968163607444,0.174968415986704
q;1556287467496;0.057312746,-0.21356727,0.09839317,0.9702696,
v;1556287467496;0.153850979046536,-0.420236293878228,0.169252096702642
q;1556287467528;0.047891736,-0.20176591,0.094289094,0.9737076,
v;1556287467528;0.131694083408066,-0.397640331106926,0.166497439549805
q;1556287467560;0.035682887,-0.18950868,0.088950105,0.97719043,
v;1556287467560;0.103637006856137,-0.374694082562372,0.161888982799435
q;1556287467592;0.020785173,-0.17490765,0.08017078,0.9810953,
v;1556287467592;0.0688838992008838,-0.34763725540071,0.150968869383138
q;1556287467624;0.0046419357,-0.16071567,0.06995095,0.9845079,
v;1556287467624;0.0316297460130904,-0.321468648771472,0.13673633288451
q;1556287467657;-0.010746808,-0.14441215,0.060215503,0.9876253,
v;1556287467657;-0.00383594785429484,-0.290620273133335,0.122350575061714
q;1556287467691;-0.022872258,-0.12433896,0.0528068,0.9905696,
v;1556287467691;-0.0321867989763845,-0.251520924593076,0.110587880651688
q;1556287467723;-0.03332174,-0.10549375,0.04789058,0.992707,
v;1556287467723;-0.056082529660253,-0.214619021294241,0.10245303611353
q;1556287467754;-0.041710954,-0.08810437,0.045779034,0.99418414,
v;1556287467754;-0.0749401967058573,-0.18048501468315,0.0988130248832715
q;1556287467786;-0.048260327,-0.070059285,0.04741455,0.995246,
v;1556287467786;-0.0895377253076077,-0.145117003740943,0.101722568772661
q;1556287467817;-0.053034686,-0.053795975,0.05012023,0.9958822,
v;1556287467817;-0.10040869975863,-0.113276549350009,0.10626792875993
q;1556287467848;-0.053618815,-0.037330978,0.053710118,0.9964169,
v;1556287467848;-0.103025443846859,-0.0806689212915921,0.111863691956736
q;1556287467879;-0.052194737,-0.019774815,0.05717846,0.9968025,
v;1556287467879;-0.101970926670619,-0.045644869007167,0.116927808072081
q;1556287467911;-0.049900595,-0.0047866777,0.060685135,0.99689734,
v;1556287467911;-0.0990725733600236,-0.0156776182304196,0.122375220760672
q;1556287467943;-0.04629873,0.007071582,0.06436287,0.9968269,
v;1556287467943;-0.0933494509525535,0.00817412798664893,0.128574691290247
