q;1556654979527;-0.025262836,-0.1689576,0.03858333,0.9845438,
v;1556654979527;-0.0367150915235352,-0.341464541953179,0.0846687710393042
q;1556654979559;-0.014676133,-0.16953823,0.048791014,0.9842057,
v;1556654979559;-0.0123450967641637,-0.341794843930362,0.101197454952255
q;1556654979592;-0.0013708733,-0.16812214,0.060881108,0.98388344,
v;1556654979592;0.0177743011271887,-0.337410156650225,0.120571699028902
q;1556654979624;0.0128693655,-0.1670673,0.071865626,0.98323864,
v;1556654979624;0.0493401239506591,-0.333214467600509,0.137622997036874
q;1556654979658;0.03140384,-0.1655245,0.08302165,0.98220307,
v;1556654979658;0.0892927410833324,-0.327020309946047,0.153909700763941
q;1556654979691;0.05364807,-0.16379347,0.09442765,0.9804984,
v;1556654979691;0.136561015275594,-0.319392650058995,0.169990420085522
q;1556654979723;0.078324534,-0.16117415,0.104243495,0.97827476,
v;1556654979723;0.187953208440055,-0.309283284232013,0.18293207863535
q;1556654979757;0.10438927,-0.15733704,0.11579299,0.9751615,
v;1556654979757;0.242396596588946,-0.295476695592647,0.200130123586624
q;1556654979791;0.13312732,-0.14912398,0.12716633,0.97152865,
v;1556654979791;0.301131635043342,-0.271270212567072,0.218902374408322
q;1556654979826;0.16213307,-0.13492675,0.1402317,0.96738964,
v;1556654979826;0.3592088832864,-0.232363933185176,0.245539543256063
q;1556654979860;0.19409098,-0.11206944,0.15618238,0.9619648,
v;1556654979860;0.420726741825002,-0.170620477299692,0.285390664719315
q;1556654979896;0.22768821,-0.077219754,0.1702534,0.9556197,
v;1556654979896;0.479640791001828,-0.0790488828659997,0.333281634269188
q;1556654979930;0.25478813,-0.030422898,0.17935008,0.94973207,
v;1556654979930;0.517689382013935,0.0386824819652495,0.383533415571466
q;1556654979962;0.27766788,0.025276631,0.19190544,0.94097507,
v;1556654979962;0.538507931420659,0.180531542114239,0.45231238270219
q;1556654979994;0.29514393,0.095125236,0.20175476,0.9290513,
v;1556654979994;0.535212419072276,0.351112519727133,0.524877442456535
q;1556654980027;0.30653256,0.17036623,0.20566583,0.91362727,
v;1556654980027;0.512131036879819,0.525637156690154,0.583481643686792
q;1556654980060;0.31069773,0.2467746,0.20838442,0.8939492,
v;1556654980060;0.46973276456049,0.694521470476075,0.630806216846644
q;1556654980093;0.3053125,0.31991413,0.20779604,0.87250215,
v;1556654980093;0.411318109070671,0.844261787625714,0.654450485870873
q;1556654980125;0.28914693,0.38864046,0.20686008,0.8500362,
v;1556654980125;0.337132442947504,0.973556434297976,0.657082913664242
q;1556654980156;0.26959097,0.44303316,0.20643775,0.82971424,
v;1556654980156;0.267632948378473,1.07111898993815,0.647141030596011
q;1556654980190;0.24202898,0.48996043,0.20180842,0.812794,
v;1556654980190;0.196953993964497,1.14761772235388,0.614278955898916
q;1556654980220;0.21388803,0.5167382,0.19576187,0.80555004,
v;1556654980220;0.142764216643495,1.18282004735998,0.572760154171904
q;1556654980256;0.17866872,0.5305899,0.19593678,0.8050843,
v;1556654980256;0.0798474287257674,1.18715861926255,0.531358850473101
q;1556654980289;0.1411765,0.5277094,0.19792262,0.813891,
v;1556654980289;0.0209148361938277,1.15570644247365,0.490739546784936
q;1556654980321;0.10278598,0.51895076,0.20128076,0.82438534,
v;1556654980321;-0.0394493279815425,1.1145370789303,0.454361859163494
q;1556654980356;0.05946813,0.50347245,0.20948978,0.83611786,
v;1556654980356;-0.111732268781144,1.05984499161464,0.425494546700956
q;1556654980391;0.0139366975,0.48502392,0.2149113,0.84756756,
v;1556654980391;-0.185918880774702,1.00226694904993,0.394610033742692
q;1556654980423;-0.028378408,0.4669515,0.21582817,0.8570701,
v;1556654980423;-0.252894199914798,0.951115910424375,0.362636537198495
q;1556654980456;-0.07572343,0.44632807,0.20980236,0.8666257,
v;1556654980456;-0.324177363579866,0.898811286243956,0.317626489301565
q;1556654980489;-0.11892298,0.42191342,0.20293075,0.8755944,
v;1556654980489;-0.389250408222162,0.842667139977086,0.279254573420612
q;1556654980521;-0.15577823,0.39094833,0.20374928,0.8839563,
v;1556654980521;-0.449719761547271,0.771184380987863,0.267924868761669
q;1556654980554;-0.189776,0.35922715,0.20568196,0.890301,
v;1556654980554;-0.507150764131207,0.697672467709882,0.266125183911851
q;1556654980588;-0.22130027,0.32796565,0.20634253,0.89492315,
v;1556654980588;-0.560299578382641,0.625068816594805,0.267816115020741
q;1556654980622;-0.24803329,0.29579338,0.20244336,0.9000014,
v;1556654980622;-0.601916787223071,0.551676731361058,0.267246143100742
q;1556654980656;-0.2657217,0.26023614,0.19752087,0.90700316,
v;1556654980656;-0.624664276650571,0.469634729114239,0.274661134232769
q;1556654980689;-0.27541637,0.22838615,0.18721816,0.9148415,
v;1556654980689;-0.630366325709192,0.400230768767256,0.271642611602313
q;1556654980720;-0.28092545,0.20060357,0.17157847,0.92271334,
v;1556654980720;-0.627676636314811,0.345083053723956,0.254693891410674
q;1556654980753;-0.28375572,0.16831647,0.15529665,0.9311473,
v;1556654980753;-0.619606326249251,0.280433457453238,0.24021647956448
q;1556654980786;-0.28337374,0.13561042,0.13988958,0.93901014,
v;1556654980786;-0.606655075772733,0.215148783540646,0.228202052824816
q;1556654980819;-0.27940252,0.10370835,0.123015426,0.9465971,
v;1556654980819;-0.587736402650678,0.153934202971273,0.211793458269636
q;1556654980852;-0.2704819,0.06965676,0.10907406,0.9539866,
v;1556654980852;-0.560096207223584,0.0873368642893031,0.202548052698213
q;1556654980885;-0.25462252,0.036023714,0.10191032,0.9609808,
v;1556654980885;-0.519812119044063,0.0199789987402087,0.205993739744402
q;1556654980917;-0.23766863,0.0028193682,0.0943976,0.9667444,
v;1556654980917;-0.47806493294739,-0.0444115620420688,0.205496923755394
q;1556654980950;-0.22229792,-0.029812668,0.0859523,0.970725,
v;1556654980950;-0.440570284932904,-0.10643959162683,0.200483466043912
q;1556654980984;-0.20557645,-0.06379622,0.07803115,0.97343695,
v;1556654980984;-0.400930520940991,-0.170573121147733,0.194719137185275
q;1556654981021;-0.18355808,-0.09894343,0.07080608,0.9754502,
v;1556654981021;-0.351271496273046,-0.235436086082148,0.186891440511135
q;1556654981053;-0.16266441,-0.12683922,0.061876595,0.97653645,
v;1556654981053;-0.306788545711899,-0.28481061831641,0.170884528517177
q;1556654981089;-0.14340357,-0.1538579,0.053150244,0.97618556,
v;1556654981089;-0.266774922114915,-0.333345445579004,0.153927200556435
q;1556654981122;-0.12911068,-0.17404369,0.04445062,0.9752248,
v;1556654981122;-0.238608905862708,-0.369527048359094,0.135896824479193
q;1556654981156;-0.11544396,-0.1911437,0.036717657,0.9740578,
v;1556654981156;-0.212456173013431,-0.400205534810103,0.118601251222073
q;1556654981189;-0.10380015,-0.20358787,0.029628126,0.9730877,
v;1556654981189;-0.191110653100707,-0.422267605521379,0.101955989731493
q;1556654981222;-0.09378047,-0.21029726,0.025628677,0.9727916,
v;1556654981222;-0.172533138000184,-0.433661733691673,0.0907768061253234
