q;1556055788618;0.008269695,-0.45990202,0.034835912,0.88724756,
v;1556055788618;0.0467337555875414,-0.955165095078982,0.0542955824154432
q;1556055788652;-0.00091687863,-0.4567992,0.030942934,0.88903105,
v;1556055788652;0.0266422995774315,-0.948534963490257,0.0559050627680394
q;1556055788683;-0.013409307,-0.4525728,0.025338612,0.8912665,
v;1556055788683;-0.000967399223615702,-0.939741961880552,0.057335723049268
q;1556055788714;-0.027382558,-0.44580814,0.016534118,0.8945568,
v;1556055788714;-0.0342551169767964,-0.92558987967418,0.0540541644797156
q;1556055788746;-0.044137057,-0.4362995,0.0057156333,0.89870024,
v;1556055788746;-0.0744131674381056,-0.905748144903818,0.0489421578847628
q;1556055788777;-0.060271684,-0.42402297,-0.004937078,0.90363014,
v;1556055788777;-0.113356097039123,-0.879893250946898,0.0424758682926309
q;1556055788809;-0.07117519,-0.4054671,-0.01414101,0.9112248,
v;1556055788809;-0.141653883732328,-0.839615217212561,0.0322759457244892
q;1556055788839;-0.07964131,-0.38333353,-0.020268047,0.9199467,
v;1556055788839;-0.162788396352615,-0.791588850500774,0.0240880853335317
q;1556055788869;-0.082829826,-0.35723785,-0.026254857,0.92996293,
v;1556055788869;-0.173687762217304,-0.734437548158098,0.0105060734623182
q;1556055788899;-0.07815231,-0.32748768,-0.033365544,0.94102645,
v;1556055788899;-0.16975450807545,-0.668801750003103,-0.0117774354996171
q;1556055788929;-0.07115972,-0.295172,-0.038460936,0.95201397,
v;1556055788929;-0.158862646985244,-0.598785182252746,-0.0316254202829677
q;1556055788959;-0.055438347,-0.2588404,-0.044332825,0.96330833,
v;1556055788959;-0.130125613589507,-0.521268851440933,-0.0572277856744853
q;1556055788989;-0.03630714,-0.2230879,-0.049335826,0.97287184,
v;1556055788989;-0.0927899356446572,-0.447096555285769,-0.080226291425041
q;1556055789019;-0.016519133,-0.19140458,-0.05270765,0.9799558,
v;1556055789019;-0.0525772320423292,-0.383222737478387,-0.0972661511488375
q;1556055789050;0.0046931263,-0.16569221,-0.055310935,0.984614,
v;1556055789050;-0.00908747147375674,-0.332935141771577,-0.110705623933964
q;1556055789080;0.026940325,-0.14565109,-0.054274507,0.98747873,
v;1556055789080;0.0374044350554131,-0.295044517839926,-0.115373928448551
q;1556055789110;0.05030343,-0.13283871,-0.051210493,0.98853475,
v;1556055789110;0.0859537046766159,-0.272121775618228,-0.115291111804323
q;1556055789140;0.07244426,-0.12959208,-0.043987315,0.9879387,
v;1556055789140;0.13212423678421,-0.267932950603914,-0.106822251168715
q;1556055789170;0.090270065,-0.1361175,-0.035205204,0.9859432,
v;1556055789170;0.169224751092654,-0.282488011989022,-0.0955025647538923
q;1556055789200;0.10432877,-0.15241553,-0.027302317,0.9824152,
v;1556055789200;0.197956085232444,-0.316503822246553,-0.0872597352165392
q;1556055789229;0.11556215,-0.17553268,-0.019764647,0.97746766,
v;1556055789229;0.220766767984678,-0.364382433770241,-0.0812681213984119
q;1556055789260;0.12697162,-0.20276509,-0.013358581,0.9708687,
v;1556055789260;0.243528221698314,-0.421557970238092,-0.0798687280339665
q;1556055789289;0.13795182,-0.23216794,-0.008642612,0.9628046,
v;1556055789289;0.264708796671674,-0.484390532505207,-0.0837082579948566
q;1556055789322;0.14887738,-0.26585773,-0.0036306207,0.9524401,
v;1556055789322;0.285526960724094,-0.557330357009619,-0.0898290489009937
q;1556055789352;0.15592034,-0.29603887,-0.0015785911,0.94236267,
v;1556055789352;0.297292305523349,-0.62372807790443,-0.0998298573384711
q;1556055789382;0.1581374,-0.32347375,-0.0028798569,0.932925,
v;1556055789382;0.297569668217733,-0.684454583336452,-0.112869343375992
q;1556055789413;0.1558531,-0.348217,-0.0047883843,0.9243548,
v;1556055789413;0.288789778383775,-0.738418327681524,-0.122773303435233
q;1556055789443;0.14882177,-0.36991975,-0.009502969,0.9170175,
v;1556055789443;0.269151585004456,-0.784849014923998,-0.13268506247172
q;1556055789474;0.13581921,-0.39118335,-0.015633205,0.9101013,
v;1556055789474;0.237205790445979,-0.828494216516233,-0.139044568828816
q;1556055789519;0.10569625,-0.42233953,-0.02910156,0.89978373,
v;1556055789519;0.166392799070091,-0.889743877762503,-0.144131918619965
q;1556055789562;0.06691514,-0.45457816,-0.051297124,0.8867072,
v;1556055789562;0.0720936030789352,-0.952967358211666,-0.152796603839554
q;1556055789596;0.032143362,-0.48153913,-0.071221046,0.8729344,
v;1556055789596;-0.0124736716799006,-1.00721711773792,-0.155942526541712
q;1556055789631;-0.0032071064,-0.5078502,-0.09292146,0.8564132,
v;1556055789631;-0.10004036569497,-1.06261564984197,-0.157332557174413
q;1556055789665;-0.030233156,-0.53270847,-0.10695047,0.83896923,
v;1556055789665;-0.165429738442589,-1.1190075667969,-0.149843568383879
q;1556055789697;-0.04652471,-0.5593288,-0.1154702,0.8195446,
v;1556055789697;-0.206902819412128,-1.18312204920823,-0.140674699451785
q;1556055789727;-0.060938854,-0.5830507,-0.119828045,0.8012363,
v;1556055789727;-0.239672494179271,-1.2430847029394,-0.124843619575939
q;1556055789758;-0.0707545,-0.6066765,-0.122445524,0.7822688,
v;1556055789758;-0.262263918643771,-1.30480761180146,-0.10968328223451
q;1556055789789;-0.07974327,-0.6312558,-0.11905787,0.762222,
v;1556055789789;-0.275342021771581,-1.37172044178936,-0.0840827700866166
q;1556055789820;-0.08456066,-0.6531853,-0.11439451,0.7437152,
v;1556055789820;-0.278818242093784,-1.43264195951341,-0.0621238604953975
q;1556055789851;-0.085033566,-0.67440724,-0.111388035,0.7249392,
v;1556055789851;-0.277061216214234,-1.49181703878916,-0.0486795627348858
q;1556055789882;-0.085452706,-0.6942897,-0.1050991,0.70683366,
v;1556055789882;-0.27000903370126,-1.54867375848933,-0.0310469817705842
q;1556055789913;-0.07983301,-0.71442485,-0.09304068,0.68888843,
v;1556055789913;-0.245388517239326,-1.60539174611348,-0.0145564907934967
q;1556055789945;-0.06895148,-0.73354733,-0.074245624,0.67204285,
v;1556055789945;-0.202993286810624,-1.6583966592513,0.00139449958734315
q;1556055789977;-0.051127713,-0.7536451,-0.05046177,0.6533443,
v;1556055789977;-0.143359075190809,-1.7139379636762,0.0112420400147195
q;1556055790012;-0.035477206,-0.7675336,-0.021852564,0.639653,
v;1556055790012;-0.0790135465168437,-1.75310307038219,0.0265898613665138
q;1556055790054;-0.0050616316,-0.76692045,0.0021718277,0.64171845,
v;1556055790054;-0.0031650518999766,-1.74811009788743,0.0105513900112141
q;1556055790087;0.016451268,-0.76065177,0.015744768,0.6487606,
v;1556055790087;0.0453139462931396,-1.72934534793629,-0.00460294314071007
q;1556055790120;0.034829624,-0.7490254,0.031778496,0.66086155,
v;1556055790120;0.0937783130943984,-1.69617836839481,-0.0102192539770605
q;1556055790152;0.053968586,-0.7350034,0.04302589,0.6745415,
v;1556055790152;0.136479753451183,-1.65800191097017,-0.0214901655405853
q;1556055790185;0.0671521,-0.71968734,0.05613976,0.6887591,
v;1556055790185;0.174188920601186,-1.61642087265498,-0.0196216573964042
q;1556055790216;0.081251696,-0.7041438,0.072356254,0.70167243,
v;1556055790216;0.217636585170333,-1.57575395318786,-0.0131966554582135
q;1556055790249;0.09309051,-0.6894362,0.08870562,0.71284163,
v;1556055790249;0.257880086823813,-1.53767135293935,-0.00195858353409437
q;1556055790280;0.099589825,-0.67246026,0.10246237,0.7262097,
v;1556055790280;0.286347081029541,-1.49174022192501,0.0155100696533148
q;1556055790312;0.10702313,-0.6524845,0.1083604,0.7423397,
v;1556055790312;0.305009251028885,-1.43871392121846,0.0222471736017123
q;1556055790345;0.10880484,-0.62965107,0.11217858,0.76099735,
v;1556055790345;0.31189957674243,-1.37688399365445,0.0354336843059979
q;1556055790377;0.10875948,-0.6056644,0.11295146,0.7801179,
v;1556055790377;0.311526261664383,-1.31299427898554,0.0467540524856067
q;1556055790410;0.10666251,-0.58105665,0.110485695,0.79924285,
v;1556055790410;0.303534921307702,-1.24880178399721,0.0552063481322109
q;1556055790442;0.09827663,-0.55780494,0.104570165,0.817472,
v;1556055790442;0.281020535615536,-1.18853092233811,0.0638753522264634
q;1556055790475;0.08680361,-0.53613275,0.09554086,0.83420545,
v;1556055790475;0.249860978392401,-1.13382735823802,0.0685040694982369
q;1556055790508;0.07272831,-0.51458037,0.08486758,0.85012656,
v;1556055790508;0.212596771983588,-1.08102251771538,0.0711066783234022
q;1556055790541;0.05514283,-0.49464998,0.07053954,0.864468,
v;1556055790541;0.165882912577036,-1.03376922087208,0.0683970241395128
q;1556055790576;0.038833987,-0.47744656,0.05400812,0.87613916,
v;1556055790576;0.119907060578139,-0.994423262244246,0.0580037174769202
q;1556055790608;0.028958261,-0.4638848,0.04299125,0.88437784,
v;1556055790608;0.0912325713741088,-0.963905298515955,0.0493998739736474
q;1556055790638;0.019795364,-0.4534794,0.035553817,0.8903373,
v;1556055790638;0.067546300721993,-0.940637703819922,0.045475537708779
q;1556055790668;0.009013105,-0.45060217,0.028801225,0.8922146,
v;1556055790668;0.0420514290322237,-0.934428362845633,0.0433229350836542
q;1556055790699;0.0009945452,-0.45171922,0.02495059,0.89181066,
v;1556055790699;0.0243176107459944,-0.93716812726277,0.0436306310405718
