q;1556743164853;-0.08457756,0.010849895,0.008406511,0.9963224,
v;1556743164853;-0.169526295997834,0.020493169996365,0.0151333845894788
q;1556743164890;-0.093707114,0.0070093516,0.010209483,0.9955228,
v;1556743164890;-0.18782059247671,0.0122584205633764,0.0193554762597049
q;1556743164925;-0.10651495,0.00390003,0.012166567,0.994229,
v;1556743164925;-0.213513997997348,0.00528319629672386,0.0239069813987487
q;1556743164955;-0.11992817,0.00051456504,0.015273044,0.99266493,
v;1556743164955;-0.24042219050984,-0.0027199920389904,0.0310979298198247
q;1556743164988;-0.1338956,-0.0028793793,0.018802442,0.9908129,
v;1556743164988;-0.26843488335541,-0.0111401636163032,0.0394532775045984
q;1556743165020;-0.15136538,-0.005549638,0.022277104,0.9882112,
v;1556743165020;-0.303555120046598,-0.0185620715253112,0.0479172964325648
q;1556743165052;-0.17228954,-0.0073258267,0.027465748,0.9846361,
v;1556743165052;-0.345728948477899,-0.0253959493259027,0.0602087080909285
q;1556743165084;-0.19473112,-0.0072391047,0.03200707,0.9803076,
v;1556743165084;-0.391233919493874,-0.0288416361896395,0.07099224662006
q;1556743165115;-0.21631972,-0.0054853116,0.03750839,0.9755864,
v;1556743165115;-0.435281494232882,-0.029704239607917,0.083425546110512
q;1556743165150;-0.2358007,-0.0029946393,0.04360442,0.9708181,
v;1556743165150;-0.47526941129873,-0.0296706947183591,0.096957000936617
q;1556743165183;-0.25241074,0.00095356756,0.049528167,0.96635133,
v;1556743165183;-0.50971599743199,-0.0265357843630722,0.109329460063051
q;1556743165237;-0.2732495,0.013614603,0.060226355,0.95995945,
v;1556743165237;-0.554192454627307,-0.00796727757489707,0.127578640113021
q;1556743165283;-0.281074,0.029050423,0.06615478,0.9569624,
v;1556743165283;-0.572574994787405,0.0219069973635887,0.131591232011556
q;1556743165316;-0.28300306,0.043026745,0.07062009,0.9555474,
v;1556743165316;-0.578684124041667,0.0504964215468008,0.132507013995067
q;1556743165347;-0.28627476,0.05796101,0.07298597,0.95360386,
v;1556743165347;-0.58769726505312,0.0827114130446957,0.127733941637137
q;1556743165378;-0.28861308,0.07517632,0.0747266,0.9515603,
v;1556743165378;-0.594990442647081,0.120967374667001,0.11961064535616
q;1556743165410;-0.28984857,0.095903434,0.07811994,0.94904566,
v;1556743165410;-0.600606573074617,0.166524608132924,0.112582674620883
q;1556743165444;-0.28893673,0.12048178,0.07749877,0.9465694,
v;1556743165444;-0.601247589591026,0.224159039576631,0.0936242890107513
q;1556743165475;-0.28492042,0.14184523,0.07618508,0.9449318,
v;1556743165475;-0.594474772746307,0.274615816844708,0.0763016155808055
q;1556743165507;-0.27939108,0.16355757,0.0764832,0.9430482,
v;1556743165507;-0.584733673174341,0.32435384632422,0.0634365024940687
q;1556743165537;-0.27178305,0.18222499,0.07441811,0.9420138,
v;1556743165537;-0.569449435419668,0.367853642343193,0.0488849940666873
q;1556743165568;-0.26062915,0.19661975,0.07278275,0.94239897,
v;1556743165568;-0.546680427456386,0.39998392243145,0.0406209456736474
q;1556743165600;-0.24717095,0.20794469,0.072163545,0.94364077,
v;1556743165600;-0.519554209741545,0.423565923095918,0.0384836820707398
q;1556743165630;-0.23788652,0.21720843,0.06956383,0.94413525,
v;1556743165630;-0.499986622455845,0.444099556043724,0.0319263041536712
q;1556743165661;-0.22860633,0.22589374,0.0663015,0.9446244,
v;1556743165661;-0.480078070453623,0.463389884975655,0.024782210630267
q;1556743165692;-0.21806824,0.23363389,0.06575912,0.94527096,
v;1556743165692;-0.458935789370647,0.478766000357796,0.025014877757325
q;1556743165723;-0.20866413,0.24069221,0.06151387,0.94590837,
v;1556743165723;-0.438261722406917,0.494419431313993,0.0175883958533566
q;1556743165754;-0.19600976,0.2451391,0.05814569,0.9476846,
v;1556743165754;-0.411536950825618,0.503033614729099,0.0153940922802865
q;1556743165785;-0.18316405,0.24808215,0.05483769,0.9496836,
v;1556743165785;-0.384509279828715,0.508244038902399,0.0143237865984523
q;1556743165816;-0.16766503,0.24821746,0.049893387,0.95277864,
v;1556743165816;-0.351454900724523,0.507470024139649,0.012611127391819
q;1556743165846;-0.15179326,0.24603473,0.047781806,0.95610803,
v;1556743165846;-0.319164618298967,0.500902850986388,0.0175641961702176
q;1556743165876;-0.1421406,0.24376617,0.044448443,0.9583311,
v;1556743165876;-0.298519563714902,0.495664935860241,0.016630774120384
q;1556743165906;-0.13262507,0.24091165,0.041547146,0.96054465,
v;1556743165906;-0.278384793627656,0.489157804947622,0.0165518941106345
q;1556743165937;-0.122636646,0.23635024,0.041080736,0.96302193,
v;1556743165937;-0.258491481386445,0.478493435424639,0.021881563977481
q;1556743165967;-0.11710822,0.23255613,0.039751243,0.9646881,
v;1556743165967;-0.246936565192131,0.470265523606554,0.0229239606061641
q;1556743165998;-0.10914709,0.22794577,0.037786186,0.9667988,
v;1556743165998;-0.230303431198933,0.460321281942009,0.0239383083908403
q;1556743166030;-0.09635863,0.2205365,0.037302867,0.9698903,
v;1556743166030;-0.204796471190095,0.444028426016505,0.0305001985976198
q;1556743166086;-0.09111775,0.21136647,0.03802313,0.97240734,
v;1556743166086;-0.19450487228623,0.424545387543208,0.0361182352512624
q;1556743166125;-0.09279775,0.20917751,0.040529504,0.97262055,
v;1556743166125;-0.198776140732676,0.419606069509027,0.0408324059888794
q;1556743166192;-0.10449453,0.2119561,0.040438984,0.9708348,
v;1556743166192;-0.221851816574403,0.42599259121199,0.0350896530676327
q;1556743166235;-0.11403788,0.21663587,0.0408269,0.9687092,
v;1556743166235;-0.240953026336405,0.436324868983088,0.0305773733145481
q;1556743166270;-0.12390425,0.21937478,0.046506636,0.96662277,
v;1556743166270;-0.262962246161913,0.441469195512342,0.0368195453775681
q;1556743166301;-0.13395703,0.221905,0.049855947,0.9645352,
v;1556743166301;-0.284355727405644,0.446779966514292,0.0382699496852039
q;1556743166331;-0.14773789,0.2240247,0.053494796,0.9618341,
v;1556743166331;-0.313265649772621,0.45157190075598,0.0386000600270036
q;1556743166361;-0.16384083,0.22560832,0.061999924,0.95833874,
v;1556743166361;-0.349050189181191,0.453981760766986,0.0478060607155811
q;1556743166392;-0.17375225,0.22690234,0.06897105,0.9558078,
v;1556743166392;-0.37196515138074,0.455445358313217,0.0569174828310891
q;1556743166423;-0.18461992,0.22792245,0.07257705,0.95325726,
v;1556743166423;-0.395277641648054,0.457611919248567,0.0587744943221048
q;1556743166454;-0.20026173,0.2289519,0.08105968,0.9491605,
v;1556743166454;-0.430448666627032,0.458413202149342,0.0684713464577077
q;1556743166484;-0.21543354,0.22840986,0.08969971,0.9451832,
v;1556743166484;-0.46477862628096,0.455355166203989,0.0796786126528735
q;1556743166514;-0.23200233,0.22846803,0.09768152,0.94044435,
v;1556743166514;-0.501800410691714,0.453874939789859,0.0887628487632494
q;1556743166545;-0.24905665,0.22899918,0.10673864,0.934953,
v;1556743166545;-0.540539494870191,0.452703567543897,0.099910215333163
q;1556743166576;-0.2641561,0.22879517,0.11666758,0.9296575,
v;1556743166576;-0.575835035867624,0.448601317356486,0.114764891280717
q;1556743166606;-0.2757466,0.23212636,0.1281276,0.92393965,
v;1556743166606;-0.605325804548966,0.450811220430438,0.132634700521773
q;1556743166637;-0.28405744,0.23749833,0.13501206,0.9190635,
v;1556743166637;-0.626439351669307,0.46027337244198,0.140244696800979
q;1556743166668;-0.289887,0.24494301,0.14636222,0.91353524,
v;1556743166668;-0.645183152650426,0.471150983959383,0.157602977732794
q;1556743166699;-0.29603952,0.25933552,0.15954831,0.90534526,
v;1556743166699;-0.667200235897423,0.497818167633678,0.173156334141788
q;1556743166729;-0.3002231,0.275787,0.16334562,0.8984018,
v;1556743166729;-0.680959922677754,0.536982400681181,0.1653729321743
q;1556743166760;-0.29893774,0.29346994,0.16759561,0.89242554,
v;1556743166760;-0.684038216195485,0.578250808447326,0.160259808766666
q;1556743166790;-0.29344448,0.31598657,0.16990674,0.8861008,
v;1556743166790;-0.67823454215594,0.632416791757343,0.149084711804952
q;1556743166821;-0.2862528,0.33716124,0.16379052,0.88179046,
v;1556743166821;-0.662738071267192,0.68844034555286,0.121866636975066
q;1556743166851;-0.2754395,0.35893208,0.15953732,0.87741023,
v;1556743166851;-0.640844994151255,0.742490500692213,0.102765799295455
q;1556743166885;-0.26087707,0.38092035,0.15318379,0.8737148,
v;1556743166885;-0.609632206175527,0.795766611236444,0.084176204700098
q;1556743166945;-0.23590592,0.41700456,0.13765326,0.86689514,
v;1556743166945;-0.551323944107644,0.882790826839908,0.0492246575285111
q;1556743166980;-0.22424906,0.437534,0.12947741,0.86111087,
v;1556743166980;-0.523030922865969,0.931951704501368,0.0308895365296797
q;1556743167012;-0.21441619,0.4531568,0.12114301,0.85673743,
v;1556743167012;-0.497454735866468,0.969221774165998,0.0150747553114036
q;1556743167045;-0.2025171,0.4662592,0.11400124,0.85357654,
v;1556743167045;-0.469046472723015,0.998361955966177,0.00646489672960797
q;1556743167079;-0.1927361,0.47420624,0.11026357,0.85195255,
v;1556743167079;-0.447795418423108,1.01452474755535,0.00564160424750929
q;1556743167112;-0.18029644,0.47819167,0.10725453,0.852832,
v;1556743167112;-0.422565449999522,1.0195866095053,0.011521329512393
q;1556743167146;-0.16467693,0.48136753,0.10342046,0.854676,
v;1556743167146;-0.390939654825578,1.0219600873866,0.0197316229461779
q;1556743167180;-0.15356573,0.4848144,0.09646673,0.855609,
v;1556743167180;-0.364327869695889,1.02785487377995,0.0173108845158376
q;1556743167213;-0.13993105,0.489477,0.09239697,0.85574204,
v;1556743167213;-0.336242290400973,1.03533746837324,0.022406383392668
q;1556743167244;-0.13231477,0.49204457,0.08788342,0.85595644,
v;1556743167244;-0.318346402753737,1.04001827435298,0.0213115780197091
q;1556743167276;-0.12643178,0.49288997,0.085441716,0.8566062,
v;1556743167276;-0.305564131932544,1.04075591942129,0.0228041262140742
q;1556743167307;-0.121697724,0.4909379,0.0839715,0.85855603,
v;1556743167307;-0.295709066468655,1.0350336261737,0.025819861223281
q;1556743167340;-0.11772583,0.4850415,0.08105175,0.8627317,
v;1556743167340;-0.285626407857875,1.02050288642446,0.0267341834313013
q;1556743167373;-0.11185312,0.47790766,0.08178496,0.86741245,
v;1556743167373;-0.275696183285122,1.00211293159479,0.0363521692643356
q;1556743167404;-0.108796,0.47138703,0.07951888,0.8715701,
v;1556743167404;-0.267804688737273,0.98654286153647,0.0373834725045116
q;1556743167434;-0.10205194,0.46445674,0.07519554,0.87647647,
v;1556743167434;-0.251381627764337,0.969751301113022,0.0382273347981271
