q;1556743195132;0.016724117,-0.43106678,-0.056074318,0.90042067,
v;1556743195132;-0.0182270793694452,-0.891934279066295,-0.1156763498659
q;1556743195165;0.0030545932,-0.43201977,-0.059998684,0.899861,
v;1556743195165;-0.046360421944985,-0.892620898871487,-0.110966818758062
q;1556743195196;-0.01549992,-0.43271622,-0.06412194,0.89911336,
v;1556743195196;-0.0834624431593644,-0.892822595597164,-0.102426575207019
q;1556743195226;-0.036185667,-0.4317601,-0.06823445,0.8986757,
v;1556743195226;-0.124279865303529,-0.890012837972866,-0.092235339054656
q;1556743195259;-0.062088832,-0.43141094,-0.074042484,0.8969656,
v;1556743195259;-0.176178552305797,-0.889490103525292,-0.0805888347710852
q;1556743195289;-0.09010521,-0.42982113,-0.07758412,0.8950506,
v;1556743195289;-0.230014901710034,-0.888102589848449,-0.0631286162283122
q;1556743195319;-0.11661709,-0.42838418,-0.08352674,0.8921383,
v;1556743195319;-0.283419351444466,-0.888023609722562,-0.0511844396150339
q;1556743195349;-0.14605266,-0.42657545,-0.086589,0.88837177,
v;1556743195349;-0.339877501317927,-0.890003869041199,-0.0310207016708931
q;1556743195380;-0.17706239,-0.42276117,-0.08895155,0.884313,
v;1556743195380;-0.398859554337307,-0.890226491122544,-0.00826030073668854
q;1556743195411;-0.2094763,-0.41844207,-0.09410406,0.8787322,
v;1556743195411;-0.463298521849859,-0.89145150180661,0.0110923844876226
q;1556743195442;-0.2424705,-0.41098362,-0.0941978,0.8737433,
v;1556743195442;-0.524917316935546,-0.890104621767734,0.040101805900588
q;1556743195473;-0.26657477,-0.40525973,-0.096422166,0.8691405,
v;1556743195473;-0.5722606357745,-0.889584376089419,0.0576701618905954
q;1556743195505;-0.2871496,-0.40102637,-0.091683425,0.86505324,
v;1556743195505;-0.606912811085167,-0.895566533832637,0.0873840324066217
q;1556743195536;-0.31138405,-0.38997048,-0.0821569,0.86267793,
v;1556743195536;-0.645159424350366,-0.891572020743012,0.126886885254773
q;1556743195566;-0.33115423,-0.37571266,-0.0794749,0.86189365,
v;1556743195566;-0.682273112391193,-0.873573098645791,0.144600650405963
q;1556743195596;-0.34518853,-0.3573969,-0.0756029,0.86452097,
v;1556743195596;-0.708750816781326,-0.840878407432168,0.1534222722848
q;1556743195627;-0.35077724,-0.32997447,-0.067742154,0.87377524,
v;1556743195627;-0.717771048492407,-0.778806366879641,0.150731006799668
q;1556743195664;-0.34849453,-0.29625577,-0.06391269,0.8869607,
v;1556743195664;-0.715600737146159,-0.691020701148398,0.123690047333816
q;1556743195723;-0.34342608,-0.23191735,-0.054309394,0.90847313,
v;1556743195723;-0.70650236080632,-0.529316591786938,0.0797752588347918
q;1556743195782;-0.33803,-0.1649871,-0.04777517,0.9253284,
v;1556743195782;-0.696246201384013,-0.363834444949494,0.0301454347901879
q;1556743195830;-0.33426133,-0.1092365,-0.04076607,0.93524057,
v;1556743195830;-0.686890344724781,-0.23105557414972,-0.00417098855050072
q;1556743195865;-0.32884753,-0.07375892,-0.041642576,0.94057685,
v;1556743195865;-0.674818708159077,-0.143112072281512,-0.0382065744299185
q;1556743195896;-0.3194091,-0.0459014,-0.037321053,0.9457685,
v;1556743195896;-0.653035728803967,-0.0793825430378124,-0.0519867359428494
q;1556743195925;-0.30454692,-0.02255335,-0.031600513,0.9517058,
v;1556743195925;-0.620084013337333,-0.0291018807564254,-0.0570596945031785
q;1556743195955;-0.2907613,-0.0006942998,-0.02846709,0.9563718,
v;1556743195955;-0.589795814276622,0.0183226190189343,-0.0650795806117446
q;1556743195985;-0.27547595,0.020754935,-0.021953495,0.96083313,
v;1556743195985;-0.55678737895096,0.0612656410869943,-0.0632045731559009
q;1556743196018;-0.2579168,0.044765126,-0.011112866,0.96506554,
v;1556743196018;-0.51992873798728,0.106364486203134,-0.0513452618572327
q;1556743196048;-0.24159552,0.06541993,0.00090922584,0.9681689,
v;1556743196048;-0.486946506469951,0.143328701688546,-0.0337820654111646
q;1556743196078;-0.22218078,0.08622574,0.0068050604,0.9711614,
v;1556743196078;-0.447508072964787,0.183444414423673,-0.027842748905647
q;1556743196108;-0.20685254,0.10333337,0.012382483,0.9728211,
v;1556743196108;-0.41700079072815,0.215964946035026,-0.0204077379751233
q;1556743196138;-0.18766347,0.11743214,0.017492825,0.9750313,
v;1556743196138;-0.379077861032677,0.241781530809553,-0.0107249361387352
q;1556743196168;-0.16433245,0.12800735,0.017606573,0.9779054,
v;1556743196168;-0.331974887012319,0.261672173187959,-0.00807750778133737
q;1556743196198;-0.14235494,0.13433987,0.018248105,0.9804871,
v;1556743196198;-0.288023043093653,0.272703782774387,-0.0025696798725236
q;1556743196228;-0.117077485,0.13691495,0.020123404,0.9834339,
v;1556743196228;-0.238027627560207,0.275738843688211,0.00773903715787899
q;1556743196258;-0.09448516,0.13983083,0.020515567,0.9854436,
v;1556743196258;-0.193155852565792,0.280527618683389,0.0142759526848066
q;1556743196288;-0.071839824,0.14009447,0.017193539,0.98737884,
v;1556743196288;-0.147214853007366,0.280858283368483,0.0139759708988511
q;1556743196318;-0.050188713,0.13754077,0.021369291,0.9889929,
v;1556743196318;-0.105345599918134,0.27486118455304,0.0286247404241889
q;1556743196348;-0.030659895,0.1369461,0.020741038,0.98988664,
v;1556743196348;-0.0664292957389206,0.273857194328113,0.0327431028847888
q;1556743196378;-0.0075262245,0.13426451,0.015815498,0.9907908,
v;1556743196378;-0.0191619207870434,0.2691030011355,0.0293282778319785
q;1556743196409;0.012445087,0.1301799,0.018541139,0.9912389,
v;1556743196409;0.0198460442076912,0.26156348901558,0.0400161536846644
q;1556743196439;0.026794126,0.1317337,0.0127767455,0.99084055,
v;1556743196439;0.0497516790991196,0.265159434566939,0.0324246089940296
q;1556743196469;0.042235322,0.13140187,0.010866421,0.99036944,
v;1556743196469;0.0808895912585531,0.265143259588307,0.032736010154916
q;1556743196499;0.05525759,0.12791748,0.012279268,0.99016815,
v;1556743196499;0.106488289744057,0.259013945854721,0.0386826137186248
q;1556743196529;0.05948318,0.12902272,0.008681799,0.9898179,
v;1556743196529;0.115773187031699,0.261136977781701,0.0327612961524859
q;1556743196559;0.059565436,0.13121232,0.008949311,0.9895227,
v;1556743196559;0.115792766538099,0.265611218677316,0.0335736211715144
q;1556743196588;0.05856609,0.13090493,0.011729941,0.98959404,
v;1556743196588;0.113083153068955,0.265232558410118,0.038806476754073
q;1556743196618;0.051393174,0.13110696,0.012111425,0.98996115,
v;1556743196618;0.0987390700321146,0.265200868147091,0.0376479088537227
q;1556743196648;0.039310556,0.13183293,0.01440579,0.99038744,
v;1556743196648;0.0741349356370128,0.266116166603071,0.0390165177056463
q;1556743196681;0.020552069,0.1302066,0.020243296,0.9910671,
v;1556743196681;0.0354727762256516,0.26207165500319,0.045521306458436
q;1556743196711;-0.0048088874,0.13046858,0.024169134,0.99114615,
v;1556743196711;-0.0158399080211419,0.261393356265629,0.0466782734742971
q;1556743196744;-0.036742143,0.13105449,0.030865975,0.99021316,
v;1556743196744;-0.0809437163127826,0.261076502116715,0.0516895220887257
q;1556743196777;-0.06642143,0.13051721,0.040210355,0.988401,
v;1556743196777;-0.142277838057523,0.258100177634367,0.0628253482187687
q;1556743196809;-0.098588355,0.1295318,0.044538204,0.98565626,
v;1556743196809;-0.207369719434645,0.254709070663377,0.0636640910684298
q;1556743196841;-0.13944146,0.1277193,0.051299892,0.9806183,
v;1556743196841;-0.290656935214427,0.249089056754726,0.0678900390161289
q;1556743196872;-0.17990932,0.12460495,0.057592332,0.9740582,
v;1556743196872;-0.373457596869133,0.240778527607686,0.0724115059829004
q;1556743196903;-0.22084916,0.11947087,0.060263075,0.96608526,
v;1556743196903;-0.456843600282082,0.229567119399523,0.0710034343310188
q;1556743196935;-0.25821957,0.11236613,0.066317186,0.95723486,
v;1556743196935;-0.534321417628965,0.211745789182788,0.0801821285647857
q;1556743196967;-0.28744265,0.1089705,0.07821902,0.94835854,
v;1556743196967;-0.597097443761441,0.196824482065006,0.103834383889949
q;1556743196997;-0.3079853,0.10537996,0.08002947,0.94214404,
v;1556743196997;-0.640005726183464,0.18719259370045,0.107285158431482
q;1556743197028;-0.32515758,0.10629083,0.08899427,0.9354437,
v;1556743197028;-0.678019448653031,0.182026717809398,0.125358435738712
q;1556743197061;-0.34030098,0.114260525,0.09950643,0.92802924,
v;1556743197061;-0.713333089453552,0.192071136898052,0.141874478516959
q;1556743197092;-0.34985587,0.12852433,0.10786319,0.921655,
v;1556743197092;-0.737742243371619,0.219930080392886,0.14769437703064
q;1556743197124;-0.35765693,0.15006219,0.11458956,0.91456664,
v;1556743197124;-0.759547400487452,0.26870750007248,0.141488398413507
q;1556743197156;-0.36488587,0.1761276,0.119391516,0.9064122,
v;1556743197156;-0.780352947713029,0.33278828885124,0.124008603668713
q;1556743197186;-0.3699028,0.20008124,0.12310134,0.8988802,
v;1556743197186;-0.795562129988469,0.393926214336968,0.104903296888844
q;1556743197216;-0.3740962,0.22482115,0.12554382,0.8909244,
v;1556743197216;-0.808182299718535,0.459969078154336,0.0804130908451047
q;1556743197246;-0.37801757,0.24679217,0.12539503,0.8834435,
v;1556743197246;-0.818040118033777,0.522626855779333,0.0511817807332773
q;1556743197276;-0.37985352,0.26648653,0.12571003,0.87686557,
v;1556743197276;-0.822958540520163,0.57851780074219,0.0264860995769772
q;1556743197306;-0.37338778,0.2851217,0.12647992,0.8736647,
v;1556743197306;-0.810389654008516,0.625878605142788,0.0117239715869967
q;1556743197336;-0.35007483,0.30163142,0.12086129,0.8785549,
v;1556743197336;-0.758772292560802,0.660787114792365,0.00162526096397236
q;1556743197369;-0.3210607,0.32507542,0.11014215,0.8826748,
v;1556743197369;-0.69240916186443,0.71244202195594,-0.0185775168850061
q;1556743197400;-0.3005664,0.3476071,0.09902192,0.8826233,
v;1556743197400;-0.642770384674278,0.764573731025016,-0.0426894887912809
q;1556743197429;-0.28192863,0.373615,0.09127745,0.8789747,
v;1556743197429;-0.599005641516167,0.822626682357961,-0.0608252388347396
q;1556743197459;-0.26140353,0.4026652,0.07940831,0.87362653,
v;1556743197459;-0.54765666339433,0.887436065928864,-0.0841638045373519
q;1556743197489;-0.24227332,0.43338642,0.069693714,0.8652299,
v;1556743197489;-0.500259048870063,0.954815659070173,-0.10205513175285
q;1556743197520;-0.2228817,0.45782706,0.063609526,0.858296,
v;1556743197520;-0.456535714709677,1.00466809729556,-0.105915967884395
q;1556743197550;-0.19632627,0.4766821,0.057581663,0.8549354,
v;1556743197550;-0.401271169950882,1.03690918139425,-0.0965180062232287
q;1556743197580;-0.17689863,0.4859658,0.04975874,0.85444033,
v;1556743197580;-0.358276549843321,1.05109322746862,-0.0929274756841293
q;1556743197610;-0.15756631,0.48966822,0.05018695,0.85608363,
v;1556743197610;-0.324600090924874,1.05096222227484,-0.0722125000741009
q;1556743197640;-0.13158332,0.48891953,0.051023994,0.86083686,
v;1556743197640;-0.280084439234939,1.03904277550997,-0.0424886172620294
q;1556743197670;-0.11576102,0.48220488,0.04618053,0.86714774,
v;1556743197670;-0.247829926917787,1.01905536134907,-0.0325504585580274
q;1556743197700;-0.09427999,0.47558638,0.04694577,0.87334126,
v;1556743197700;-0.210890494408903,0.998144423126931,-0.00785122607159468
q;1556743197730;-0.073968425,0.46810395,0.045369316,0.87940264,
v;1556743197730;-0.173439406636613,0.977370465545409,0.0107068038106259
q;1556743197760;-0.056906603,0.45889512,0.041559834,0.88569164,
v;1556743197760;-0.139397632163921,0.954569530088507,0.0216012688763066
q;1556743197790;-0.037816893,0.4512434,0.041195083,0.8906471,
v;1556743197790;-0.104732391881179,0.935832162802115,0.0394778288664081
q;1556743197820;-0.025216924,0.44385803,0.03929987,0.89487976,
v;1556743197820;-0.0801049978344721,0.918951972788228,0.0481246832663207
q;1556743197850;-0.009650683,0.43514997,0.039641265,0.89943314,
v;1556743197850;-0.0518833529592776,0.899579076481662,0.0630368541473663
q;1556743197880;0.0025088524,0.42945763,0.04030808,0.90218353,
v;1556743197880;-0.0300988788207699,0.887431723991155,0.0749896608493129
q;1556743197910;0.0102779865,0.42522016,0.038713504,0.90420324,
v;1556743197910;-0.0143372385222901,0.878599499607251,0.0788403106282604
q;1556743197940;0.024545599,0.41899854,0.040277835,0.906761,
v;1556743197940;0.0107614833834659,0.866217552643346,0.0937565988363444
