q;1556743244919;-0.045550134,-0.34684554,-0.029926283,0.9363374,
v;1556743244919;-0.106260037936586,-0.708205002102293,-0.0245856070464129
q;1556743244949;-0.058199685,-0.3515027,-0.030457154,0.93387955,
v;1556743244949;-0.13048449584799,-0.718924527667346,-0.0161095725227545
q;1556743244979;-0.07761122,-0.35635448,-0.034126747,0.9304963,
v;1556743244979;-0.169567780639213,-0.730777076365916,-0.00831475810346313
q;1556743245012;-0.1078708,-0.35905692,-0.038740944,0.9262511,
v;1556743245012;-0.229664969057793,-0.740295928683481,0.00584945365572575
q;1556743245045;-0.1406795,-0.35840774,-0.040088836,0.9220337,
v;1556743245045;-0.292303498689629,-0.745617611594615,0.0281106522361178
q;1556743245078;-0.17084673,-0.3558824,-0.039175406,0.91794574,
v;1556743245078;-0.348554653824674,-0.74901960452145,0.0528841225667519
q;1556743245110;-0.2082071,-0.35045627,-0.039391838,0.91229296,
v;1556743245110;-0.419716938422907,-0.750836629519384,0.0811895000267218
q;1556743245141;-0.24941216,-0.3408321,-0.039353307,0.9055818,
v;1556743245141;-0.499004839811822,-0.748682595757658,0.112690985880239
q;1556743245174;-0.28070748,-0.32825842,-0.03739431,0.90113896,
v;1556743245174;-0.559146517837657,-0.738435317976855,0.138335236291505
q;1556743245205;-0.31222236,-0.311815,-0.036012996,0.89665586,
v;1556743245205;-0.621642045575985,-0.721087307989283,0.160766641065712
q;1556743245236;-0.33911636,-0.2908289,-0.031297076,0.8941136,
v;1556743245236;-0.67464648656425,-0.692912185425433,0.18191911776033
q;1556743245266;-0.35244152,-0.2662447,-0.023939176,0.89684206,
v;1556743245266;-0.700913517576486,-0.646993642646725,0.190527683013112
q;1556743245298;-0.35803542,-0.23667246,-0.021943731,0.90294814,
v;1556743245298;-0.716781781813829,-0.577661737982127,0.173090131311875
q;1556743245335;-0.3598916,-0.19522466,-0.016936274,0.9121834,
v;1556743245335;-0.725068940892379,-0.477517102730453,0.146992676406981
q;1556743245365;-0.350664,-0.16215742,-0.01660782,0.92220604,
v;1556743245365;-0.710423765530248,-0.388890960192506,0.109830825954474
q;1556743245395;-0.34032556,-0.12870923,-0.015298258,0.9313315,
v;1556743245395;-0.691703249397134,-0.302353649292852,0.0768265254596472
q;1556743245425;-0.3282801,-0.09385054,-0.013661702,0.93980724,
v;1556743245425;-0.668238529573546,-0.214965644777912,0.0458041931471909
q;1556743245455;-0.31205195,-0.061485466,-0.01680296,0.94792444,
v;1556743245455;-0.635611389149284,-0.1322093354085,0.00809922405739358
q;1556743245486;-0.29260388,-0.028671898,-0.01694976,0.95565355,
v;1556743245486;-0.594660827311343,-0.0542093070180901,-0.0188547353712473
q;1556743245516;-0.27145144,0.00021958037,-0.01826442,0.96227884,
v;1556743245516;-0.549681804001337,0.012124740275038,-0.0413751448047716
q;1556743245546;-0.24626918,0.025716864,-0.018297793,0.9686874,
v;1556743245546;-0.496299284438613,0.0669579859777421,-0.0547452394103376
q;1556743245576;-0.21639828,0.046609107,-0.01699364,0.9750439,
v;1556743245576;-0.433898831113978,0.10849333908807,-0.058789927827017
q;1556743245605;-0.18193403,0.06152276,-0.014690362,0.98127425,
v;1556743245605;-0.363178048137598,0.13529735534048,-0.0548180144176199
q;1556743245635;-0.14597669,0.07159555,-0.009524098,0.98664796,
v;1556743245635;-0.290771516328055,0.150944507289575,-0.0414476433974661
q;1556743245665;-0.114923395,0.07844846,-0.0069006374,0.99024785,
v;1556743245665;-0.228505988519151,0.161847319683155,-0.0325495019816508
q;1556743245695;-0.08697247,0.083847485,-0.0053418176,0.9926615,
v;1556743245695;-0.172628782106074,0.170747569612093,-0.0255729250540179
q;1556743245725;-0.06481518,0.08764034,-0.0043194825,0.99403197,
v;1556743245725;-0.128452554763388,0.177172025859863,-0.0201153255096617
q;1556743245755;-0.039783552,0.08803093,-0.0049973037,0.9953104,
v;1556743245755;-0.0783944047100288,0.177099211578147,-0.0170051472669242
q;1556743245785;-0.009046766,0.08507033,-0.0043459106,0.9963244,
v;1556743245785;-0.0172884725320798,0.170443330370821,-0.0102007975890011
q;1556743245816;0.019398253,0.08309575,-0.0020868403,0.9963506,
v;1556743245816;0.0390116317463398,0.166396860653663,-0.000935336200080724
q;1556743245881;0.044706114,0.08579005,-0.00037995778,0.99530965,
v;1556743245881;0.0891761935933513,0.172273375717619,0.0069419680988737
q;1556743245923;0.045582432,0.089942485,-0.00011155099,0.9949033,
v;1556743245923;0.0908451941150987,0.180680446826414,0.0080107478609369
q;1556743245954;0.040636566,0.092937276,0.0016405154,0.99484104,
v;1556743245954;0.0806362743402806,0.186735569670028,0.0108528846957215
q;1556743245984;0.031114304,0.095019475,0.001583583,0.9949878,
v;1556743245984;0.0616548174761731,0.190698854855173,0.00908160134278691
q;1556743246014;0.021187825,0.09549822,0.0019531362,0.9952022,
v;1556743246014;0.0418114794506684,0.191497450013088,0.00794135395485147
q;1556743246047;0.0017187424,0.0946995,0.004016237,0.99549633,
v;1556743246047;0.00266133537284266,0.189696128174167,0.00832195200588202
q;1556743246078;-0.021471411,0.09378755,0.005423283,0.99534595,
v;1556743246078;-0.0437742153644035,0.187749096784434,0.0067751254059337
q;1556743246108;-0.046100922,0.093044214,0.0095635615,0.9945482,
v;1556743246108;-0.0936155252020008,0.186074109257428,0.01049012264825
q;1556743246139;-0.072023466,0.0914139,0.011775429,0.9931352,
v;1556743246139;-0.145726183488336,0.18282020193283,0.0103309769951363
q;1556743246169;-0.10389865,0.087779075,0.015382827,0.99058735,
v;1556743246169;-0.210083901521444,0.175445545536198,0.0125112108198109
q;1556743246200;-0.13072638,0.085311614,0.03142548,0.9872411,
v;1556743246200;-0.26662668996238,0.166872454533759,0.0412115490446069
q;1556743246233;-0.15691783,0.078586325,0.038232587,0.9837374,
v;1556743246233;-0.320183766749387,0.150825327564613,0.0532907631075894
q;1556743246264;-0.18626828,0.072623946,0.049481314,0.9785609,
v;1556743246264;-0.380879157011774,0.133646688058822,0.075243891903794
q;1556743246295;-0.22080281,0.073319465,0.058367364,0.9708057,
v;1556743246295;-0.452563257948705,0.129998631803583,0.090131793617611
q;1556743246327;-0.25589475,0.07091539,0.056604598,0.9624369,
v;1556743246327;-0.524284080640256,0.12453990126784,0.0840360610277231
q;1556743246359;-0.28362858,0.06566555,0.058914088,0.95486754,
v;1556743246359;-0.581637250907686,0.110310101243756,0.0901943602417324
q;1556743246392;-0.3014389,0.063134044,0.07186317,0.9486751,
v;1556743246392;-0.619968081272066,0.0940851286504811,0.121057036708915
q;1556743246422;-0.31497413,0.061880015,0.07576608,0.9440454,
v;1556743246422;-0.648606617565659,0.0868251948463185,0.130965857150223
q;1556743246452;-0.31592998,0.07304011,0.095424615,0.94114166,
v;1556743246452;-0.654306830503184,0.0974320953264238,0.169007694471593
q;1556743246481;-0.31165218,0.08456811,0.09762727,0.9413767,
v;1556743246481;-0.647603066219658,0.123657137343207,0.165126981201344
q;1556743246512;-0.30521947,0.10547221,0.111295484,0.93985635,
v;1556743246512;-0.640008270864466,0.163196762935551,0.181547761571508
q;1556743246542;-0.29469362,0.13258444,0.121316895,0.93854105,
v;1556743246542;-0.625291426529289,0.220543841512008,0.185546743871449
q;1556743246572;-0.28386658,0.16287924,0.13154596,0.9357274,
v;1556743246572;-0.611499265365276,0.284910564983123,0.188849625606768
q;1556743246603;-0.2702331,0.19910207,0.13714594,0.93194604,
v;1556743246603;-0.592332185529858,0.366087081340527,0.179371589721806
q;1556743246633;-0.25469652,0.23206642,0.13706887,0.9287018,
v;1556743246633;-0.566512208104997,0.442386340988267,0.162341376792122
q;1556743246665;-0.2381183,0.26629713,0.14346662,0.9229317,
v;1556743246665;-0.542108531462398,0.516754732333629,0.161802062312062
q;1556743246696;-0.22507519,0.29836616,0.15050733,0.9152411,
v;1556743246696;-0.52568856450974,0.586057533501909,0.163964725122786
q;1556743246730;-0.20939377,0.32935816,0.15622789,0.90734243,
v;1556743246730;-0.503956080281011,0.653311979780984,0.16701584802428
q;1556743246760;-0.18655132,0.358944,0.16241466,0.89998853,
v;1556743246760;-0.469436295002619,0.716186562508015,0.178583447966622
q;1556743246791;-0.15890767,0.381527,0.15798567,0.8967865,
v;1556743246791;-0.41759588266395,0.766610781931482,0.178286424802025
q;1556743246821;-0.12843724,0.39908814,0.15657005,0.89426976,
v;1556743246821;-0.362577762194815,0.80438257331926,0.191019322090584
q;1556743246852;-0.10172293,0.41164303,0.15297338,0.89263743,
v;1556743246852;-0.31261110949816,0.832506727089325,0.200334443057056
q;1556743246882;-0.08030042,0.41915774,0.14774078,0.89220583,
v;1556743246882;-0.270426425230689,0.850386890732857,0.205153003772696
q;1556743246912;-0.05615225,0.42374972,0.14434919,0.8924385,
v;1556743246912;-0.224440281803412,0.86203843896599,0.217163433207009
q;1556743246942;-0.0343471,0.42358005,0.13723896,0.8947434,
v;1556743246942;-0.178676249274366,0.864349906542345,0.221806400906535
q;1556743246971;-0.019079844,0.42176306,0.13320847,0.8966646,
v;1556743246971;-0.147111315460085,0.862513759345171,0.227173994770405
q;1556743247002;-0.0029579573,0.41835243,0.12921235,0.8990421,
v;1556743247002;-0.113675923499258,0.857715472581658,0.233468117029377
q;1556743247033;0.009878371,0.41403243,0.12427197,0.9016852,
v;1556743247033;-0.0851939084458539,0.850841872082241,0.235299100278589
q;1556743247064;0.017861823,0.40803584,0.12177327,0.904632,
v;1556743247064;-0.0671093253057283,0.839441257018548,0.237657340951312
q;1556743247095;0.02394495,0.40244249,0.11841468,0.9074385,
v;1556743247095;-0.0518763230444928,0.828689064684717,0.236700565185773
q;1556743247126;0.024747437,0.39717287,0.1138934,0.9103129,
v;1556743247126;-0.0454305408119979,0.81758040974799,0.229252616288998
q;1556743247156;0.023427693,0.3907007,0.11102865,0.91349703,
v;1556743247156;-0.0439698534014846,0.803378390195033,0.2232181509866
q;1556743247187;0.01989875,0.38313165,0.1109396,0.91679144,
v;1556743247187;-0.0485419978757903,0.786311687311546,0.220710055173822
q;1556743247218;0.014623213,0.3759256,0.10999933,0.9199817,
v;1556743247218;-0.0558259442924525,0.769798653567936,0.21538359003758
