q;1556743269368;-0.019312514,-0.38978523,-0.042508926,0.9197214,
v;1556743269368;-0.0687170357181565,-0.799543553293238,-0.0633289566323161
q;1556743269402;-0.030312551,-0.3896032,-0.044426914,0.9194111,
v;1556743269402;-0.0904805334832296,-0.798985805671145,-0.0583450883015926
q;1556743269434;-0.04297184,-0.38879243,-0.04464621,0.91923916,
v;1556743269434;-0.113965553236031,-0.797470472479122,-0.0490042132770179
q;1556743269467;-0.061081756,-0.38708845,-0.047009576,0.9188154,
v;1556743269467;-0.149192290439863,-0.794493510186479,-0.0395476707313497
q;1556743269501;-0.08279619,-0.38411152,-0.047601227,0.91833395,
v;1556743269501;-0.18977451579087,-0.790003973205336,-0.0242595788301402
q;1556743269535;-0.10285426,-0.383617,-0.050569646,0.9163524,
v;1556743269535;-0.229304463348872,-0.79130593520488,-0.0141364310972746
q;1556743269567;-0.1292438,-0.3813441,-0.052237626,0.9138621,
v;1556743269567;-0.279695549452117,-0.791095151410478,0.00322196023959682
q;1556743269599;-0.16039243,-0.37640598,-0.05538504,0.9107828,
v;1556743269599;-0.340395423602777,-0.78742048136997,0.0210681586630263
q;1556743269633;-0.19425264,-0.37141824,-0.05655921,0.9061542,
v;1556743269633;-0.405044799890546,-0.787338519738081,0.045490510930794
q;1556743269667;-0.2282615,-0.36222562,-0.05202059,0.9022102,
v;1556743269667;-0.466279510411257,-0.782611779321691,0.0801277485745085
q;1556743269700;-0.24853024,-0.35684225,-0.049200438,0.8991528,
v;1556743269700;-0.50298948507991,-0.781736633218254,0.101636080836571
q;1556743269735;-0.27645746,-0.3473469,-0.0399908,0.895166,
v;1556743269735;-0.55005251448221,-0.780348388940019,0.141772852868345
q;1556743269768;-0.30153033,-0.33055884,-0.029521583,0.89383376,
v;1556743269768;-0.592640545827748,-0.762810058125147,0.177638974807618
q;1556743269802;-0.31673327,-0.3148236,-0.023638614,0.8944313,
v;1556743269802;-0.620542111484945,-0.739377597883242,0.194376883740531
q;1556743269837;-0.3374646,-0.28853655,-0.00959552,0.8959756,
v;1556743269837;-0.65638548130762,-0.700356210854228,0.226037974419436
q;1556743269869;-0.34828553,-0.2613291,-0.005040157,0.9002105,
v;1556743269869;-0.681160355896294,-0.644927535087959,0.224526423944267
q;1556743269901;-0.35616615,-0.23300377,0.001164166,0.90490526,
v;1556743269901;-0.699781736817318,-0.585155137808917,0.221528810993201
q;1556743269934;-0.36293045,-0.20161515,0.010646683,0.90968096,
v;1556743269934;-0.715518408264099,-0.519262794831635,0.221364935199616
q;1556743269966;-0.3633632,-0.17532824,0.015799014,0.91486484,
v;1556743269966;-0.719909199640759,-0.457768106361162,0.209442135897511
q;1556743270000;-0.3618453,-0.1527946,0.030015832,0.9191414,
v;1556743270000;-0.715508738925202,-0.412526114635825,0.221415835352358
q;1556743270037;-0.35249716,-0.13260064,0.044106506,0.9253202,
v;1556743270037;-0.695342399686015,-0.36836638461971,0.230078911582228
q;1556743270069;-0.33741218,-0.12205447,0.060675625,0.93143666,
v;1556743270069;-0.660794979080186,-0.346763153715418,0.250091211990074
q;1556743270104;-0.32733256,-0.10595688,0.0734409,0.9360732,
v;1556743270104;-0.640069688235137,-0.312321349067479,0.260859170955371
q;1556743270138;-0.31123835,-0.087014526,0.07604396,0.9432797,
v;1556743270138;-0.611303979005317,-0.261226307407112,0.243737060679634
q;1556743270171;-0.29265156,-0.06620438,0.07684067,0.9508247,
v;1556743270171;-0.577995664887542,-0.205454904862787,0.222561835848934
q;1556743270204;-0.2764258,-0.043016754,0.07333491,0.95726717,
v;1556743270204;-0.550270041646682,-0.144688700184906,0.193829060568708
q;1556743270237;-0.25584427,-0.022306295,0.07268844,0.96372324,
v;1556743270237;-0.511955905807415,-0.0921113115128937,0.174687322907422
q;1556743270269;-0.2366478,-0.0046603046,0.074045986,0.9687587,
v;1556743270269;-0.475540537574323,-0.0495960441666747,0.164593282420597
q;1556743270300;-0.21849066,0.008632438,0.07483135,0.97292733,
v;1556743270300;-0.440556643193531,-0.0175820874212767,0.157461885827906
q;1556743270332;-0.19703744,0.021808697,0.07456227,0.9773132,
v;1556743270332;-0.398880308142961,0.0143735696975186,0.149385874234032
q;1556743270364;-0.17376952,0.033035792,0.06723204,0.9819331,
v;1556743270364;-0.352987036676587,0.0442541940374896,0.128830784551281
q;1556743270400;-0.1467716,0.0422991,0.06464308,0.98614913,
v;1556743270400;-0.299399066365363,0.0675028140733519,0.120729646072112
q;1556743270430;-0.12556688,0.04922334,0.06361503,0.98881906,
v;1556743270430;-0.257422196473829,0.0842422214363041,0.117582088941159
q;1556743270463;-0.09952566,0.054136563,0.05603262,0.99197996,
v;1556743270463;-0.204953616465558,0.098468015420375,0.102717093912814
q;1556743270496;-0.07476577,0.056993928,0.053773273,0.99411786,
v;1556743270496;-0.155406258524299,0.106763462464286,0.0997571321899498
q;1556743270528;-0.05273856,0.058946393,0.04972944,0.9956259,
v;1556743270528;-0.111106951710436,0.113068255723172,0.0935183924643654
q;1556743270562;-0.028176008,0.056800764,0.04368589,0.9970313,
v;1556743270562;-0.0611856771522956,0.111239495236635,0.0841682199669555
q;1556743270595;-0.011852595,0.054202978,0.045695506,0.9974134,
v;1556743270595;-0.0286014385399141,0.107291860698615,0.0900280636805605
q;1556743270628;-0.00068381906,0.053931035,0.04306716,0.9976153,
v;1556743270628;-0.00600972591528152,0.107756306058261,0.0859625395037527
q;1556743270662;0.009903036,0.053124085,0.040515684,0.99771655,
v;1556743270662;0.0154567440004351,0.107024974043123,0.0820001648844848
q;1556743270695;0.01597624,0.051651523,0.040428434,0.99771863,
v;1556743270695;0.0277067489694358,0.1045898123256,0.0824477826461205
q;1556743270728;0.019132853,0.051116545,0.03818212,0.99777913,
v;1556743270728;0.0342839625080725,0.103713779993378,0.0782765185497034
q;1556743270764;0.016881809,0.051132604,0.036872495,0.9978682,
v;1556743270764;0.0299253336321965,0.103523227160257,0.0754194159933763
q;1556743270796;0.008201024,0.050906472,0.036050316,0.99801886,
v;1556743270796;0.0126995057970955,0.102389587989233,0.0728630861933847
q;1556743270829;-0.0025364936,0.050846487,0.036143497,0.998049,
v;1556743270829;-0.00873874072541931,0.101489218494863,0.0719528332319712
q;1556743270860;-0.016052574,0.050790332,0.036880318,0.99789906,
v;1556743270860;-0.0357916654908643,0.100416075462839,0.0720835730434935
q;1556743270893;-0.03633949,0.049549833,0.03902049,0.99734735,
v;1556743270893;-0.0764274881122395,0.0964312646699182,0.0745190140614845
q;1556743270926;-0.066338964,0.047646098,0.043361593,0.9957152,
v;1556743270926;-0.136666490526918,0.0900914907733267,0.0808713827810616
q;1556743270958;-0.09667403,0.046212085,0.04942868,0.9930133,
v;1556743270958;-0.197853946727075,0.0839560880511121,0.0911332394015074
q;1556743270990;-0.13091958,0.043407913,0.052194566,0.989066,
v;1556743270990;-0.266656439021737,0.0749152847491824,0.0953927832941436
q;1556743271022;-0.16486537,0.039467502,0.058323875,0.9837988,
v;1556743271022;-0.335236487214126,0.0619086211209076,0.107951538698285
q;1556743271053;-0.19500932,0.034348484,0.05978328,0.97837496,
v;1556743271053;-0.395957088020236,0.0475938111141629,0.112508236802843
q;1556743271087;-0.22799952,0.031167855,0.0644336,0.97102684,
v;1556743271087;-0.463189519692508,0.0348235758610142,0.124304933797001
q;1556743271127;-0.25108203,0.026235325,0.068257734,0.9651997,
v;1556743271127;-0.51010642704075,0.0187569316522122,0.136311809601937
q;1556743271162;-0.27613547,0.022081394,0.074222066,0.9579941,
v;1556743271162;-0.561374390794148,0.00155577434627673,0.154195617974181
q;1556743271196;-0.30428836,0.026841853,0.085632935,0.94834334,
v;1556743271196;-0.620862325537481,-0.00147978850348764,0.180581063941962
q;1556743271228;-0.32827923,0.031509485,0.086438544,0.9400895,
v;1556743271228;-0.672151553164516,0.00318411574014328,0.1822663656076
q;1556743271260;-0.3500913,0.04491705,0.09827398,0.93046266,
v;1556743271260;-0.721247610174085,0.0196788858359226,0.203035141538274
q;1556743271292;-0.3646539,0.06069006,0.102655984,0.92347497,
v;1556743271292;-0.75591932111286,0.051178995252833,0.201092100014361
q;1556743271325;-0.37518474,0.08167501,0.10416204,0.9174508,
v;1556743271325;-0.783046501012631,0.101342758829726,0.184232535924592
q;1556743271357;-0.38292575,0.109259695,0.10410059,0.9113689,
v;1556743271357;-0.804842164617214,0.173139972642318,0.153614916012716
q;1556743271391;-0.38326603,0.13377671,0.091895804,0.9092668,
v;1556743271391;-0.806066144526518,0.252308498206697,0.0934009760482239
q;1556743271423;-0.37578198,0.15627263,0.08298751,0.9096592,
v;1556743271423;-0.788936630773159,0.320441935023657,0.0476078389875654
q;1556743271456;-0.36292556,0.17924036,0.07247763,0.9115399,
v;1556743271456;-0.758211659168309,0.387201029683912,0.00279683565239409
q;1556743271491;-0.3490643,0.20157368,0.05850364,0.9132905,
v;1556743271491;-0.722390271192201,0.451517100662062,-0.0451519344378778
q;1556743271523;-0.33424076,0.223593,0.049644,0.9142346,
v;1556743271523;-0.685873256709934,0.506838509791283,-0.0759196845832263
q;1556743271555;-0.31740162,0.24433108,0.037751272,0.91549623,
v;1556743271555;-0.643010687878443,0.557492624979249,-0.107643088021876
q;1556743271587;-0.29818124,0.26281804,0.028747732,0.91716313,
v;1556743271587;-0.596889481065238,0.596986767481441,-0.126078663198599
q;1556743271620;-0.27768433,0.28080162,0.021633469,0.91846275,
v;1556743271620;-0.549469455285421,0.631994602867191,-0.136693012246504
q;1556743271653;-0.25873768,0.29571754,0.017042462,0.91941047,
v;1556743271653;-0.507337427659061,0.658643880243008,-0.139678880371795
q;1556743271686;-0.23558274,0.3084175,0.012164681,0.9215375,
v;1556743271686;-0.457492943087087,0.677959543033498,-0.13741418600949
q;1556743271718;-0.21637787,0.31950447,0.0079110265,0.9225156,
v;1556743271718;-0.416190551833026,0.695502314326985,-0.135629173442176
q;1556743271750;-0.19420333,0.327729,0.0061683557,0.924576,
v;1556743271750;-0.37165138991923,0.704764744065808,-0.124700203773699
q;1556743271783;-0.16850676,0.33435756,0.0046547484,0.927248,
v;1556743271783;-0.321097137679886,0.709968972547291,-0.109876271610768
q;1556743271817;-0.14712757,0.34264076,0.0012798198,0.92787343,
v;1556743271817;-0.277454680554616,0.721814503489048,-0.102543218397794
q;1556743271850;-0.12319154,0.3474386,0.0014375347,0.9295742,
v;1556743271850;-0.232108781274578,0.725320295444996,-0.0853190613758661
q;1556743271882;-0.101503976,0.34933624,0.001900436,0.93148136,
v;1556743271882;-0.191595972511751,0.724202084598141,-0.0686874762073989
q;1556743271915;-0.08263916,0.3527909,0.0014443741,0.9320447,
v;1556743271915;-0.155694166207727,0.728088706664801,-0.0563269889646279
q;1556743271948;-0.06354181,0.3554303,0.003214076,0.93253493,
v;1556743271948;-0.121090380085127,0.730686140588538,-0.0394741171942327
q;1556743271980;-0.045230538,0.35627154,0.0024561875,0.93328387,
v;1556743271980;-0.0862830220524651,0.730530750473031,-0.0277508501194228
q;1556743272013;-0.027281478,0.35549888,0.0028895389,0.934274,
v;1556743272013;-0.0530560950382981,0.72755390649128,-0.0140180114327687
q;1556743272045;-0.012144134,0.35484716,0.0058002123,0.93482745,
v;1556743272045;-0.0268249343491389,0.725540053297265,0.00222657531399094
q;1556743272078;0.0033002899,0.35533056,0.0076769367,0.9347034,
v;1556743272078;0.000713884008276377,0.726567891773334,0.0166974855236353
q;1556743272109;0.0138666555,0.35383615,0.009601724,0.93515533,
v;1556743272109;0.0191412483237341,0.723712385431884,0.0277799159704542
q;1556743272142;0.025025602,0.3508943,0.012155499,0.9360017,
v;1556743272142;0.038326804037263,0.718115752690473,0.0403584031619644
q;1556743272173;0.03589657,0.34713072,0.01211267,0.93705124,
v;1556743272173;0.0588985387814776,0.710957617802765,0.0477228225342028
