q;1556743282443;-0.023436764,-0.27436608,-0.017685022,0.961177,
v;1556743282443;-0.0547854992294668,-0.555526903029236,-0.0211697074375907
q;1556743282481;-0.036929425,-0.2702632,-0.021861706,0.9618296,
v;1556743282481;-0.0829515557341395,-0.546930399510063,-0.0221711886529867
q;1556743282514;-0.05846768,-0.2654945,-0.026731545,0.9619666,
v;1556743282514;-0.127023377287093,-0.537268356416523,-0.0205510187806043
q;1556743282548;-0.08551644,-0.2612404,-0.031159053,0.9609732,
v;1556743282548;-0.181635104807889,-0.529462367897441,-0.0154602643333036
q;1556743282579;-0.11408297,-0.25655404,-0.035259254,0.95912564,
v;1556743282579;-0.239206310977538,-0.521611459430581,-0.0093660337729959
q;1556743282611;-0.14693873,-0.2515195,-0.038557917,0.9558558,
v;1556743282611;-0.305007795212715,-0.514638313812215,0.000214180169430667
q;1556743282642;-0.18224823,-0.2452497,-0.039606728,0.9513514,
v;1556743282642;-0.374912699420749,-0.507456036739992,0.0150808705081852
q;1556743282676;-0.21769197,-0.23289725,-0.03641219,0.94712365,
v;1556743282676;-0.443743072322428,-0.490333156153046,0.0359109385107872
q;1556743282708;-0.24794932,-0.21604393,-0.03261642,0.94381267,
v;1556743282708;-0.503082698289632,-0.463432607114422,0.0520361335954048
q;1556743282741;-0.27167672,-0.19662428,-0.02926711,0.94163376,
v;1556743282741;-0.550541966152005,-0.428863395681955,0.0607228126916383
q;1556743282774;-0.29151863,-0.17353366,-0.025542397,0.94034594,
v;1556743282774;-0.590915663456005,-0.384474192403285,0.0640336772654758
q;1556743282809;-0.30925333,-0.14485799,-0.018126236,0.9397074,
v;1556743282809;-0.626689729825224,-0.32813551570793,0.0686102918305945
q;1556743282843;-0.3196155,-0.11067635,-0.010234199,0.9410058,
v;1556743282843;-0.648241360425277,-0.255875841674891,0.064633934437755
q;1556743282879;-0.32918444,-0.073073976,-0.0069846385,0.941408,
v;1556743282879;-0.669781262761323,-0.170458972471025,0.0446075709643106
q;1556743282912;-0.32744098,-0.039265774,-0.0054227547,0.9440398,
v;1556743282912;-0.667036606641658,-0.0899639640097056,0.0196992164001182
q;1556743282946;-0.30691358,-0.0026456378,-0.0008355194,0.95173335,
v;1556743282946;-0.623899187495527,-0.00557294843719871,4.13759293961015e-05
q;1556743282980;-0.2859417,0.028632406,-0.0042295977,0.9578098,
v;1556743282980;-0.5793896716204,0.0684902488847268,-0.0292546348733133
q;1556743283013;-0.263485,0.057334647,-0.0043711415,0.96294826,
v;1556743283013;-0.531635295166985,0.131149159061354,-0.0448328084398992
q;1556743283046;-0.23451142,0.07885102,-0.0044697262,0.9688999,
v;1556743283046;-0.470948010491521,0.174703059644915,-0.0512426998436783
q;1556743283078;-0.20176105,0.09661639,-0.0034189401,0.97465175,
v;1556743283078;-0.403492612332279,0.207771151225305,-0.0496579339590637
q;1556743283111;-0.15690827,0.10640712,-0.008006747,0.98183155,
v;1556743283111;-0.31142040761453,0.224014660469812,-0.0516196265781411
q;1556743283143;-0.123980254,0.114470154,-0.008033748,0.9856272,
v;1556743283143;-0.24500107993028,0.236857635113061,-0.0455976454261446
q;1556743283177;-0.087691,0.116433226,-0.012518107,0.9892406,
v;1556743283177;-0.171418213161837,0.238263437122019,-0.0458753413589969
q;1556743283212;-0.051785044,0.1136024,-0.014220239,0.9920739,
v;1556743283212;-0.0996832806451113,0.230031956718356,-0.0401911517660724
q;1556743283245;-0.025189493,0.10919347,-0.015888257,0.99357426,
v;1556743283245;-0.0466023424008448,0.219786004370396,-0.0371222022303799
q;1556743283278;0.00028620582,0.1026362,-0.015443074,0.99459904,
v;1556743283278;0.00373936564548187,0.205601797521443,-0.0306656033469714
q;1556743283311;0.019070277,0.09656198,-0.016093897,0.99501413,
v;1556743283311;0.0410700521155881,0.192903045872681,-0.0283721105021739
q;1556743283344;0.034002855,0.090809524,-0.016656373,0.99514824,
v;1556743283344;0.0707599111763188,0.181043102589661,-0.027046525768547
q;1556743283377;0.041207835,0.08650795,-0.01471207,0.99528986,
v;1556743283377;0.0846740475955512,0.172456849652625,-0.0222374338367901
q;1556743283411;0.042281404,0.08877864,-0.016489211,0.995017,
v;1556743283411;0.087179600626956,0.176867018122038,-0.0254059270293798
q;1556743283444;0.03596558,0.09150549,-0.015296802,0.9950373,
v;1556743283444;0.0744424068079206,0.182516781505393,-0.0239282286658796
q;1556743283477;0.023329822,0.09261139,-0.013188523,0.9953416,
v;1556743283477;0.0489045911287367,0.185018291429883,-0.0219609761179685
q;1556743283510;0.0044656415,0.09382691,-0.009827501,0.99553,
v;1556743283510;0.0107357344937991,0.187840681573715,-0.0187313241640888
q;1556743283542;-0.019822849,0.09416779,-0.0071888193,0.995333,
v;1556743283542;-0.0381159897384478,0.189001311372049,-0.0180579826087297
q;1556743283575;-0.05368951,0.094231084,-0.0020980882,0.9940994,
v;1556743283575;-0.106551511893628,0.189782466552816,-0.0143718561279652
q;1556743283608;-0.087476514,0.09532225,0.004874993,0.99158347,
v;1556743283608;-0.175306472680524,0.192299236027027,-0.00711814943802179
q;1556743283641;-0.12547345,0.09579245,0.009401776,0.98741674,
v;1556743283641;-0.252257253663959,0.194137626193239,-0.00565074301521472
q;1556743283673;-0.16641763,0.0949514,0.018707722,0.9812948,
v;1556743283673;-0.336475362049923,0.192002196924146,0.00541614628883721
q;1556743283706;-0.20485233,0.0957927,0.028030043,0.97369075,
v;1556743283706;-0.41620875246116,0.192589472396182,0.016770955597586
q;1556743283738;-0.23866372,0.09567516,0.031698804,0.9658577,
v;1556743283738;-0.486003572112041,0.19310608071818,0.0176039084338741
q;1556743283771;-0.27156577,0.09689754,0.042124085,0.9566026,
v;1556743283771;-0.555919409279459,0.19250172983801,0.0329272990914542
q;1556743283803;-0.29903752,0.1021415,0.047598764,0.9475643,
v;1556743283803;-0.614363066515239,0.203451079301918,0.0356409365676996
q;1556743283837;-0.3176608,0.112785585,0.054099597,0.93991715,
v;1556743283837;-0.655244312913378,0.225966244365402,0.0378993417939245
q;1556743283871;-0.33333626,0.13238598,0.05735127,0.9317037,
v;1556743283871;-0.689726550694072,0.273623367084319,0.0241275702371792
q;1556743283902;-0.34193093,0.15491953,0.053025156,0.9253494,
v;1556743283902;-0.706585337883797,0.335544648113954,-0.0102685704480465
q;1556743283938;-0.34668866,0.18482919,0.04922825,0.91827106,
v;1556743283938;-0.71405817689064,0.415893835074608,-0.049969310292397
q;1556743283969;-0.35043022,0.21029833,0.042297386,0.91169304,
v;1556743283969;-0.716513798981185,0.488364844435194,-0.093313086687684
q;1556743284001;-0.34850392,0.238107,0.036823284,0.9058113,
v;1556743284001;-0.706129085739856,0.562367788555969,-0.130817326708881
q;1556743284032;-0.34664714,0.26322538,0.028278574,0.89986026,
v;1556743284032;-0.69287937614768,0.631340327225222,-0.171884118497482
q;1556743284063;-0.34039217,0.28167236,0.022164514,0.89682925,
v;1556743284063;-0.672615020263688,0.677201370696641,-0.19557253593859
q;1556743284095;-0.32058305,0.29541868,0.015704934,0.8998376,
v;1556743284095;-0.626390592839727,0.699477331525801,-0.200248066654509
q;1556743284128;-0.2907702,0.3063768,0.008028259,0.90637827,
v;1556743284128;-0.560978433475903,0.708113004415136,-0.194456265978356
q;1556743284160;-0.25789744,0.31159613,-0.0018649967,0.9145454,
v;1556743284160;-0.489920321069967,0.703652202309838,-0.187101117500689
q;1556743284192;-0.22904335,0.31629995,-0.007800277,0.9205611,
v;1556743284192;-0.429880680361413,0.700454869554583,-0.176102815346466
q;1556743284226;-0.20040053,0.31884807,-0.011965332,0.9263004,
v;1556743284226;-0.372163781121587,0.693529861875278,-0.161685570326048
q;1556743284261;-0.16890614,0.32393926,-0.015216074,0.93075377,
v;1556743284261;-0.309478429271804,0.692532741991011,-0.145135315638655
q;1556743284295;-0.13707809,0.3279045,-0.018879713,0.9345223,
v;1556743284295;-0.246306475626112,0.690960132102533,-0.129440908013192
q;1556743284328;-0.10995112,0.33606935,-0.02060671,0.9351703,
v;1556743284328;-0.192991260831635,0.701116744882687,-0.114823134408549
q;1556743284359;-0.089125015,0.34563336,-0.020079829,0.93391174,
v;1556743284359;-0.153187704748219,0.71663787674987,-0.10045803191102
q;1556743284396;-0.062195,0.3566313,-0.02083168,0.9319399,
v;1556743284396;-0.101238392949564,0.735210752437935,-0.0837150022398958
q;1556743284431;-0.04642539,0.36690784,-0.020459756,0.9288728,
v;1556743284431;-0.0712932529269873,0.754963243602689,-0.0723232959547581
q;1556743284462;-0.03302894,0.3762187,-0.017090777,0.92578423,
v;1556743284462;-0.0483143981318071,0.773353457202998,-0.0565931619350721
q;1556743284492;-0.01884918,0.38360742,-0.014696351,0.9231869,
v;1556743284492;-0.023529544609767,0.788125954572086,-0.0416198601036015
q;1556743284527;-0.006270652,0.38917613,-0.011983566,0.9210641,
v;1556743284527;-0.00222391103578935,0.799581380201008,-0.0269593732750296
