q;1556287338161;-0.018926047,-0.15462856,0.021226507,0.9875633,
v;1556287338161;-0.0308217702269671,-0.311366753132933,0.0478189786728737
q;1556287338193;-0.029524095,-0.15394415,0.01926018,0.98745054,
v;1556287338193;-0.0524011609625937,-0.310548762901406,0.0472093846725434
q;1556287338226;-0.048961308,-0.15302758,0.015237095,0.9868907,
v;1556287338226;-0.0921057014493781,-0.309756912156172,0.0452668217320483
q;1556287338258;-0.07491732,-0.15157129,0.011304132,0.98553836,
v;1556287338258;-0.144745930357266,-0.308497644506151,0.04548309292101
q;1556287338290;-0.11383223,-0.1493044,0.008506846,0.98218024,
v;1556287338290;-0.222908726727746,-0.307538926067987,0.0520115251709077
q;1556287338324;-0.16078,-0.14616932,0.002057201,0.97610456,
v;1556287338324;-0.318639445104596,-0.305924607393316,0.053748425777231
q;1556287338356;-0.21906021,-0.14090437,-0.004961764,0.96547085,
v;1556287338356;-0.438288945342132,-0.302679483689413,0.0576281436820996
q;1556287338388;-0.27998838,-0.13114585,-0.006775664,0.9509792,
v;1556287338388;-0.563683500256147,-0.294850946716174,0.0716952823949171
q;1556287338420;-0.33077186,-0.113038935,-0.00096336636,0.9369158,
v;1556287338420;-0.668779103684592,-0.272522422841515,0.0931462876155028
q;1556287338452;-0.35431316,-0.09122324,0.015111997,0.930544,
v;1556287338452;-0.716369417669774,-0.241650902827715,0.123314939985952
q;1556287338483;-0.36023635,-0.068420984,0.019354446,0.9301472,
v;1556287338483;-0.73084244146209,-0.190821789459318,0.114808863372382
q;1556287338517;-0.35004136,-0.045710165,0.02637976,0.93524635,
v;1556287338517;-0.71066529647961,-0.137608573612612,0.107531342548178
q;1556287338549;-0.32905388,-0.027370704,0.031988833,0.9433722,
v;1556287338549;-0.667582711684038,-0.092698251499827,0.0999569973271912
q;1556287338579;-0.3009427,-0.011345628,0.03461715,0.9529462,
v;1556287338579;-0.609891955324532,-0.0518209085352562,0.0889356029375082
q;1556287338612;-0.2660467,0.0025385171,0.037233584,0.96323746,
v;1556287338612;-0.538351465455195,-0.0173804875003523,0.0820656681246251
q;1556287338646;-0.22486913,0.015633238,0.038820427,0.9734899,
v;1556287338646;-0.454518145518569,0.0144456462162782,0.0763722794799054
q;1556287338680;-0.1715338,0.02825315,0.03672443,0.984088,
v;1556287338680;-0.346580761584416,0.0457431127360577,0.0665933470907189
q;1556287338714;-0.11176946,0.03975342,0.02887017,0.9925189,
v;1556287338714;-0.226083047066458,0.0744191865808116,0.0497068322271428
q;1556287338749;-0.05319635,0.048251625,0.016945306,0.9972737,
v;1556287338749;-0.107947442202824,0.0951336376767058,0.0288364156085326
q;1556287338780;-0.00776799,0.05599829,0.0040006423,0.99839264,
v;1556287338780;-0.0159597438607963,0.11200266600226,0.00711940216048653
q;1556287338812;0.029475393,0.06398796,-0.006403409,0.99749476,
v;1556287338812;0.0596579638318224,0.127852690805467,-0.00901875980435613
q;1556287338847;0.061889753,0.0722919,-0.011340879,0.9953969,
v;1556287338847;0.12517608637008,0.144136934570169,-0.0137370070669661
q;1556287338879;0.079012044,0.07869931,-0.016096203,0.99363196,
v;1556287338879;0.160236118125049,0.156487095902011,-0.0198060173217632
q;1556287338912;0.08110721,0.08525405,-0.012915939,0.99296856,
v;1556287338912;0.164010400140588,0.170310632885803,-0.0119818811273621
q;1556287338945;0.06113861,0.092532285,-0.0008625335,0.9938305,
v;1556287338945;0.121984757993698,0.186268768905907,0.00967218931750989
q;1556287338980;0.02805122,0.099878974,0.013752714,0.99450904,
v;1556287338980;0.0530720805176634,0.201065869950393,0.0330103155606395
q;1556287339013;-0.009038219,0.104479425,0.02402871,0.99419564,
v;1556287339013;-0.0229945537944948,0.208882115487686,0.0459181308823824
q;1556287339046;-0.050483543,0.10879048,0.029147733,0.99235404,
v;1556287339046;-0.106739659129253,0.215866005577984,0.0471512036985935
q;1556287339080;-0.101704136,0.11295807,0.031378787,0.9878827,
v;1556287339080;-0.209563007092508,0.223501220308467,0.0399038938783882
q;1556287339114;-0.16073032,0.11616938,0.030881558,0.9796514,
v;1556287339114;-0.327940901991361,0.23201369115894,0.0244687502068833
q;1556287339148;-0.21786883,0.11902786,0.03190721,0.96816707,
v;1556287339148;-0.443897562883124,0.242176752247039,0.0109826891790576
q;1556287339180;-0.2705961,0.12588648,0.042449363,0.9534823,
v;1556287339180;-0.554719385850912,0.258243712486035,0.0150828343537669
q;1556287339214;-0.29984623,0.14371105,0.06589075,0.9407964,
v;1556287339214;-0.622572533514309,0.288188345441631,0.0465431553983592
q;1556287339245;-0.2874901,0.17001814,0.087910876,0.93846416,
v;1556287339245;-0.605886739505913,0.332833405472562,0.0818987726869544
q;1556287339277;-0.2661046,0.19914791,0.09342993,0.9385091,
v;1556287339277;-0.5665163926491,0.394214524707711,0.082320159235003
q;1556287339310;-0.24941961,0.22277784,0.09215652,0.9379057,
v;1556287339310;-0.533935516236526,0.446770560955287,0.0717822935912435
q;1556287339342;-0.23231205,0.24459687,0.09671316,0.93640274,
v;1556287339342;-0.503377407767702,0.491162774818616,0.0771112639088928
q;1556287339373;-0.21141599,0.2628498,0.10185551,0.9358626,
v;1556287339373;-0.465934673779804,0.52646242068106,0.0891082965037237
q;1556287339404;-0.185935,0.27793926,0.10535025,0.9365251,
v;1556287339404;-0.418978510794337,0.555067309587287,0.103048754141697
q;1556287339435;-0.15236689,0.28911632,0.10940689,0.9387365,
v;1556287339435;-0.356853139239072,0.57486584362836,0.125521325053733
q;1556287339468;-0.11423244,0.2952469,0.11307355,0.9418039,
v;1556287339468;-0.28581381506633,0.585622690728426,0.152273989639731
q;1556287339501;-0.07906277,0.2980795,0.11350484,0.94446516,
v;1556287339501;-0.21875144877606,0.592468832771971,0.172202024138906
q;1556287339532;-0.04764995,0.3024538,0.11199277,0.94536173,
v;1556287339532;-0.15850098134036,0.604447224817589,0.186321777153198
q;1556287339567;-0.012586208,0.30698937,0.109660536,0.94529027,
v;1556287339567;-0.0912510624861433,0.618778974655009,0.201795063063253
q;1556287339600;0.015404312,0.31118605,0.10710645,0.9441685,
v;1556287339600;-0.0375803789764836,0.632721297182677,0.213610755713292
q;1556287339633;0.03643408,0.31596473,0.10232687,0.94253284,
v;1556287339633;0.00401728089328741,0.647351044121947,0.217632299941105
q;1556287339667;0.04918908,0.31775168,0.09644991,0.94197226,
v;1556287339667;0.0313804057833749,0.65406141966305,0.214717071192843
