q;1556287271103;0.032883767,-0.23275717,0.0065730195,0.97195655,
v;1556287271103;0.0670332107504,-0.470177922243217,-0.00253618507074257
q;1556287271136;0.02245147,-0.22985418,0.0030435387,0.97296137,
v;1556287271136;0.045103256936145,-0.464076318631876,-0.00440312939178974
q;1556287271166;0.0067131505,-0.22658412,-0.0028306812,0.97396433,
v;1556287271166;0.0117942368761703,-0.457201101424373,-0.00855685118713396
q;1556287271196;-0.014905252,-0.22220063,-0.009942299,0.97483635,
v;1556287271196;-0.0334849902403734,-0.44800129078144,-0.0127678201199528
q;1556287271227;-0.042572007,-0.21742757,-0.018203862,0.97497773,
v;1556287271227;-0.0910553327117777,-0.438057705943995,-0.0170555430218103
q;1556287271257;-0.07741789,-0.21226323,-0.028235462,0.97373176,
v;1556287271257;-0.163482464232653,-0.427426482132545,-0.0224224129346432
q;1556287271287;-0.121071346,-0.2067316,-0.037841905,0.9701401,
v;1556287271287;-0.253257187345442,-0.416835360217364,-0.0241375756841648
q;1556287271317;-0.17220627,-0.20005672,-0.046207428,0.96342474,
v;1556287271317;-0.357895409256441,-0.405595470911035,-0.0214963582407289
q;1556287271347;-0.2237981,-0.19163242,-0.047681082,0.9544202,
v;1556287271347;-0.461698417300643,-0.394922726119899,-0.0058546621500188
q;1556287271379;-0.2752753,-0.18145491,-0.044987135,0.94301313,
v;1556287271379;-0.565102895561018,-0.385368948854624,0.0178252121248932
q;1556287271409;-0.31609303,-0.16990878,-0.036871873,0.93266106,
v;1556287271409;-0.64618510188665,-0.376612560723703,0.0484115488631795
q;1556287271440;-0.33964834,-0.15886301,-0.030583825,0.9265345,
v;1556287271440;-0.69333934743283,-0.363710288134861,0.0666728474507227
q;1556287271471;-0.34693763,-0.14449283,-0.03125848,0.9261636,
v;1556287271471;-0.709791002731318,-0.330240396373546,0.0558750466305077
q;1556287271501;-0.33997068,-0.12318479,-0.026968325,0.93194324,
v;1556287271501;-0.694902991723206,-0.278635375954659,0.0436173267813593
q;1556287271532;-0.3227951,-0.09762051,-0.017224416,0.94126344,
v;1556287271532;-0.657365339413771,-0.219872749621443,0.0386620203595508
q;1556287271562;-0.3004266,-0.07230981,-0.010429256,0.95100284,
v;1556287271562;-0.610065779213084,-0.160850797361304,0.0288116711565593
q;1556287271592;-0.27426523,-0.049347922,-0.006811176,0.9603629,
v;1556287271592;-0.555608701317024,-0.107374147329156,0.0164635192217983
q;1556287271622;-0.24524616,-0.030230688,-0.0027147091,0.9689856,
v;1556287271622;-0.495468801876536,-0.0651269323901347,0.0108748225661986
q;1556287271652;-0.21370623,-0.015410614,0.0028273147,0.9767723,
v;1556287271652;-0.430579535475042,-0.0344658572638727,0.0133267441497031
q;1556287271685;-0.17539595,-0.0044606295,0.008241225,0.9844534,
v;1556287271685;-0.352520874930362,-0.0124387357111789,0.0189578277233744
q;1556287271716;-0.14137694,0.003760539,0.011949836,0.98987657,
v;1556287271716;-0.283774647323183,0.00423548487059781,0.0235378922504867
q;1556287271746;-0.10881999,0.010647953,0.016226448,0.993872,
v;1556287271746;-0.218383539639114,0.0180638762189336,0.0306697370584464
q;1556287271776;-0.07825412,0.016616166,0.017367776,0.99664366,
v;1556287271776;-0.15720685201859,0.0307870488851057,0.0324238485686065
q;1556287271809;-0.044473294,0.024779847,0.01703788,0.99855787,
v;1556287271809;-0.0897832833771445,0.0481854121314072,0.0319566679286782
q;1556287271839;-0.0134071885,0.035050724,0.016496457,0.99915946,
v;1556287271839;-0.0279519036692087,0.0696837628647819,0.0320433169746002
q;1556287271869;0.013494951,0.046080586,0.019734215,0.9986516,
v;1556287271869;0.0251374276989376,0.0927316261345726,0.0406829921554565
q;1556287271899;0.037534386,0.05661288,0.023187172,0.9974209,
v;1556287271899;0.0723127827425875,0.115229682507366,0.0506586001094921
q;1556287271929;0.059663504,0.064897835,0.025484882,0.99578065,
v;1556287271929;0.115774157802154,0.133577490001157,0.0589271166096255
q;1556287271959;0.07634918,0.071344785,0.025463294,0.99419934,
v;1556287271959;0.148726955622584,0.147915833500932,0.0622524029809603
q;1556287271989;0.08750442,0.07672311,0.023264144,0.9929327,
v;1556287271989;0.171034864588511,0.159423950999436,0.0605465525930616
q;1556287272019;0.09177642,0.0818226,0.022234216,0.99216324,
v;1556287272019;0.179437220173847,0.169977209112035,0.0601399678945728
q;1556287272049;0.09022445,0.086740814,0.021468408,0.99190456,
v;1556287272049;0.176173620207771,0.179682752353339,0.0591917295089469
q;1556287272078;0.08285912,0.09103832,0.019957144,0.99219364,
v;1556287272078;0.161491880635023,0.187484155624579,0.0554387786949592
q;1556287272108;0.06658811,0.09577858,0.018326992,0.99300385,
v;1556287272108;0.129092082229219,0.195517536770098,0.049585718389505
q;1556287272140;0.03566413,0.10082819,0.017666291,0.9941075,
v;1556287272140;0.0673964486214694,0.203590781239323,0.0424252983430409
q;1556287272172;-0.0022353414,0.10353264,0.017032688,0.9944777,
v;1556287272172;-0.00797295712886115,0.207334476897047,0.0334216789561165
q;1556287272203;-0.04845681,0.1049319,0.01531978,0.99318004,
v;1556287272203;-0.0996324943232004,0.209508584329331,0.0203636572297626
q;1556287272234;-0.10191734,0.105780445,0.018288517,0.98898375,
v;1556287272234;-0.20693199643324,0.211556792345751,0.0149314618836442
q;1556287272266;-0.1564649,0.10643337,0.02552844,0.9816002,
v;1556287272266;-0.317935410457142,0.213175348422927,0.0176991807808097
q;1556287272296;-0.20828003,0.10746178,0.030873604,0.97165745,
v;1556287272296;-0.423977633076425,0.216700268191478,0.0167133628682398
q;1556287272326;-0.26182532,0.11076875,0.029005358,0.95829874,
v;1556287272326;-0.533139377893334,0.230921461999485,-0.00280131187136485
q;1556287272357;-0.3149372,0.11538076,0.02398828,0.9417677,
v;1556287272357;-0.641915721838211,0.255229831311642,-0.0343317387810209
q;1556287272388;-0.36463672,0.123747855,0.021903696,0.92263037,
v;1556287272388;-0.745406944884493,0.293200037251287,-0.0678626134452278
q;1556287272419;-0.39298183,0.1373104,0.019513628,0.90902716,
v;1556287272419;-0.803544651874514,0.344293326973288,-0.104552764194886
q;1556287272451;-0.38832787,0.15696393,0.022258963,0.9077821,
v;1556287272451;-0.792373557588703,0.391137381263189,-0.11632499509386
q;1556287272483;-0.36365655,0.1715167,0.029734135,0.91512394,
v;1556287272483;-0.742024327329889,0.407747130221113,-0.0955534376145925
q;1556287272513;-0.3345113,0.1827885,0.031538606,0.92395663,
v;1556287272513;-0.681138207800721,0.419867330423179,-0.0824884335100305
q;1556287272543;-0.30950615,0.19316383,0.032537576,0.9305026,
v;1556287272543;-0.629279869750874,0.43315647429528,-0.0730665087902234
q;1556287272573;-0.28524536,0.2008849,0.033984713,0.9365497,
v;1556287272573;-0.579907957089611,0.440773742596397,-0.0609407963102553
q;1556287272602;-0.25673607,0.20535685,0.035712738,0.94373715,
v;1556287272602;-0.522733479803354,0.440267559043467,-0.0439148656085211
q;1556287272632;-0.22225504,0.20999008,0.037172623,0.9513806,
v;1556287272632;-0.453940133930895,0.440288259633505,-0.0251627987983782
q;1556287272662;-0.18387587,0.21571359,0.038805284,0.9582022,
v;1556287272662;-0.378064322674978,0.443885032915341,-0.00533952738318775
q;1556287272692;-0.14281303,0.22108309,0.039612606,0.9639282,
v;1556287272692;-0.297193995797402,0.448844141260027,0.013826889053527
q;1556287272722;-0.10393651,0.22739312,0.040119756,0.96740896,
v;1556287272722;-0.221142184133137,0.458270736893486,0.0311182329068884
q;1556287272752;-0.0678475,0.23633143,0.03983835,0.96848184,
v;1556287272752;-0.15081937015206,0.47524188657947,0.0456300755657085
q;1556287272781;-0.034467164,0.24945325,0.034599595,0.96715456,
v;1556287272781;-0.0840309709048255,0.502747362491992,0.0499272563460093
q;1556287272811;-0.0035233973,0.26568967,0.034221575,0.9634446,
v;1556287272811;-0.0249764308691985,0.537363725060142,0.0641328660402707
q;1556287272842;0.018704973,0.28299809,0.033277065,0.9583605,
v;1556287272842;0.0170183443569796,0.574901365438249,0.074449319505082
q;1556287272872;0.029618898,0.3011031,0.031022435,0.9526265,
v;1556287272872;0.0377585630565957,0.613736156829132,0.0770734366971061
q;1556287272902;0.03761088,0.3150257,0.033004355,0.94776314,
v;1556287272902;0.0505194580631544,0.643986362977403,0.0864753373503842
q;1556287272932;0.045782514,0.32042652,0.03432831,0.9455434,
v;1556287272932;0.0646242783832357,0.656529813142377,0.094595861136048
q;1556287272962;0.054711778,0.32061812,0.033380628,0.9450378,
v;1556287272962;0.0820967173844156,0.658214512103955,0.0986668721972418
