q;1556287313785;0.094923295,-0.39836428,0.028130306,0.9118685,
v;1556287313785;0.196795143797308,-0.826205228858804,-0.0248071365752448
q;1556287313819;0.08582074,-0.39845443,0.023620756,0.91285866,
v;1556287313819;0.17642175513939,-0.82539635239801,-0.0256676728318535
q;1556287313851;0.06880637,-0.39702526,0.013235449,0.9151292,
v;1556287313851;0.136869991656473,-0.82078358629836,-0.0307033612296717
q;1556287313884;0.0415712,-0.39305127,0.004821355,0.9185637,
v;1556287313884;0.0802477709131244,-0.809604427978371,-0.0239009670403498
q;1556287313917;0.007515667,-0.38683626,-0.0012128847,0.922117,
v;1556287313917;0.0129226327167175,-0.79447290075625,-0.0080522675710663
q;1556287313953;-0.04296686,-0.37708926,-0.0042937347,0.92516977,
v;1556287313953;-0.0828362247734725,-0.775080643122249,0.0245464409842226
q;1556287313988;-0.10571243,-0.3635835,-0.0052005365,0.92552954,
v;1556287313988;-0.200808461568597,-0.755556132731866,0.0686769993670278
q;1556287314025;-0.17031859,-0.34444082,-0.0052006487,0.92321455,
v;1556287314025;-0.323686564041271,-0.732799609796343,0.113873417223727
q;1556287314059;-0.21443854,-0.32566702,-0.0062224907,0.9208249,
v;1556287314059;-0.410397240773737,-0.709121444417688,0.140281594388711
q;1556287314090;-0.23666814,-0.30904445,-0.00450948,0.92111856,
v;1556287314090;-0.454247326551134,-0.683110393304013,0.154155025761626
q;1556287314123;-0.24353768,-0.28916308,-0.0014089502,0.9257819,
v;1556287314123;-0.468715155183949,-0.642699860810442,0.155573318136721
q;1556287314157;-0.23690438,-0.26348716,0.00950714,0.9350724,
v;1556287314157;-0.453412171232262,-0.586147693964826,0.159326133634734
q;1556287314190;-0.21313581,-0.23678213,0.015457473,0.94777024,
v;1556287314190;-0.407905394700244,-0.519129300561353,0.142354307614993
q;1556287314222;-0.18045707,-0.21307786,0.019472955,0.96002805,
v;1556287314222;-0.34499204064458,-0.458055676897019,0.121748465752823
q;1556287314256;-0.1388636,-0.19087912,0.027830165,0.97134316,
v;1556287314256;-0.26213584304327,-0.402735575476089,0.111093266950814
q;1556287314289;-0.08820004,-0.1705253,0.03497931,0.98077434,
v;1556287314289;-0.161783788993322,-0.352421450051602,0.10016756746317
q;1556287314324;-0.023093507,-0.15265171,0.04405875,0.98702735,
v;1556287314324;-0.0321420930995568,-0.308400035628275,0.0942128104728217
q;1556287314358;0.048598416,-0.13641486,0.05145001,0.9881205,
v;1556287314358;0.11030280840124,-0.269454482314062,0.0890769014746819
q;1556287314392;0.12063373,-0.11968121,0.056715563,0.9838228,
v;1556287314392;0.253651207366374,-0.231192449824909,0.0855596407950007
q;1556287314428;0.18525606,-0.10150756,0.056477472,0.9758006,
v;1556287314428;0.382252916028715,-0.192138857841533,0.0783401155909487
q;1556287314462;0.22694452,-0.08683847,0.05663808,0.9683736,
v;1556287314462;0.466060998363302,-0.160170752076188,0.0787504077567357
q;1556287314496;0.24984257,-0.073954456,0.058279622,0.96369755,
v;1556287314496;0.512279526065297,-0.130491827534739,0.0865828631198444
q;1556287314529;0.23937692,-0.06030804,0.053923722,0.96755046,
v;1556287314529;0.488976490870059,-0.103133006915252,0.0855983004637468
q;1556287314562;0.2110852,-0.05053302,0.04932127,0.9749138,
v;1556287314562;0.429662996757939,-0.0855825645550723,0.0824097348032522
q;1556287314595;0.18028554,-0.045904722,0.0514625,0.9811939,
v;1556287314595;0.366676539769107,-0.0766955617392385,0.0905740250876898
q;1556287314629;0.14264221,-0.040940296,0.04996451,0.9876642,
v;1556287314629;0.289899929896631,-0.0695733279666611,0.0909310451209964
q;1556287314662;0.10446981,-0.0351816,0.045287766,0.9928733,
v;1556287314662;0.212226699441947,-0.0618249130381031,0.0845752304615582
q;1556287314694;0.059203316,-0.028857866,0.03876113,0.9970756,
v;1556287314694;0.120589543809376,-0.0533701016360642,0.0744878934532988
q;1556287314726;0.0065749343,-0.021988714,0.032403648,0.9992114,
v;1556287314726;0.0145650426775126,-0.0435350105689833,0.0645186310218993
q;1556287314762;-0.06322609,-0.012651699,0.023654731,0.99763864,
v;1556287314762;-0.125887274423207,-0.0284638974556113,0.0492066693460659
q;1556287314794;-0.13319606,-0.005553809,0.014186174,0.9909726,
v;1556287314794;-0.266990450780266,-0.01533016827836,0.0306876416441299
q;1556287314827;-0.19587593,-0.0024756037,0.010803911,0.9805661,
v;1556287314827;-0.39421671462343,-0.00984252970428089,0.0240007609706614
q;1556287314860;-0.23926324,0.0007370153,0.012555143,0.9708733,
v;1556287314860;-0.483190851984918,-0.00516861007968338,0.0271357582513302
q;1556287314893;-0.24670467,0.0059720934,0.023129959,0.96879625,
v;1556287314893;-0.498705819125437,0.000180989708911795,0.0476947362162752
q;1556287314926;-0.22800377,0.011892447,0.030586591,0.97310704,
v;1556287314926;-0.460584357675366,0.0102676557066818,0.0604357968024211
q;1556287314961;-0.19897291,0.023594644,0.03793814,0.9789861,
v;1556287314961;-0.402123895857485,0.0338026300024019,0.0705760588852338
q;1556287314994;-0.16630657,0.035754256,0.050918695,0.9841093,
v;1556287314994;-0.337330056177448,0.0566576958563458,0.0937392605869306
q;1556287315025;-0.1327152,0.047383796,0.060718164,0.9881572,
v;1556287315025;-0.271359125002727,0.0805606740046512,0.111733533751595
q;1556287315055;-0.08853731,0.06358385,0.07110351,0.9914951,
v;1556287315055;-0.185675726844628,0.115738655387573,0.132393888407573
q;1556287315088;-0.031723753,0.08443825,0.082353294,0.9925129,
v;1556287315088;-0.0769559400354096,0.163597814193047,0.159257729763463
q;1556287315120;0.026625693,0.105544746,0.086147495,0.9903181,
v;1556287315120;0.0345578584668476,0.215423181146905,0.177279680304721
q;1556287315152;0.08066633,0.12661809,0.08627086,0.984895,
v;1556287315152;0.13748151150314,0.269072807874692,0.193379436249782
q;1556287315184;0.121856704,0.1468433,0.083481245,0.97806895,
v;1556287315184;0.21551566664868,0.320325473331031,0.20524113718082
q;1556287315217;0.15192755,0.16496766,0.07865586,0.971348,
v;1556287315217;0.27255987942111,0.365677589781802,0.212300213290956
q;1556287315250;0.16255659,0.17644143,0.07423284,0.96795315,
v;1556287315250;0.292658632489259,0.391903732484591,0.211575391759306
q;1556287315284;0.16120297,0.18744574,0.06979029,0.9664404,
v;1556287315284;0.289447070912783,0.413168574788681,0.20524596399499
q;1556287315317;0.15554997,0.19560127,0.066718765,0.96596736,
v;1556287315317;0.277978006811391,0.427458227696232,0.198626080062564
q;1556287315350;0.14726147,0.198207,0.06608819,0.96677834,
v;1556287315350;0.261510629559118,0.430013149490588,0.19392718749315
q;1556287315383;0.13851845,0.20042834,0.06331766,0.9677975,
v;1556287315383;0.245183470468582,0.431232007570578,0.184620567185383
q;1556287315413;0.12897262,0.19866148,0.062628895,0.96952426,
v;1556287315413;0.227148581353972,0.424594223480084,0.178178317305304
q;1556287315443;0.119948216,0.1943162,0.061867967,0.97161,
v;1556287315443;0.210595086400034,0.412943602189927,0.171446816987684
