q;1556055577245;-0.03552586,-0.14185688,-0.005562875,0.98923385,
v;1556055577245;-0.0719270337296117,-0.284826079055889,-0.000929195882662904
q;1556055577275;-0.042175453,-0.13407518,-0.0038339375,0.9900659,
v;1556055577275;-0.0846420577260566,-0.269361303417405,0.00373102704606413
q;1556055577306;-0.05056449,-0.11967958,-0.004885802,0.99151206,
v;1556055577306;-0.101614846474974,-0.240369377977745,0.00242693196956547
q;1556055577338;-0.058772463,-0.100568295,-0.0061914246,0.9931734,
v;1556055577338;-0.118263298968033,-0.201802703169156,-0.000480379093935183
q;1556055577370;-0.06333282,-0.075803556,-0.00591011,0.9950919,
v;1556055577370;-0.127283376341436,-0.151922401532552,-0.00217812107554843
q;1556055577403;-0.062243216,-0.048444036,-0.0044167186,0.99687487,
v;1556055577403;-0.12484941618922,-0.0969405866711499,-0.00279698047770422
q;1556055577435;-0.057840228,-0.022233965,-0.0026616948,0.9980747,
v;1556055577435;-0.115834963290055,-0.0443863346233386,-0.00275960186313684
q;1556055577468;-0.051920597,0.0031868166,-0.00125252,0.9986454,
v;1556055577468;-0.103879272034935,0.00653031111372456,-0.00284792537176881
q;1556055577501;-0.045538772,0.02645886,0.0009566194,0.9986117,
v;1556055577501;-0.0911277958535604,0.0530017549456025,-0.000501305404956145
q;1556055577533;-0.035112407,0.04403521,0.0035763115,0.99840635,
v;1556055577533;-0.0704862191808158,0.0880107567900684,0.00405894978867719
q;1556055577568;-0.021990817,0.056569368,0.0063637123,0.99813616,
v;1556055577568;-0.0446344605505566,0.113000614156683,0.0102260521852893
q;1556055577601;-0.008659171,0.06358433,0.007173843,0.9979131,
v;1556055577601;-0.018195492351782,0.127142291534119,0.0132191417819083
q;1556055577634;0.006228289,0.06469447,0.0068488815,0.99786216,
v;1556055577634;0.0115440347122352,0.129568478248052,0.0144758211613225
q;1556055577668;0.02222976,0.0600822,0.0069001317,0.99792206,
v;1556055577668;0.0435517521284664,0.120627919531547,0.0164591625124613
q;1556055577703;0.037528884,0.052602723,0.0068003135,0.99788696,
v;1556055577703;0.0742519486330455,0.105983337744437,0.0175694437202838
q;1556055577735;0.05036396,0.04361428,0.006250638,0.9977586,
v;1556055577735;0.100124118486209,0.0882182860302964,0.0169521394769757
q;1556055577767;0.061042342,0.03116106,0.004773644,0.9976372,
v;1556055577767;0.121799648153082,0.0632682594959305,0.0134289053184798
q;1556055577799;0.07603306,0.014753276,0.002701329,0.99699247,
v;1556055577799;0.152115022427222,0.0301816332098416,0.00771909244811432
q;1556055577832;0.08941961,-0.004478476,0.0051718866,0.99597055,
v;1556055577832;0.179121218370341,-0.0081260234096029,0.00965580059036578
q;1556055577865;0.09984307,-0.02578729,0.004213845,0.9946601,
v;1556055577865;0.200171248963833,-0.0515085437889381,0.00329920517866249
q;1556055577897;0.10641763,-0.052169338,0.0024032884,0.99294907,
v;1556055577897;0.213196729239121,-0.1056761737365,-0.00647748626943031
q;1556055577929;0.1132972,-0.07827025,0.0014797216,0.99047226,
v;1556055577929;0.226601392979454,-0.159447417534399,-0.0151933323176373
q;1556055577961;0.12065071,-0.1068028,-0.00014514144,0.98693293,
v;1556055577961;0.240426946840576,-0.218836298950334,-0.0268331008738596
q;1556055577994;0.12430547,-0.14024012,-0.0010851087,0.98228294,
v;1556055577994;0.246387270153674,-0.288347862956851,-0.0381583616322081
q;1556055578026;0.12719078,-0.17487301,-0.003623989,0.9763344,
v;1556055578026;0.249680100523692,-0.361147263603615,-0.0532360511037968
q;1556055578059;0.12841171,-0.21192406,-0.0056969533,0.96879625,
v;1556055578059;0.248958727302617,-0.439176806712092,-0.0675994457903344
q;1556055578094;0.12654963,-0.2482765,-0.0065004975,0.9603654,
v;1556055578094;0.242200965713298,-0.515424520469736,-0.0776669951366355
q;1556055578129;0.12231619,-0.28063232,-0.012251981,0.9519108,
v;1556055578129;0.227960851791254,-0.584209127549464,-0.0945609165773225
q;1556055578163;0.11414486,-0.31129515,-0.017230768,0.94327587,
v;1556055578163;0.206067790043993,-0.648493630233925,-0.106009295284736
q;1556055578194;0.102774374,-0.33715487,-0.020755023,0.9355925,
v;1556055578194;0.179273285614739,-0.701664949861549,-0.11012198734157
q;1556055578228;0.089488916,-0.36367545,-0.02829068,0.92678565,
v;1556055578228;0.145812984470427,-0.756590688305837,-0.119070373119869
q;1556055578261;0.07597254,-0.38445932,-0.03485679,0.9193499,
v;1556055578261;0.113129816769776,-0.79917852407148,-0.123610572686534
q;1556055578297;0.05928059,-0.40378976,-0.04200557,0.9119623,
v;1556055578297;0.0742687453517411,-0.838306788195515,-0.125159416162279
q;1556055578334;0.04288366,-0.41409183,-0.04863403,0.90792274,
v;1556055578334;0.0376010508901164,-0.858147767559574,-0.124234346846381
q;1556055578364;0.030611197,-0.41807273,-0.05381349,0.90630144,
v;1556055578364;0.0104902308906121,-0.865063255811675,-0.123458059461041
q;1556055578394;0.013773103,-0.41682583,-0.05578891,0.9071682,
v;1556055578394;-0.0215211365645958,-0.860202351385928,-0.112968050419364
q;1556055578425;-1.2663027e-05,-0.41166368,-0.06042829,0.9093302,
v;1556055578425;-0.049795870881709,-0.847463716852188,-0.110247693598662
q;1556055578457;-0.013157786,-0.40239835,-0.064327255,0.9131071,
v;1556055578457;-0.0758720710579823,-0.826091655725719,-0.107400749219142
q;1556055578488;-0.026264504,-0.38752636,-0.06778754,0.9189877,
v;1556055578488;-0.100983977132498,-0.792815464355119,-0.104961828637198
q;1556055578518;-0.037139557,-0.3686042,-0.07441311,0.9258587,
v;1556055578518;-0.12394705378545,-0.75084592979012,-0.111496916423099
q;1556055578549;-0.04919735,-0.3512849,-0.078029215,0.93171346,
v;1556055578549;-0.147025763045751,-0.712822528813026,-0.112281790856335
q;1556055578580;-0.061502237,-0.3342684,-0.07964821,0.93709034,
v;1556055578580;-0.16932197975071,-0.67593788408498,-0.109949210080402
q;1556055578611;-0.072416544,-0.31333113,-0.08402047,0.9431437,
v;1556055578611;-0.190399175667071,-0.630460646949825,-0.11544387561071
q;1556055578642;-0.08337041,-0.29228905,-0.087709635,0.94864297,
v;1556055578642;-0.211013102727877,-0.584975418579137,-0.120635430418433
q;1556055578673;-0.09327009,-0.27231875,-0.08869124,0.95356023,
v;1556055578673;-0.228156180733906,-0.542381134360403,-0.121795924090502
q;1556055578706;-0.100726105,-0.25102276,-0.09007172,0.9585035,
v;1556055578706;-0.240628177216103,-0.497016013800431,-0.126054816289004
q;1556055578745;-0.10867951,-0.22547355,-0.089774705,0.9639974,
v;1556055578745;-0.252697991401124,-0.443182989985618,-0.128499539569708
q;1556055578776;-0.1110879,-0.20530277,-0.08889045,0.968302,
v;1556055578776;-0.254366334011966,-0.401069152377838,-0.131114435116295
q;1556055578806;-0.11052385,-0.18316308,-0.08713229,0.9729562,
v;1556055578806;-0.249571303757198,-0.355371430853841,-0.133587451294543
q;1556055578837;-0.110299245,-0.16002798,-0.083263,0.97739065,
v;1556055578837;-0.244694277786695,-0.308356031344376,-0.131753271936689
q;1556055578867;-0.11051134,-0.13865852,-0.080611415,0.980848,
v;1556055578867;-0.241484765119546,-0.264871105951839,-0.13167836719371
q;1556055578898;-0.11016068,-0.11812829,-0.078327976,0.9837556,
v;1556055578898;-0.237473588930573,-0.22322339115079,-0.132167889165781
q;1556055578929;-0.108652405,-0.09913949,-0.07406408,0.9863471,
v;1556055578929;-0.231074215567054,-0.185438985314559,-0.128315265725571
q;1556055578961;-0.10647204,-0.080604166,-0.06834727,0.98868364,
v;1556055578961;-0.223406225585652,-0.149072383167932,-0.121287421690533
q;1556055578998;-0.10261095,-0.059955135,-0.06520615,0.9907697,
v;1556055578998;-0.212747784157524,-0.108063548344085,-0.11988790782817
q;1556055579028;-0.09961543,-0.044912558,-0.061656058,0.99209785,
v;1556055579028;-0.204619661313973,-0.0785492479943367,-0.116066033628174
q;1556055579058;-0.09468565,-0.03142497,-0.05787746,0.9933264,
v;1556055579058;-0.192939938378452,-0.0524673412334488,-0.111322572923854
q;1556055579089;-0.08913142,-0.018284235,-0.054389678,0.99436563,
v;1556055579089;-0.180221396422708,-0.0271090958307857,-0.10683722313643
q;1556055579119;-0.0837421,-0.005718986,-0.051968604,0.995115,
v;1556055579119;-0.168050321315191,-0.00271644802964063,-0.104123851023858
q;1556055579149;-0.07886224,0.0044607986,-0.049089763,0.99566615,
v;1556055579149;-0.157250237009278,0.0168340799149951,-0.0998534415578345
q;1556055579179;-0.073436685,0.01323657,-0.0459303,0.9961538,
v;1556055579179;-0.145606508036772,0.0334777018682224,-0.0945918547271549
q;1556055579209;-0.06813818,0.022072757,-0.043128286,0.9964988,
v;1556055579209;-0.134298649537043,0.0503426998202799,-0.0898919231946171
q;1556055579239;-0.063599266,0.027386365,-0.040630583,0.99677193,
v;1556055579239;-0.124886862962037,0.0602696613425575,-0.0852487053856921
q;1556055579272;-0.05805706,0.027784105,-0.03890335,0.997168,
v;1556055579272;-0.113869412216815,0.0603553368771315,-0.081429200042913
q;1556055579304;-0.050055154,0.025143638,-0.03567501,0.99779236,
v;1556055579304;-0.0982533099924685,0.0540344665384474,-0.0741347530848617
q;1556055579336;-0.042925317,0.01972788,-0.031659782,0.9983817,
v;1556055579336;-0.084563289772101,0.0422735236626147,-0.0651896880942991
