q;1556055613030;0.0057642325,0.0009907818,0.0022363167,0.9999804,
v;1556055613030;0.0115240627102665,0.00200744070496129,0.00448428071953144
q;1556055613061;0.002599968,0.012401607,0.0027936862,0.99991584,
v;1556055613061;0.00513022848064526,0.024818527907574,0.00565149418455792
q;1556055613091;4.8901853e-05,0.025466744,0.0021451935,0.99967337,
v;1556055613091;-1.14904270146716e-05,0.0509390879261728,0.00429148954575121
q;1556055613121;-0.0004730188,0.04170052,0.0023392863,0.9991273,
v;1556055613121;-0.00114031115039046,0.0834228250588928,0.00463505895973425
q;1556055613152;0.0018564073,0.059473928,0.002414901,0.9982252,
v;1556055613152;0.00341898446125246,0.119027261362812,0.00504209656909268
q;1556055613183;0.008686792,0.0759724,0.0030484705,0.99706745,
v;1556055613183;0.0168602346472856,0.152160194780888,0.00740009359697293
q;1556055613213;0.021177694,0.09051915,0.0038301533,0.99566215,
v;1556055613213;0.0414901549668326,0.181566565243678,0.0114711744309874
q;1556055613243;0.03923367,0.10174182,0.0043797316,0.99402726,
v;1556055613243;0.0771840842841618,0.204642334901458,0.0167411768926924
q;1556055613274;0.057509176,0.109345816,0.008323596,0.99230385,
v;1556055613274;0.112550325553111,0.221152078911821,0.0292852987320047
q;1556055613304;0.07569649,0.11382248,0.010227299,0.9905604,
v;1556055613304;0.148177346065521,0.231625571348373,0.037917937186394
q;1556055613335;0.09705854,0.11566623,0.010287123,0.9884812,
v;1556055613335;0.190654258073651,0.237137664131136,0.0435934962229629
q;1556055613366;0.119399585,0.11509894,0.012552146,0.98607224,
v;1556055613366;0.234733451570268,0.238735479900253,0.0537390488821427
q;1556055613397;0.143546,0.11119471,0.012364707,0.98329926,
v;1556055613397;0.283322861507693,0.233570721989856,0.0586083421248584
q;1556055613429;0.16755213,0.101308145,0.012197968,0.98056835,
v;1556055613429;0.332197449134567,0.216173231025999,0.061255861126477
q;1556055613460;0.19115491,0.08776007,0.010318034,0.97757435,
v;1556055613460;0.381082197986,0.190239163340222,0.0579091102336267
q;1556055613495;0.2158947,0.0688661,0.007006929,0.9739599,
v;1556055613495;0.432983101988066,0.151697611288656,0.0478134351267379
q;1556055613526;0.23345657,0.049253464,0.004069501,0.9711105,
v;1556055613526;0.470153772602426,0.109654688010309,0.0346687581818045
q;1556055613557;0.25153175,0.025051665,-0.0022223522,0.9675222,
v;1556055613557;0.508464361234934,0.054243507966878,0.00950477200708675
q;1556055613589;0.2697208,-0.0038596073,-0.006574431,0.9629084,
v;1556055613589;0.546127712635697,-0.0128486589000816,-0.0172535835319867
q;1556055613620;0.28447998,-0.034686226,-0.011643344,0.95798355,
v;1556055613620;0.575490745427187,-0.0872247083540181,-0.0501367114368022
q;1556055613651;0.2978581,-0.06447123,-0.02082749,0.95220286,
v;1556055613651;0.599896588996716,-0.164525631522376,-0.0947273986349351
q;1556055613681;0.308413,-0.09447391,-0.028053453,0.9461338,
v;1556055613681;0.616642493531983,-0.242714470049238,-0.136925660446016
q;1556055613712;0.3133466,-0.12523915,-0.03150822,0.9408169,
v;1556055613712;0.620831166532319,-0.319395542741965,-0.170201248746424
q;1556055613743;0.31399223,-0.15433045,-0.035737522,0.9361164,
v;1556055613743;0.614849726353148,-0.391091367853869,-0.201925267003711
q;1556055613773;0.30858907,-0.18271688,-0.04287226,0.93249625,
v;1556055613773;0.594203950724799,-0.45915503142531,-0.234743013895103
q;1556055613805;0.297875,-0.20981371,-0.051315952,0.92984694,
v;1556055613805;0.561460130135646,-0.520221020055183,-0.263443143669307
q;1556055613836;0.28042385,-0.23579298,-0.05788889,0.92866194,
v;1556055613836;0.516153409819667,-0.571475408994755,-0.279293267246787
q;1556055613867;0.25948358,-0.26018417,-0.06473278,0.9277835,
v;1556055613867;0.464308122144028,-0.615693693032467,-0.289374616782406
q;1556055613898;0.23496228,-0.2823076,-0.07434035,0.92712927,
v;1556055613898;0.404660957204628,-0.652868081901823,-0.298698374886062
q;1556055613946;0.1917269,-0.31540355,-0.08295001,0.9256785,
v;1556055613946;0.307450300594914,-0.702365745557474,-0.292156959818283
q;1556055613984;0.15548025,-0.33844012,-0.090149626,0.9236651,
v;1556055613984;0.228177727853312,-0.73505251612533,-0.282762495358515
q;1556055614017;0.11983867,-0.35662,-0.096100576,0.92153436,
v;1556055614017;0.152923466921241,-0.759199855079122,-0.268924096282323
q;1556055614048;0.08782289,-0.37046236,-0.10368082,0.91885537,
v;1556055614048;0.0846745322870171,-0.77753814690326,-0.259424723597691
q;1556055614078;0.059209842,-0.38159382,-0.10738041,0.91616035,
v;1556055614078;0.0265431341147029,-0.792583198431121,-0.24445629652237
q;1556055614109;0.03178807,-0.3880327,-0.107420795,0.91481197,
v;1556055614109;-0.0252080179914585,-0.799504966164098,-0.223126383208113
q;1556055614140;0.0036035536,-0.39143026,-0.106085725,0.91406524,
v;1556055614140;-0.076537263058787,-0.801576344739605,-0.198641105977635
q;1556055614170;-0.022316642,-0.38955596,-0.10592117,0.9146195,
v;1556055614170;-0.123661855213634,-0.794210432178727,-0.178674316916941
q;1556055614232;-0.06927029,-0.36975622,-0.10518032,0.9205537,
v;1556055614232;-0.206786777951231,-0.748705211760669,-0.146040846861336
q;1556055614278;-0.096816614,-0.34534228,-0.106731564,0.92734766,
v;1556055614278;-0.256072584719382,-0.69544968085259,-0.135921386304969
q;1556055614316;-0.11753249,-0.3217873,-0.10571738,0.93352175,
v;1556055614316;-0.291589813395839,-0.645156475374293,-0.127448042780398
q;1556055614347;-0.13047595,-0.3014843,-0.10447684,0.9387054,
v;1556055614347;-0.313040940921919,-0.601968601061956,-0.123789595983183
q;1556055614376;-0.14190613,-0.28033477,-0.103950486,0.94364685,
v;1556055614376;-0.332175543618567,-0.55678532134834,-0.12368155122939
q;1556055614407;-0.1520881,-0.25832438,-0.10160062,0.9485858,
v;1556055614407;-0.348011361965869,-0.510327692672632,-0.121759435030392
q;1556055614438;-0.15930752,-0.23679979,-0.09950484,0.9532291,
v;1556055614438;-0.358466453447991,-0.464792047475097,-0.122314001640639
q;1556055614468;-0.16310096,-0.2131748,-0.09638459,0.9584699,
v;1556055614468;-0.36157544882248,-0.415096365936531,-0.123504604518269
q;1556055614499;-0.1620715,-0.18786627,-0.09169674,0.96438104,
v;1556055614499;-0.354424628302883,-0.362561697887141,-0.123968307168848
q;1556055614530;-0.16036598,-0.16336519,-0.08708298,0.9695417,
v;1556055614530;-0.346295615384817,-0.312120781409002,-0.124133356361455
q;1556055614562;-0.15750517,-0.13428426,-0.08023326,0.97505003,
v;1556055614562;-0.33492566831947,-0.253210393254213,-0.121174929561404
q;1556055614596;-0.15196213,-0.10343805,-0.07546409,0.9800578,
v;1556055614596;-0.318850343443412,-0.190509869551037,-0.122973403637481
q;1556055614629;-0.14585862,-0.069975466,-0.07236027,0.9841711,
v;1556055614629;-0.301786627149383,-0.122452916377099,-0.128142436183542
q;1556055614659;-0.1383682,-0.037138827,-0.07305945,0.98698395,
v;1556055614659;-0.282295550443514,-0.0553089312375279,-0.139915409404482
q;1556055614689;-0.13228928,-0.007375472,-0.06909386,0.9887726,
v;1556055614689;-0.265744006134562,0.00382987234231526,-0.140041921894423
q;1556055614720;-0.12452509,0.019186145,-0.063486055,0.98999745,
v;1556055614720;-0.246615163179066,0.0555067135736473,-0.134960654489776
q;1556055614751;-0.11644205,0.0400608,-0.059575416,0.9905994,
v;1556055614751;-0.227888963811722,0.0958640625013022,-0.131115850909422
q;1556055614781;-0.10836397,0.056551907,-0.053178214,0.9910758,
v;1556055614781;-0.210326440559915,0.126744341378939,-0.120607247537844
q;1556055614812;-0.098416544,0.07096027,-0.04585887,0.99155223,
v;1556055614812;-0.189799471913021,0.153083719985695,-0.107032924071156
q;1556055614843;-0.0885659,0.08099631,-0.042352397,0.9918679,
v;1556055614843;-0.169643087459764,0.171465524685442,-0.099961937964603
q;1556055614874;-0.078915946,0.0879164,-0.038140744,0.9922642,
v;1556055614874;-0.150471723353439,0.183584705739028,-0.090715406486196
q;1556055614905;-0.06901328,0.091196544,-0.033558156,0.9928717,
v;1556055614905;-0.131298816204927,0.188450774794002,-0.0799985720782589
q;1556055614937;-0.060149003,0.09141091,-0.03012058,0.9935386,
v;1556055614937;-0.114262484507022,0.187578062140789,-0.0713740773607976
q;1556055614968;-0.051977534,0.0902913,-0.028356742,0.9941538,
v;1556055614968;-0.098385237407184,0.184404768995148,-0.0661359614521457
q;1556055614998;-0.04152808,0.0870856,-0.027370911,0.9949585,
v;1556055614998;-0.0779491213053931,0.177024307401396,-0.0619263277367958
q;1556055615028;-0.02944524,0.082625814,-0.024411116,0.99584645,
v;1556055615028;-0.0546390815804959,0.16702646297464,-0.0535909063677963
q;1556055615058;-0.01975633,0.07774001,-0.022657642,0.99652034,
v;1556055615058;-0.0358600439126179,0.156573472817589,-0.0482790967053977
q;1556055615088;-0.010189682,0.07217558,-0.024260052,0.9970448,
v;1556055615088;-0.0168179650543754,0.144946412408364,-0.0498753355010001
