q;1556055622670;-0.0073114526,-0.079341225,0.0034829567,0.99681467,
v;1556055622670;-0.0140241020138582,-0.158911469890053,0.008104809596364
q;1556055622700;-0.008965375,-0.0704043,0.004157494,0.9974696,
v;1556055622700;-0.0173008301847072,-0.141014764476078,0.00955792555714973
q;1556055622731;-0.010691883,-0.06152525,0.004661925,0.9980374,
v;1556055622731;-0.0207696392470386,-0.12324698504376,0.0106236836817605
q;1556055622762;-0.012286933,-0.052916855,0.0061106784,0.99850464,
v;1556055622762;-0.0238926766220463,-0.106054523838094,0.0135077191458757
q;1556055622793;-0.013122659,-0.040176425,0.006536255,0.99908507,
v;1556055622793;-0.0256989273048128,-0.0805645769188089,0.0141201241200615
q;1556055622824;-0.012404928,-0.025935352,0.0070530577,0.9995618,
v;1556055622824;-0.0244355689145146,-0.0520620102577747,0.0147483238127631
q;1556055622856;-0.009949598,-0.0096799135,0.008667417,0.9998661,
v;1556055622856;-0.0197300118404417,-0.0195347535711818,0.0175294446807548
q;1556055622896;0.0029214893,0.017897028,0.007985615,0.9998037,
v;1556055622896;0.00555602265792191,0.0358419160102292,0.0160736070017639
q;1556055622949;0.033968154,0.05119649,0.0102868145,0.9980578,
v;1556055622949;0.0668007346721854,0.103306614100753,0.0240677690238322
q;1556055622985;0.062710874,0.06943463,0.008324776,0.9955787,
v;1556055622985;0.124028913853507,0.14084291110628,0.0254830426359967
q;1556055623015;0.0931059,0.08051011,0.005333896,0.99238145,
v;1556055623015;0.184987524592784,0.164316003012634,0.0260253697635671
q;1556055623046;0.12593313,0.08432986,0.0051132347,0.98843473,
v;1556055623046;0.250709109467389,0.174299817293826,0.0323653642712707
q;1556055623076;0.15853953,0.08064251,0.0030771587,0.984049,
v;1556055623076;0.316797506337821,0.168851820783211,0.0332885496600865
q;1556055623106;0.18960918,0.07042281,-0.00027747647,0.9793309,
v;1556055623106;0.380537248068986,0.148999174171954,0.0281815649493283
q;1556055623136;0.21641761,0.054029997,-0.0008708067,0.9748043,
v;1556055623136;0.435676423383292,0.116035852602819,0.0239254211008664
q;1556055623167;0.23900262,0.033515166,-0.001884026,0.97043854,
v;1556055623167;0.482506521100521,0.0724790336096665,0.0139576421970822
q;1556055623197;0.2573093,0.010509438,-0.007517425,0.96624273,
v;1556055623197;0.520604321416898,0.0189525743700441,-0.0105117383811657
q;1556055623227;0.27351987,-0.016724393,-0.014941558,0.9616049,
v;1556055623227;0.553345380291619,-0.0474314041172793,-0.0445445153955996
q;1556055623258;0.28877315,-0.04885219,-0.022356264,0.955889,
v;1556055623258;0.582227564680519,-0.1276225619697,-0.0850536987968315
q;1556055623293;0.30303305,-0.090215355,-0.034288652,0.9480804,
v;1556055623293;0.604575246951192,-0.235342373156144,-0.145998763415464
q;1556055623346;0.3135065,-0.15771471,-0.053927302,0.93484306,
v;1556055623346;0.605469883946729,-0.411246459246467,-0.24534860574185
q;1556055623395;0.3059345,-0.21970826,-0.07317938,0.92345935,
v;1556055623395;0.56200032603586,-0.56149953618103,-0.324242959417326
q;1556055623441;0.28696933,-0.27190265,-0.089993075,0.91412187,
v;1556055623441;0.495772368921956,-0.673681620710673,-0.373059126079369
q;1556055623475;0.26860029,-0.30688828,-0.10322393,0.90720356,
v;1556055623475;0.437850644728855,-0.742384795158901,-0.399362574430022
q;1556055623508;0.24251895,-0.3375668,-0.111796245,0.90262663,
v;1556055623508;0.370767325244692,-0.79234187587584,-0.403025930156735
q;1556055623559;0.18885009,-0.3737908,-0.125264,0.89940256,
v;1556055623559;0.248612594615899,-0.836821694207111,-0.387777805914026
q;1556055623606;0.13334171,-0.40144497,-0.13630597,0.89581394,
v;1556055623606;0.129824410865978,-0.866400704926966,-0.362111325635806
q;1556055623640;0.08974976,-0.42037684,-0.14531073,0.89113027,
v;1556055623640;0.0377959228682835,-0.888074448283206,-0.341263546890914
q;1556055623671;0.050656207,-0.43405718,-0.15389833,0.88619614,
v;1556055623671;-0.0438327146998626,-0.90377199918508,-0.322615405692638
q;1556055623703;0.012737357,-0.44437802,-0.16069785,0.8812163,
v;1556055623703;-0.120665053463382,-0.91579386624802,-0.301231913459166
q;1556055623734;-0.022278557,-0.4515965,-0.16202627,0.8771042,
v;1556055623734;-0.186501520667889,-0.925343515314425,-0.272112395636704
q;1556055623764;-0.057714522,-0.4556248,-0.15934916,0.87388957,
v;1556055623764;-0.248632866609137,-0.931672513385396,-0.235245916484641
q;1556055623794;-0.089864284,-0.4511786,-0.15941907,0.8734689,
v;1556055623794;-0.305573608211249,-0.921357752816317,-0.208502060374548
q;1556055623824;-0.11763454,-0.44287348,-0.1578553,0.8747039,
v;1556055623824;-0.352889440589071,-0.904420134298221,-0.184292599233244
q;1556055623854;-0.14451437,-0.42688838,-0.14966457,0.88004684,
v;1556055623854;-0.392109821983737,-0.873002689057587,-0.152128051745783
q;1556055623884;-0.16537292,-0.40463334,-0.14688103,0.8873272,
v;1556055623884;-0.425027355623731,-0.825503014519944,-0.139672626267811
q;1556055623915;-0.18451478,-0.37961715,-0.14427868,0.8950021,
v;1556055623915;-0.455402194365705,-0.771684426877083,-0.131962190773941
q;1556055623945;-0.20098907,-0.35173458,-0.14145915,0.90325826,
v;1556055623945;-0.480928131796144,-0.710977923601237,-0.129123527986508
q;1556055623975;-0.21315823,-0.32251346,-0.13980679,0.9115935,
v;1556055623975;-0.499294696124743,-0.645849803056435,-0.134128184216316
q;1556055624005;-0.22271739,-0.29127157,-0.13672295,0.92025256,
v;1556055624005;-0.511584518410117,-0.576337211466926,-0.140254111471677
q;1556055624035;-0.22658162,-0.25933105,-0.13370724,0.9292635,
v;1556055624035;-0.512614006638437,-0.504686765588911,-0.150869345481039
q;1556055624068;-0.22394711,-0.22346433,-0.12785362,0.9399813,
v;1556055624068;-0.498551250063585,-0.425885208404714,-0.160399353391344
q;1556055624099;-0.21747097,-0.19017321,-0.120199464,0.9497856,
v;1556055624099;-0.476665610348008,-0.355148100372353,-0.164623557968681
q;1556055624129;-0.20846523,-0.15699409,-0.1117323,0.9588592,
v;1556055624129;-0.44988305556045,-0.286509458630892,-0.16602070330536
q;1556055624160;-0.1952364,-0.1173896,-0.10355167,0.96818364,
v;1556055624160;-0.414094530245737,-0.205572822101995,-0.169771017418665
q;1556055624190;-0.18169995,-0.07787966,-0.0998228,0.97516936,
v;1556055624190;-0.378928055291434,-0.124767418495649,-0.18006267763815
q;1556055624221;-0.16831236,-0.043338474,-0.09572108,0.98011744,
v;1556055624221;-0.345033889766351,-0.0560632864836903,-0.184936799969012
q;1556055624251;-0.15388404,-0.01181159,-0.0861543,0.9842549,
v;1556055624251;-0.309893781563859,0.00342758909444826,-0.175155349268162
q;1556055624281;-0.1384462,0.015311781,-0.078249745,0.98715514,
v;1556055624281;-0.274368872565937,0.0539396791787261,-0.16565330126356
q;1556055624312;-0.1208482,0.0390897,-0.07104666,0.98935336,
v;1556055624312;-0.235746353616682,0.0973612508605618,-0.154915012425329
q;1556055624343;-0.103254184,0.05881492,-0.062908985,0.9909197,
v;1556055624343;-0.198534913958171,0.132536490602905,-0.140019845872391
q;1556055624373;-0.08757599,0.070811324,-0.05814416,0.99193525,
v;1556055624373;-0.16626994287278,0.153372024457121,-0.129904767744379
q;1556055624402;-0.071586385,0.07867888,-0.048534285,0.99314123,
v;1556055624402;-0.134962885926179,0.165479423937382,-0.10887049260427
q;1556055624432;-0.055304613,0.085631296,-0.03871693,0.9940371,
v;1556055624432;-0.103503619192308,0.176375889810557,-0.0870186321874691
q;1556055624462;-0.041528262,0.089492775,-0.03363568,0.99455273,
v;1556055624462;-0.0766588519198533,0.182345606572701,-0.0746260826701107
q;1556055624493;-0.029697688,0.09340562,-0.026720183,0.9948264,
v;1556055624493;-0.0541228772566485,0.188826786325575,-0.0588317776567639
q;1556055624523;-0.018831437,0.095658004,-0.023862729,0.99495,
v;1556055624523;-0.0329132965260645,0.192539656051513,-0.0511371677371317
q;1556055624553;-0.010044585,0.09417958,-0.0224586,0.99525124,
v;1556055624553;-0.0157641412337747,0.18906354910728,-0.0466185630242877
q;1556055624583;-0.00023154917,0.08999647,-0.020459717,0.9957319,
v;1556055624583;0.00322148839651442,0.180208922846025,-0.0407979915585677
q;1556055624613;0.010876554,0.08407617,-0.018855315,0.99622154,
v;1556055624613;0.0248440357426259,0.167946815034736,-0.0357578759850941
q;1556055624643;0.02228438,0.07751288,-0.01761617,0.99658656,
v;1556055624643;0.0471650722061827,0.154496469399782,-0.0316979757973398
q;1556055624673;0.032509807,0.07161877,-0.01709024,0.99675566,
v;1556055624673;0.0673074410802423,0.142464543599374,-0.0294839843370246
q;1556055624702;0.04261217,0.068252094,-0.016666956,0.99661833,
v;1556055624702;0.0873221807129815,0.135551769068286,-0.027512733554998
